#
# There is insufficient memory for the Java Runtime Environment to continue.
# Native memory allocation (mmap) failed to map 65536 bytes for Failed to commit metaspace.
# Possible reasons:
#   The system is out of physical RAM or swap space
#   The process is running with CompressedOops enabled, and the Java Heap may be blocking the growth of the native heap
# Possible solutions:
#   Reduce memory load on the system
#   Increase physical memory or swap space
#   Check if swap backing store is full
#   Decrease Java heap size (-Xmx/-Xms)
#   Decrease number of Java threads
#   Decrease Java thread stack sizes (-Xss)
#   Set larger code cache with -XX:ReservedCodeCacheSize=
#   JVM is running with Unscaled Compressed Oops mode in which the Java heap is
#     placed in the first 4GB address space. The Java Heap base address is the
#     maximum limit for the native heap growth. Please use -XX:HeapBaseMinAddress
#     to set the Java Heap base and to place the Java Heap above 4GB virtual address.
# This output file may be truncated or incomplete.
#
#  Out of Memory Error (virtualSpaceNode.cpp:110), pid=5364, tid=13884
#
# JRE version: OpenJDK Runtime Environment Temurin-17.0.7+7 (17.0.7+7) (build 17.0.7+7)
# Java VM: OpenJDK 64-Bit Server VM Temurin-17.0.7+7 (17.0.7+7, mixed mode, tiered, compressed oops, compressed class ptrs, parallel gc, windows-amd64)
# No core dump will be written. Minidumps are not enabled by default on client versions of Windows
#

---------------  S U M M A R Y ------------

Command Line: --add-modules=ALL-SYSTEM --add-opens=java.base/java.util=ALL-UNNAMED --add-opens=java.base/java.lang=ALL-UNNAMED --add-opens=java.base/sun.nio.fs=ALL-UNNAMED -Declipse.application=org.eclipse.jdt.ls.core.id1 -Dosgi.bundles.defaultStartLevel=4 -Declipse.product=org.eclipse.jdt.ls.core.product -Djava.import.generatesMetadataFilesAtProjectRoot=false -Dfile.encoding=utf8 -XX:+UseParallelGC -XX:GCTimeRatio=4 -XX:AdaptiveSizePolicyWeight=90 -Dsun.zip.disableMemoryMapping=true -Xmx1G -Xms100m -Xlog:disable -javaagent:c:\Users\Administrator\.vscode\extensions\redhat.java-1.18.0-win32-x64\lombok\lombok-1.18.27.jar -XX:+HeapDumpOnOutOfMemoryError -XX:HeapDumpPath=c:\Users\Administrator\AppData\Roaming\Code\User\workspaceStorage\0b4fc39f22b7432ed661c19a9ed79657\redhat.java -Daether.dependencyCollector.impl=bf c:\Users\Administrator\.vscode\extensions\redhat.java-1.18.0-win32-x64\server\plugins\org.eclipse.equinox.launcher_1.6.400.v20210924-0641.jar -configuration c:\Users\Administrator\AppData\Roaming\Code\User\globalStorage\redhat.java\1.18.0\config_win -data c:\Users\Administrator\AppData\Roaming\Code\User\workspaceStorage\0b4fc39f22b7432ed661c19a9ed79657\redhat.java\jdt_ws

Host: Intel(R) Core(TM) i5-10400F CPU @ 2.90GHz, 12 cores, 7G,  Windows 10 , 64 bit Build 19041 (10.0.19041.1566)
Time: Thu Jun  1 19:30:46 2023  Windows 10 , 64 bit Build 19041 (10.0.19041.1566) elapsed time: 6169.182370 seconds (0d 1h 42m 49s)

---------------  T H R E A D  ---------------

Current thread (0x0000026170b5c7b0):  JavaThread "Framework stop - Equinox Container: 8d4860bb-8f0f-4965-b9ea-730ffeb06b1a" [_thread_in_vm, id=13884, stack(0x000000c3f1400000,0x000000c3f1500000)]

Stack: [0x000000c3f1400000,0x000000c3f1500000]
Native frames: (J=compiled Java code, j=interpreted, Vv=VM code, C=native code)
V  [jvm.dll+0x67754a]
V  [jvm.dll+0x834304]
V  [jvm.dll+0x835aae]
V  [jvm.dll+0x836113]
V  [jvm.dll+0x24696f]
V  [jvm.dll+0x83039b]
V  [jvm.dll+0x61c006]
V  [jvm.dll+0x1c169e]
V  [jvm.dll+0x61e961]
V  [jvm.dll+0x61c9a6]
V  [jvm.dll+0x23c306]
V  [jvm.dll+0x1ebe5d]
V  [jvm.dll+0x1e1891]
V  [jvm.dll+0x53ea50]
V  [jvm.dll+0x7afdad]
V  [jvm.dll+0x7afd0a]
V  [jvm.dll+0x40e4a4]
V  [jvm.dll+0x421c7b]
C  [java.dll+0x1657]

Java frames: (J=compiled Java code, j=interpreted, Vv=VM code)
J 7978  java.lang.ClassLoader.defineClass0(Ljava/lang/ClassLoader;Ljava/lang/Class;Ljava/lang/String;[BIILjava/security/ProtectionDomain;ZILjava/lang/Object;)Ljava/lang/Class; java.base@17.0.7 (0 bytes) @ 0x000002615d7d8d09 [0x000002615d7d8c20+0x00000000000000e9]
J 6112 c1 java.lang.System$2.defineClass(Ljava/lang/ClassLoader;Ljava/lang/Class;Ljava/lang/String;[BLjava/security/ProtectionDomain;ZILjava/lang/Object;)Ljava/lang/Class; java.base@17.0.7 (21 bytes) @ 0x0000026155c504ec [0x0000026155c50440+0x00000000000000ac]
J 6111 c1 java.lang.invoke.MethodHandles$Lookup$ClassDefiner.defineClass(ZLjava/lang/Object;)Ljava/lang/Class; java.base@17.0.7 (97 bytes) @ 0x000002615635a9cc [0x0000026156359ec0+0x0000000000000b0c]
j  java.lang.invoke.InvokerBytecodeGenerator.loadMethod([B)Ljava/lang/invoke/MemberName;+16 java.base@17.0.7
j  java.lang.invoke.InvokerBytecodeGenerator.generateCustomizedCode(Ljava/lang/invoke/LambdaForm;Ljava/lang/invoke/MethodType;)Ljava/lang/invoke/MemberName;+30 java.base@17.0.7
J 6831 c1 java.lang.invoke.LambdaForm.compileToBytecode()V java.base@17.0.7 (164 bytes) @ 0x00000261565f7564 [0x00000261565f7360+0x0000000000000204]
j  java.lang.invoke.DirectMethodHandle.makePreparedLambdaForm(Ljava/lang/invoke/MethodType;I)Ljava/lang/invoke/LambdaForm;+792 java.base@17.0.7
J 2677 c1 java.lang.invoke.DirectMethodHandle.preparedLambdaForm(Ljava/lang/invoke/MemberName;Z)Ljava/lang/invoke/LambdaForm; java.base@17.0.7 (244 bytes) @ 0x0000026155fa4a4c [0x0000026155fa4080+0x00000000000009cc]
J 3279 c1 java.lang.invoke.DirectMethodHandle.make(BLjava/lang/Class;Ljava/lang/invoke/MemberName;Ljava/lang/Class;)Ljava/lang/invoke/DirectMethodHandle; java.base@17.0.7 (275 bytes) @ 0x00000261560fd574 [0x00000261560fc920+0x0000000000000c54]
J 4349 c1 java.lang.invoke.MethodHandles$Lookup.getDirectMethodCommon(BLjava/lang/Class;Ljava/lang/invoke/MemberName;ZZLjava/lang/invoke/MethodHandles$Lookup;)Ljava/lang/invoke/MethodHandle; java.base@17.0.7 (280 bytes) @ 0x00000261563864c4 [0x0000026156385b20+0x00000000000009a4]
j  java.lang.invoke.MethodHandles$Lookup.getDirectMethodNoSecurityManager(BLjava/lang/Class;Ljava/lang/invoke/MemberName;Ljava/lang/invoke/MethodHandles$Lookup;)Ljava/lang/invoke/MethodHandle;+14 java.base@17.0.7
J 5128 c1 java.lang.invoke.MethodHandles$Lookup.getDirectMethodForConstant(BLjava/lang/Class;Ljava/lang/invoke/MemberName;)Ljava/lang/invoke/MethodHandle; java.base@17.0.7 (72 bytes) @ 0x00000261564e660c [0x00000261564e62e0+0x000000000000032c]
J 5432 c1 java.lang.invoke.MethodHandles$Lookup.linkMethodHandleConstant(BLjava/lang/Class;Ljava/lang/String;Ljava/lang/Object;)Ljava/lang/invoke/MethodHandle; java.base@17.0.7 (222 bytes) @ 0x0000026155ab88a4 [0x0000026155ab8480+0x0000000000000424]
J 3604 c1 java.lang.invoke.MethodHandleNatives.linkMethodHandleConstant(Ljava/lang/Class;ILjava/lang/Class;Ljava/lang/String;Ljava/lang/Object;)Ljava/lang/invoke/MethodHandle; java.base@17.0.7 (50 bytes) @ 0x00000261561ca6a4 [0x00000261561ca5e0+0x00000000000000c4]
v  ~StubRoutines::call_stub
j  org.eclipse.osgi.internal.framework.EquinoxEventPublisher.flushFrameworkEvents()V+0
j  org.eclipse.osgi.internal.framework.EquinoxEventPublisher.close()V+1
j  org.eclipse.osgi.internal.framework.EquinoxEventPublisher.publishFrameworkEventPrivileged(Lorg/osgi/framework/FrameworkEvent;[Lorg/osgi/framework/FrameworkListener;)V+342
j  org.eclipse.osgi.internal.framework.EquinoxEventPublisher.publishFrameworkEvent(ILorg/osgi/framework/Bundle;Ljava/lang/Throwable;[Lorg/osgi/framework/FrameworkListener;)V+45
j  org.eclipse.osgi.internal.framework.EquinoxContainerAdaptor.publishContainerEvent(Lorg/eclipse/osgi/container/ModuleContainerAdaptor$ContainerEvent;Lorg/eclipse/osgi/container/Module;Ljava/lang/Throwable;[Lorg/osgi/framework/FrameworkListener;)V+27
j  org.eclipse.osgi.container.SystemModule.stop([Lorg/eclipse/osgi/container/Module$StopOptions;)V+115
j  org.eclipse.osgi.internal.framework.EquinoxBundle$SystemBundle$EquinoxSystemModule$1.run()V+8
j  java.lang.Thread.run()V+11 java.base@17.0.7
v  ~StubRoutines::call_stub

---------------  P R O C E S S  ---------------

Threads class SMR info:
_java_thread_list=0x0000026172b255f0, length=20, elements={
0x0000026152a8ec00, 0x00000261673b5630, 0x00000261673b6740, 0x000002616c518020,
0x000002616c518ae0, 0x000002616c4ec840, 0x000002616c4ed100, 0x000002616c4edda0,
0x000002616c4f1020, 0x00000261673be7b0, 0x000002616c606b00, 0x000002616dc22ed0,
0x000002616e3c3860, 0x000002616e476aa0, 0x0000026170122870, 0x00000261701253c0,
0x0000026170124550, 0x0000026170123210, 0x0000026170b614b0, 0x0000026170b5c7b0
}

Java Threads: ( => current thread )
  0x0000026152a8ec00 JavaThread "main" [_thread_blocked, id=4108, stack(0x000000c3f1600000,0x000000c3f1700000)]
  0x00000261673b5630 JavaThread "Reference Handler" daemon [_thread_blocked, id=6448, stack(0x000000c3f1900000,0x000000c3f1a00000)]
  0x00000261673b6740 JavaThread "Finalizer" daemon [_thread_blocked, id=13532, stack(0x000000c3f1a00000,0x000000c3f1b00000)]
  0x000002616c518020 JavaThread "Signal Dispatcher" daemon [_thread_blocked, id=9260, stack(0x000000c3f1b00000,0x000000c3f1c00000)]
  0x000002616c518ae0 JavaThread "Attach Listener" daemon [_thread_blocked, id=6908, stack(0x000000c3f1c00000,0x000000c3f1d00000)]
  0x000002616c4ec840 JavaThread "Service Thread" daemon [_thread_blocked, id=13096, stack(0x000000c3f1d00000,0x000000c3f1e00000)]
  0x000002616c4ed100 JavaThread "Monitor Deflation Thread" daemon [_thread_blocked, id=11520, stack(0x000000c3f1e00000,0x000000c3f1f00000)]
  0x000002616c4edda0 JavaThread "C2 CompilerThread0" daemon [_thread_blocked, id=2056, stack(0x000000c3f1f00000,0x000000c3f2000000)]
  0x000002616c4f1020 JavaThread "C1 CompilerThread0" daemon [_thread_blocked, id=9480, stack(0x000000c3f2000000,0x000000c3f2100000)]
  0x00000261673be7b0 JavaThread "Sweeper thread" daemon [_thread_blocked, id=13260, stack(0x000000c3f2100000,0x000000c3f2200000)]
  0x000002616c606b00 JavaThread "Common-Cleaner" daemon [_thread_blocked, id=13420, stack(0x000000c3f2200000,0x000000c3f2300000)]
  0x000002616dc22ed0 JavaThread "Notification Thread" daemon [_thread_blocked, id=13624, stack(0x000000c3f2300000,0x000000c3f2400000)]
  0x000002616e3c3860 JavaThread "Framework Event Dispatcher: Equinox Container: 8d4860bb-8f0f-4965-b9ea-730ffeb06b1a" daemon [_thread_blocked, id=13648, stack(0x000000c3f2d00000,0x000000c3f2e00000)]
  0x000002616e476aa0 JavaThread "Start Level: Equinox Container: 8d4860bb-8f0f-4965-b9ea-730ffeb06b1a" daemon [_thread_blocked, id=14164, stack(0x000000c3f2e00000,0x000000c3f2f00000)]
  0x0000026170122870 JavaThread "JNA Cleaner" daemon [_thread_blocked, id=4572, stack(0x000000c3f3a00000,0x000000c3f3b00000)]
  0x00000261701253c0 JavaThread "pool-2-thread-1" [_thread_blocked, id=8128, stack(0x000000c3f3e00000,0x000000c3f3f00000)]
  0x0000026170124550 JavaThread "pool-1-thread-1" [_thread_blocked, id=9756, stack(0x000000c3f3f00000,0x000000c3f4000000)]
  0x0000026170123210 JavaThread "Timer-0" [_thread_blocked, id=12792, stack(0x000000c3f4300000,0x000000c3f4400000)]
  0x0000026170b614b0 JavaThread "pool-4-thread-1" [_thread_blocked, id=14908, stack(0x000000c3f1300000,0x000000c3f1400000)]
=>0x0000026170b5c7b0 JavaThread "Framework stop - Equinox Container: 8d4860bb-8f0f-4965-b9ea-730ffeb06b1a" [_thread_in_vm, id=13884, stack(0x000000c3f1400000,0x000000c3f1500000)]

Other Threads:
  0x000002616c4c3a50 VMThread "VM Thread" [stack: 0x000000c3f1800000,0x000000c3f1900000] [id=11060]
  0x000002616c828040 WatcherThread [stack: 0x000000c3f2400000,0x000000c3f2500000] [id=8692]
  0x0000026152aa45b0 GCTaskThread "GC Thread#0" [stack: 0x000000c3f1700000,0x000000c3f1800000] [id=8324]
  0x000002616e3689f0 GCTaskThread "GC Thread#1" [stack: 0x000000c3f2600000,0x000000c3f2700000] [id=2236]
  0x000002616e368ca0 GCTaskThread "GC Thread#2" [stack: 0x000000c3f2700000,0x000000c3f2800000] [id=7404]
  0x000002616e12e0d0 GCTaskThread "GC Thread#3" [stack: 0x000000c3f2800000,0x000000c3f2900000] [id=11492]
  0x000002616e12e380 GCTaskThread "GC Thread#4" [stack: 0x000000c3f2900000,0x000000c3f2a00000] [id=732]
  0x000002616e26a8c0 GCTaskThread "GC Thread#5" [stack: 0x000000c3f2a00000,0x000000c3f2b00000] [id=4852]
  0x000002616e26ab70 GCTaskThread "GC Thread#6" [stack: 0x000000c3f2b00000,0x000000c3f2c00000] [id=13168]
  0x000002616e3d9640 GCTaskThread "GC Thread#7" [stack: 0x000000c3f3000000,0x000000c3f3100000] [id=13752]
  0x000002616eb3c240 GCTaskThread "GC Thread#8" [stack: 0x000000c3f3300000,0x000000c3f3400000] [id=5536]
  0x000002616e452cf0 GCTaskThread "GC Thread#9" [stack: 0x000000c3f3400000,0x000000c3f3500000] [id=12276]

Threads with active compile tasks:

VM state: not at safepoint (normal execution)

VM Mutex/Monitor currently owned by a thread:  ([mutex/lock_event])
[0x0000026152a8a100] Metaspace_lock - owner thread: 0x0000026170b5c7b0

Heap address: 0x00000000c0000000, size: 1024 MB, Compressed Oops mode: 32-bit

CDS archive(s) not mapped
Compressed class space mapped at: 0x0000000100000000-0x0000000140000000, reserved size: 1073741824
Narrow klass base: 0x0000000000000000, Narrow klass shift: 3, Narrow klass range: 0x140000000

GC Precious Log:
 CPUs: 12 total, 12 available
 Memory: 8107M
 Large Page Support: Disabled
 NUMA Support: Disabled
 Compressed Oops: Enabled (32-bit)
 Alignments: Space 512K, Generation 512K, Heap 2M
 Heap Min Capacity: 100M
 Heap Initial Capacity: 100M
 Heap Max Capacity: 1G
 Pre-touch: Disabled
 Parallel Workers: 10

Heap:
 PSYoungGen      total 15360K, used 12286K [0x00000000eab00000, 0x00000000ebd80000, 0x0000000100000000)
  eden space 14848K, 80% used [0x00000000eab00000,0x00000000eb6b79d0,0x00000000eb980000)
  from space 512K, 56% used [0x00000000ebc80000,0x00000000ebcc8000,0x00000000ebd00000)
  to   space 512K, 0% used [0x00000000ebd00000,0x00000000ebd00000,0x00000000ebd80000)
 ParOldGen       total 68608K, used 53694K [0x00000000c0000000, 0x00000000c4300000, 0x00000000eab00000)
  object space 68608K, 78% used [0x00000000c0000000,0x00000000c346fb28,0x00000000c4300000)
 Metaspace       used 65517K, committed 66496K, reserved 1114112K
  class space    used 7465K, committed 7936K, reserved 1048576K

Card table byte_map: [0x0000026164c50000,0x0000026164e60000] _byte_map_base: 0x0000026164650000

Marking Bits: (ParMarkBitMap*) 0x00007ff967de52c0
 Begin Bits: [0x0000026164fc0000, 0x0000026165fc0000)
 End Bits:   [0x0000026165fc0000, 0x0000026166fc0000)

Polling page: 0x00000261529c0000

Metaspace:

Usage:
  Non-class:     56.69 MB used.
      Class:      7.29 MB used.
       Both:     63.98 MB used.

Virtual space:
  Non-class space:       64.00 MB reserved,      57.19 MB ( 89%) committed,  1 nodes.
      Class space:        1.00 GB reserved,       7.75 MB ( <1%) committed,  1 nodes.
             Both:        1.06 GB reserved,      64.94 MB (  6%) committed. 

Chunk freelists:
   Non-Class:  6.31 MB
       Class:  8.09 MB
        Both:  14.41 MB

MaxMetaspaceSize: unlimited
CompressedClassSpaceSize: 1.00 GB
Initial GC threshold: 21.00 MB
Current GC threshold: 97.31 MB
CDS: off
MetaspaceReclaimPolicy: balanced
 - commit_granule_bytes: 65536.
 - commit_granule_words: 8192.
 - virtual_space_node_default_size: 8388608.
 - enlarge_chunks_in_place: 1.
 - new_chunks_are_fully_committed: 0.
 - uncommit_free_chunks: 1.
 - use_allocation_guard: 0.
 - handle_deallocations: 1.


Internal statistics:

num_allocs_failed_limit: 9.
num_arena_births: 570.
num_arena_deaths: 14.
num_vsnodes_births: 2.
num_vsnodes_deaths: 0.
num_space_committed: 1038.
num_space_uncommitted: 0.
num_chunks_returned_to_freelist: 23.
num_chunks_taken_from_freelist: 3144.
num_chunk_merges: 10.
num_chunk_splits: 1963.
num_chunks_enlarged: 1155.
num_inconsistent_stats: 0.

CodeHeap 'non-profiled nmethods': size=120000Kb used=6742Kb max_used=6742Kb free=113257Kb
 bounds [0x000002615d540000, 0x000002615dbe0000, 0x0000026164a70000]
CodeHeap 'profiled nmethods': size=120000Kb used=16312Kb max_used=16312Kb free=103687Kb
 bounds [0x0000026155a70000, 0x0000026156a60000, 0x000002615cfa0000]
CodeHeap 'non-nmethods': size=5760Kb used=1324Kb max_used=1405Kb free=4435Kb
 bounds [0x000002615cfa0000, 0x000002615d210000, 0x000002615d540000]
 total_blobs=8858 nmethods=8196 adapters=576
 compilation: enabled
              stopped_count=0, restarted_count=0
 full_count=0

Compilation events (20 events):
Event: 6169.148 Thread 0x000002616c4f1020 9805       3       java.util.HashMap$ValueIterator::<init> (11 bytes)
Event: 6169.148 Thread 0x000002616c4f1020 nmethod 9805 0x0000026156a5b690 code [0x0000026156a5b820, 0x0000026156a5b968]
Event: 6169.156 Thread 0x000002616c4f1020 9806       3       org.osgi.framework.ServiceEvent::<init> (16 bytes)
Event: 6169.156 Thread 0x000002616c4f1020 nmethod 9806 0x0000026156a5ba10 code [0x0000026156a5bbc0, 0x0000026156a5bec8]
Event: 6169.156 Thread 0x000002616c4f1020 9807   !   3       org.eclipse.osgi.internal.serviceregistry.ServiceRegistrationImpl::getBundle (28 bytes)
Event: 6169.156 Thread 0x000002616c4f1020 nmethod 9807 0x0000026156a5c010 code [0x0000026156a5c1c0, 0x0000026156a5c458]
Event: 6169.159 Thread 0x000002616c4edda0 nmethod 9796 0x000002615dbd1410 code [0x000002615dbd1700, 0x000002615dbd2dd0]
Event: 6169.159 Thread 0x000002616c4edda0 9799       4       java.util.ArrayList$Itr::<init> (26 bytes)
Event: 6169.159 Thread 0x000002616c4edda0 nmethod 9799 0x000002615dbd4110 code [0x000002615dbd4280, 0x000002615dbd4338]
Event: 6169.159 Thread 0x000002616c4edda0 9802       4       org.eclipse.osgi.internal.serviceregistry.ServiceRegistry::notifyHooksPrivileged (58 bytes)
Event: 6169.160 Thread 0x000002616c4edda0 nmethod 9802 0x000002615dbd4410 code [0x000002615dbd45a0, 0x000002615dbd46b8]
Event: 6169.164 Thread 0x000002616c4f1020 9808       1       org.eclipse.osgi.container.Module::getRevisions (5 bytes)
Event: 6169.164 Thread 0x000002616c4f1020 nmethod 9808 0x000002615dbd4890 code [0x000002615dbd4a20, 0x000002615dbd4af8]
Event: 6169.169 Thread 0x000002616c4f1020 9809       1       org.eclipse.osgi.storage.bundlefile.BundleFile::setMruIndex (6 bytes)
Event: 6169.169 Thread 0x000002616c4f1020 nmethod 9809 0x000002615dbd4b90 code [0x000002615dbd4d20, 0x000002615dbd4df8]
Event: 6169.171 Thread 0x000002616c4f1020 9810       3       java.io.RandomAccessFile$1::close (11 bytes)
Event: 6169.171 Thread 0x000002616c4f1020 nmethod 9810 0x0000026156a5c510 code [0x0000026156a5c6e0, 0x0000026156a5cbd8]
Event: 6169.174 Thread 0x000002616c4f1020 9811       3       org.eclipse.osgi.container.Module::unlockStateChange (63 bytes)
Event: 6169.175 Thread 0x000002616c4f1020 nmethod 9811 0x0000026156a5ce10 code [0x0000026156a5d0c0, 0x0000026156a5de88]
Event: 6169.175 Thread 0x000002616c4edda0 9812       4       jdk.internal.org.objectweb.asm.MethodWriter::visitLabel (328 bytes)

GC Heap History (20 events):
Event: 43.235 GC heap before
{Heap before GC invocations=81 (full 3):
 PSYoungGen      total 15360K, used 15168K [0x00000000eab00000, 0x00000000ebd80000, 0x0000000100000000)
  eden space 14848K, 100% used [0x00000000eab00000,0x00000000eb980000,0x00000000eb980000)
  from space 512K, 62% used [0x00000000ebc80000,0x00000000ebcd0000,0x00000000ebd00000)
  to   space 512K, 0% used [0x00000000ebd00000,0x00000000ebd00000,0x00000000ebd80000)
 ParOldGen       total 68608K, used 52302K [0x00000000c0000000, 0x00000000c4300000, 0x00000000eab00000)
  object space 68608K, 76% used [0x00000000c0000000,0x00000000c3313a70,0x00000000c4300000)
 Metaspace       used 64649K, committed 65664K, reserved 1114112K
  class space    used 7378K, committed 7808K, reserved 1048576K
}
Event: 43.236 GC heap after
{Heap after GC invocations=81 (full 3):
 PSYoungGen      total 15360K, used 320K [0x00000000eab00000, 0x00000000ebd80000, 0x0000000100000000)
  eden space 14848K, 0% used [0x00000000eab00000,0x00000000eab00000,0x00000000eb980000)
  from space 512K, 62% used [0x00000000ebd00000,0x00000000ebd50000,0x00000000ebd80000)
  to   space 512K, 0% used [0x00000000ebc80000,0x00000000ebc80000,0x00000000ebd00000)
 ParOldGen       total 68608K, used 52374K [0x00000000c0000000, 0x00000000c4300000, 0x00000000eab00000)
  object space 68608K, 76% used [0x00000000c0000000,0x00000000c3325a70,0x00000000c4300000)
 Metaspace       used 64649K, committed 65664K, reserved 1114112K
  class space    used 7378K, committed 7808K, reserved 1048576K
}
Event: 43.328 GC heap before
{Heap before GC invocations=82 (full 3):
 PSYoungGen      total 15360K, used 15168K [0x00000000eab00000, 0x00000000ebd80000, 0x0000000100000000)
  eden space 14848K, 100% used [0x00000000eab00000,0x00000000eb980000,0x00000000eb980000)
  from space 512K, 62% used [0x00000000ebd00000,0x00000000ebd50000,0x00000000ebd80000)
  to   space 512K, 0% used [0x00000000ebc80000,0x00000000ebc80000,0x00000000ebd00000)
 ParOldGen       total 68608K, used 52374K [0x00000000c0000000, 0x00000000c4300000, 0x00000000eab00000)
  object space 68608K, 76% used [0x00000000c0000000,0x00000000c3325a70,0x00000000c4300000)
 Metaspace       used 64649K, committed 65664K, reserved 1114112K
  class space    used 7378K, committed 7808K, reserved 1048576K
}
Event: 43.328 GC heap after
{Heap after GC invocations=82 (full 3):
 PSYoungGen      total 15360K, used 288K [0x00000000eab00000, 0x00000000ebd80000, 0x0000000100000000)
  eden space 14848K, 0% used [0x00000000eab00000,0x00000000eab00000,0x00000000eb980000)
  from space 512K, 56% used [0x00000000ebc80000,0x00000000ebcc8000,0x00000000ebd00000)
  to   space 512K, 0% used [0x00000000ebd00000,0x00000000ebd00000,0x00000000ebd80000)
 ParOldGen       total 68608K, used 52470K [0x00000000c0000000, 0x00000000c4300000, 0x00000000eab00000)
  object space 68608K, 76% used [0x00000000c0000000,0x00000000c333da70,0x00000000c4300000)
 Metaspace       used 64649K, committed 65664K, reserved 1114112K
  class space    used 7378K, committed 7808K, reserved 1048576K
}
Event: 43.408 GC heap before
{Heap before GC invocations=83 (full 3):
 PSYoungGen      total 15360K, used 15136K [0x00000000eab00000, 0x00000000ebd80000, 0x0000000100000000)
  eden space 14848K, 100% used [0x00000000eab00000,0x00000000eb980000,0x00000000eb980000)
  from space 512K, 56% used [0x00000000ebc80000,0x00000000ebcc8000,0x00000000ebd00000)
  to   space 512K, 0% used [0x00000000ebd00000,0x00000000ebd00000,0x00000000ebd80000)
 ParOldGen       total 68608K, used 52470K [0x00000000c0000000, 0x00000000c4300000, 0x00000000eab00000)
  object space 68608K, 76% used [0x00000000c0000000,0x00000000c333da70,0x00000000c4300000)
 Metaspace       used 64650K, committed 65664K, reserved 1114112K
  class space    used 7378K, committed 7808K, reserved 1048576K
}
Event: 43.409 GC heap after
{Heap after GC invocations=83 (full 3):
 PSYoungGen      total 15360K, used 320K [0x00000000eab00000, 0x00000000ebd80000, 0x0000000100000000)
  eden space 14848K, 0% used [0x00000000eab00000,0x00000000eab00000,0x00000000eb980000)
  from space 512K, 62% used [0x00000000ebd00000,0x00000000ebd50000,0x00000000ebd80000)
  to   space 512K, 0% used [0x00000000ebc80000,0x00000000ebc80000,0x00000000ebd00000)
 ParOldGen       total 68608K, used 52558K [0x00000000c0000000, 0x00000000c4300000, 0x00000000eab00000)
  object space 68608K, 76% used [0x00000000c0000000,0x00000000c3353a70,0x00000000c4300000)
 Metaspace       used 64650K, committed 65664K, reserved 1114112K
  class space    used 7378K, committed 7808K, reserved 1048576K
}
Event: 43.495 GC heap before
{Heap before GC invocations=84 (full 3):
 PSYoungGen      total 15360K, used 15167K [0x00000000eab00000, 0x00000000ebd80000, 0x0000000100000000)
  eden space 14848K, 99% used [0x00000000eab00000,0x00000000eb97ff88,0x00000000eb980000)
  from space 512K, 62% used [0x00000000ebd00000,0x00000000ebd50000,0x00000000ebd80000)
  to   space 512K, 0% used [0x00000000ebc80000,0x00000000ebc80000,0x00000000ebd00000)
 ParOldGen       total 68608K, used 52558K [0x00000000c0000000, 0x00000000c4300000, 0x00000000eab00000)
  object space 68608K, 76% used [0x00000000c0000000,0x00000000c3353a70,0x00000000c4300000)
 Metaspace       used 64651K, committed 65664K, reserved 1114112K
  class space    used 7378K, committed 7808K, reserved 1048576K
}
Event: 43.496 GC heap after
{Heap after GC invocations=84 (full 3):
 PSYoungGen      total 15360K, used 512K [0x00000000eab00000, 0x00000000ebd80000, 0x0000000100000000)
  eden space 14848K, 0% used [0x00000000eab00000,0x00000000eab00000,0x00000000eb980000)
  from space 512K, 100% used [0x00000000ebc80000,0x00000000ebd00000,0x00000000ebd00000)
  to   space 512K, 0% used [0x00000000ebd00000,0x00000000ebd00000,0x00000000ebd80000)
 ParOldGen       total 68608K, used 52814K [0x00000000c0000000, 0x00000000c4300000, 0x00000000eab00000)
  object space 68608K, 76% used [0x00000000c0000000,0x00000000c3393a70,0x00000000c4300000)
 Metaspace       used 64651K, committed 65664K, reserved 1114112K
  class space    used 7378K, committed 7808K, reserved 1048576K
}
Event: 43.639 GC heap before
{Heap before GC invocations=85 (full 3):
 PSYoungGen      total 15360K, used 15360K [0x00000000eab00000, 0x00000000ebd80000, 0x0000000100000000)
  eden space 14848K, 100% used [0x00000000eab00000,0x00000000eb980000,0x00000000eb980000)
  from space 512K, 100% used [0x00000000ebc80000,0x00000000ebd00000,0x00000000ebd00000)
  to   space 512K, 0% used [0x00000000ebd00000,0x00000000ebd00000,0x00000000ebd80000)
 ParOldGen       total 68608K, used 52814K [0x00000000c0000000, 0x00000000c4300000, 0x00000000eab00000)
  object space 68608K, 76% used [0x00000000c0000000,0x00000000c3393a70,0x00000000c4300000)
 Metaspace       used 64652K, committed 65664K, reserved 1114112K
  class space    used 7378K, committed 7808K, reserved 1048576K
}
Event: 43.640 GC heap after
{Heap after GC invocations=85 (full 3):
 PSYoungGen      total 15360K, used 288K [0x00000000eab00000, 0x00000000ebd80000, 0x0000000100000000)
  eden space 14848K, 0% used [0x00000000eab00000,0x00000000eab00000,0x00000000eb980000)
  from space 512K, 56% used [0x00000000ebd00000,0x00000000ebd48000,0x00000000ebd80000)
  to   space 512K, 0% used [0x00000000ebc80000,0x00000000ebc80000,0x00000000ebd00000)
 ParOldGen       total 68608K, used 53166K [0x00000000c0000000, 0x00000000c4300000, 0x00000000eab00000)
  object space 68608K, 77% used [0x00000000c0000000,0x00000000c33ebb18,0x00000000c4300000)
 Metaspace       used 64652K, committed 65664K, reserved 1114112K
  class space    used 7378K, committed 7808K, reserved 1048576K
}
Event: 43.860 GC heap before
{Heap before GC invocations=86 (full 3):
 PSYoungGen      total 15360K, used 15136K [0x00000000eab00000, 0x00000000ebd80000, 0x0000000100000000)
  eden space 14848K, 100% used [0x00000000eab00000,0x00000000eb980000,0x00000000eb980000)
  from space 512K, 56% used [0x00000000ebd00000,0x00000000ebd48000,0x00000000ebd80000)
  to   space 512K, 0% used [0x00000000ebc80000,0x00000000ebc80000,0x00000000ebd00000)
 ParOldGen       total 68608K, used 53166K [0x00000000c0000000, 0x00000000c4300000, 0x00000000eab00000)
  object space 68608K, 77% used [0x00000000c0000000,0x00000000c33ebb18,0x00000000c4300000)
 Metaspace       used 64679K, committed 65664K, reserved 1114112K
  class space    used 7378K, committed 7808K, reserved 1048576K
}
Event: 43.860 GC heap after
{Heap after GC invocations=86 (full 3):
 PSYoungGen      total 15360K, used 320K [0x00000000eab00000, 0x00000000ebd80000, 0x0000000100000000)
  eden space 14848K, 0% used [0x00000000eab00000,0x00000000eab00000,0x00000000eb980000)
  from space 512K, 62% used [0x00000000ebc80000,0x00000000ebcd0000,0x00000000ebd00000)
  to   space 512K, 0% used [0x00000000ebd00000,0x00000000ebd00000,0x00000000ebd80000)
 ParOldGen       total 68608K, used 53294K [0x00000000c0000000, 0x00000000c4300000, 0x00000000eab00000)
  object space 68608K, 77% used [0x00000000c0000000,0x00000000c340bb18,0x00000000c4300000)
 Metaspace       used 64679K, committed 65664K, reserved 1114112K
  class space    used 7378K, committed 7808K, reserved 1048576K
}
Event: 44.315 GC heap before
{Heap before GC invocations=87 (full 3):
 PSYoungGen      total 15360K, used 15168K [0x00000000eab00000, 0x00000000ebd80000, 0x0000000100000000)
  eden space 14848K, 100% used [0x00000000eab00000,0x00000000eb980000,0x00000000eb980000)
  from space 512K, 62% used [0x00000000ebc80000,0x00000000ebcd0000,0x00000000ebd00000)
  to   space 512K, 0% used [0x00000000ebd00000,0x00000000ebd00000,0x00000000ebd80000)
 ParOldGen       total 68608K, used 53294K [0x00000000c0000000, 0x00000000c4300000, 0x00000000eab00000)
  object space 68608K, 77% used [0x00000000c0000000,0x00000000c340bb18,0x00000000c4300000)
 Metaspace       used 64679K, committed 65664K, reserved 1114112K
  class space    used 7378K, committed 7808K, reserved 1048576K
}
Event: 44.315 GC heap after
{Heap after GC invocations=87 (full 3):
 PSYoungGen      total 15360K, used 288K [0x00000000eab00000, 0x00000000ebd80000, 0x0000000100000000)
  eden space 14848K, 0% used [0x00000000eab00000,0x00000000eab00000,0x00000000eb980000)
  from space 512K, 56% used [0x00000000ebd00000,0x00000000ebd48000,0x00000000ebd80000)
  to   space 512K, 0% used [0x00000000ebc80000,0x00000000ebc80000,0x00000000ebd00000)
 ParOldGen       total 68608K, used 53382K [0x00000000c0000000, 0x00000000c4300000, 0x00000000eab00000)
  object space 68608K, 77% used [0x00000000c0000000,0x00000000c3421b18,0x00000000c4300000)
 Metaspace       used 64679K, committed 65664K, reserved 1114112K
  class space    used 7378K, committed 7808K, reserved 1048576K
}
Event: 306.350 GC heap before
{Heap before GC invocations=88 (full 3):
 PSYoungGen      total 15360K, used 15135K [0x00000000eab00000, 0x00000000ebd80000, 0x0000000100000000)
  eden space 14848K, 99% used [0x00000000eab00000,0x00000000eb97ff80,0x00000000eb980000)
  from space 512K, 56% used [0x00000000ebd00000,0x00000000ebd48000,0x00000000ebd80000)
  to   space 512K, 0% used [0x00000000ebc80000,0x00000000ebc80000,0x00000000ebd00000)
 ParOldGen       total 68608K, used 53382K [0x00000000c0000000, 0x00000000c4300000, 0x00000000eab00000)
  object space 68608K, 77% used [0x00000000c0000000,0x00000000c3421b18,0x00000000c4300000)
 Metaspace       used 64987K, committed 65984K, reserved 1114112K
  class space    used 7407K, committed 7872K, reserved 1048576K
}
Event: 306.352 GC heap after
{Heap after GC invocations=88 (full 3):
 PSYoungGen      total 15360K, used 320K [0x00000000eab00000, 0x00000000ebd80000, 0x0000000100000000)
  eden space 14848K, 0% used [0x00000000eab00000,0x00000000eab00000,0x00000000eb980000)
  from space 512K, 62% used [0x00000000ebc80000,0x00000000ebcd0000,0x00000000ebd00000)
  to   space 512K, 0% used [0x00000000ebd00000,0x00000000ebd00000,0x00000000ebd80000)
 ParOldGen       total 68608K, used 53406K [0x00000000c0000000, 0x00000000c4300000, 0x00000000eab00000)
  object space 68608K, 77% used [0x00000000c0000000,0x00000000c3427b18,0x00000000c4300000)
 Metaspace       used 64987K, committed 65984K, reserved 1114112K
  class space    used 7407K, committed 7872K, reserved 1048576K
}
Event: 3622.405 GC heap before
{Heap before GC invocations=89 (full 3):
 PSYoungGen      total 15360K, used 15168K [0x00000000eab00000, 0x00000000ebd80000, 0x0000000100000000)
  eden space 14848K, 100% used [0x00000000eab00000,0x00000000eb980000,0x00000000eb980000)
  from space 512K, 62% used [0x00000000ebc80000,0x00000000ebcd0000,0x00000000ebd00000)
  to   space 512K, 0% used [0x00000000ebd00000,0x00000000ebd00000,0x00000000ebd80000)
 ParOldGen       total 68608K, used 53406K [0x00000000c0000000, 0x00000000c4300000, 0x00000000eab00000)
  object space 68608K, 77% used [0x00000000c0000000,0x00000000c3427b18,0x00000000c4300000)
 Metaspace       used 65039K, committed 66112K, reserved 1114112K
  class space    used 7409K, committed 7872K, reserved 1048576K
}
Event: 3622.433 GC heap after
{Heap after GC invocations=89 (full 3):
 PSYoungGen      total 15360K, used 320K [0x00000000eab00000, 0x00000000ebd80000, 0x0000000100000000)
  eden space 14848K, 0% used [0x00000000eab00000,0x00000000eab00000,0x00000000eb980000)
  from space 512K, 62% used [0x00000000ebd00000,0x00000000ebd50000,0x00000000ebd80000)
  to   space 512K, 0% used [0x00000000ebc80000,0x00000000ebc80000,0x00000000ebd00000)
 ParOldGen       total 68608K, used 53646K [0x00000000c0000000, 0x00000000c4300000, 0x00000000eab00000)
  object space 68608K, 78% used [0x00000000c0000000,0x00000000c3463b28,0x00000000c4300000)
 Metaspace       used 65039K, committed 66112K, reserved 1114112K
  class space    used 7409K, committed 7872K, reserved 1048576K
}
Event: 5350.181 GC heap before
{Heap before GC invocations=90 (full 3):
 PSYoungGen      total 15360K, used 15168K [0x00000000eab00000, 0x00000000ebd80000, 0x0000000100000000)
  eden space 14848K, 100% used [0x00000000eab00000,0x00000000eb980000,0x00000000eb980000)
  from space 512K, 62% used [0x00000000ebd00000,0x00000000ebd50000,0x00000000ebd80000)
  to   space 512K, 0% used [0x00000000ebc80000,0x00000000ebc80000,0x00000000ebd00000)
 ParOldGen       total 68608K, used 53646K [0x00000000c0000000, 0x00000000c4300000, 0x00000000eab00000)
  object space 68608K, 78% used [0x00000000c0000000,0x00000000c3463b28,0x00000000c4300000)
 Metaspace       used 65065K, committed 66112K, reserved 1114112K
  class space    used 7409K, committed 7872K, reserved 1048576K
}
Event: 5350.204 GC heap after
{Heap after GC invocations=90 (full 3):
 PSYoungGen      total 15360K, used 288K [0x00000000eab00000, 0x00000000ebd80000, 0x0000000100000000)
  eden space 14848K, 0% used [0x00000000eab00000,0x00000000eab00000,0x00000000eb980000)
  from space 512K, 56% used [0x00000000ebc80000,0x00000000ebcc8000,0x00000000ebd00000)
  to   space 512K, 0% used [0x00000000ebd00000,0x00000000ebd00000,0x00000000ebd80000)
 ParOldGen       total 68608K, used 53694K [0x00000000c0000000, 0x00000000c4300000, 0x00000000eab00000)
  object space 68608K, 78% used [0x00000000c0000000,0x00000000c346fb28,0x00000000c4300000)
 Metaspace       used 65065K, committed 66112K, reserved 1114112K
  class space    used 7409K, committed 7872K, reserved 1048576K
}

Dll operation events (14 events):
Event: 0.016 Loaded shared library c:\Users\Administrator\.vscode\extensions\redhat.java-1.18.0-win32-x64\jre\17.0.7-win32-x86_64\bin\java.dll
Event: 0.244 Loaded shared library c:\Users\Administrator\.vscode\extensions\redhat.java-1.18.0-win32-x64\jre\17.0.7-win32-x86_64\bin\zip.dll
Event: 0.253 Loaded shared library C:\Users\Administrator\.vscode\extensions\redhat.java-1.18.0-win32-x64\jre\17.0.7-win32-x86_64\bin\instrument.dll
Event: 0.275 Loaded shared library C:\Users\Administrator\.vscode\extensions\redhat.java-1.18.0-win32-x64\jre\17.0.7-win32-x86_64\bin\net.dll
Event: 0.278 Loaded shared library C:\Users\Administrator\.vscode\extensions\redhat.java-1.18.0-win32-x64\jre\17.0.7-win32-x86_64\bin\nio.dll
Event: 0.287 Loaded shared library C:\Users\Administrator\.vscode\extensions\redhat.java-1.18.0-win32-x64\jre\17.0.7-win32-x86_64\bin\zip.dll
Event: 0.304 Loaded shared library C:\Users\Administrator\.vscode\extensions\redhat.java-1.18.0-win32-x64\jre\17.0.7-win32-x86_64\bin\jimage.dll
Event: 0.370 Loaded shared library c:\Users\Administrator\.vscode\extensions\redhat.java-1.18.0-win32-x64\jre\17.0.7-win32-x86_64\bin\verify.dll
Event: 1.786 Loaded shared library C:\Users\Administrator\AppData\Roaming\Code\User\globalStorage\redhat.java\1.18.0\config_win\org.eclipse.equinox.launcher\org.eclipse.equinox.launcher.win32.win32.x86_64_1.2.700.v20221108-1024\eclipse_11801.dll
Event: 4.309 Loaded shared library C:\Users\Administrator\AppData\Local\Temp\jna-146731693\jna14992793047851452365.dll
Event: 8.287 Loaded shared library C:\Users\Administrator\.gradle\native\e1d6ef7f7dcc3fd88c89a11ec53ec762bb8ba0a96d01ffa2cd45eb1d1d8dd5c5\windows-amd64\native-platform.dll
Event: 8.802 Loaded shared library C:\Users\Administrator\.vscode\extensions\redhat.java-1.18.0-win32-x64\jre\17.0.7-win32-x86_64\bin\management.dll
Event: 8.806 Loaded shared library C:\Users\Administrator\.vscode\extensions\redhat.java-1.18.0-win32-x64\jre\17.0.7-win32-x86_64\bin\management_ext.dll
Event: 10.477 Loaded shared library C:\Users\Administrator\.vscode\extensions\redhat.java-1.18.0-win32-x64\jre\17.0.7-win32-x86_64\bin\sunmscapi.dll

Deoptimization events (20 events):
Event: 6168.358 Thread 0x0000026170b5c7b0 Uncommon trap: trap_request=0xffffffde fr.pc=0x000002615d720784 relative=0x0000000000000264
Event: 6168.358 Thread 0x0000026170b5c7b0 Uncommon trap: reason=class_check action=maybe_recompile pc=0x000002615d720784 method=java.util.Comparator.lambda$comparing$77a9974f$1(Ljava/util/function/Function;Ljava/lang/Object;Ljava/lang/Object;)I @ 7 c2
Event: 6168.358 Thread 0x0000026170b5c7b0 DEOPT PACKING pc=0x000002615d720784 sp=0x000000c3f14fce00
Event: 6168.358 Thread 0x0000026170b5c7b0 DEOPT UNPACKING pc=0x000002615cff66a3 sp=0x000000c3f14fcd30 mode 2
Event: 6168.453 Thread 0x0000026170b5c7b0 Uncommon trap: trap_request=0xffffffc6 fr.pc=0x000002615d94cd54 relative=0x00000000000005f4
Event: 6168.453 Thread 0x0000026170b5c7b0 Uncommon trap: reason=bimorphic_or_optimized_type_check action=maybe_recompile pc=0x000002615d94cd54 method=java.util.HashMap.removeNode(ILjava/lang/Object;Ljava/lang/Object;ZZ)Ljava/util/HashMap$Node; @ 143 c2
Event: 6168.453 Thread 0x0000026170b5c7b0 DEOPT PACKING pc=0x000002615d94cd54 sp=0x000000c3f14fe2c0
Event: 6168.453 Thread 0x0000026170b5c7b0 DEOPT UNPACKING pc=0x000002615cff66a3 sp=0x000000c3f14fe1c8 mode 2
Event: 6168.455 Thread 0x0000026170b5c7b0 Uncommon trap: trap_request=0xffffffc6 fr.pc=0x000002615d94cd54 relative=0x00000000000005f4
Event: 6168.455 Thread 0x0000026170b5c7b0 Uncommon trap: reason=bimorphic_or_optimized_type_check action=maybe_recompile pc=0x000002615d94cd54 method=java.util.HashMap.removeNode(ILjava/lang/Object;Ljava/lang/Object;ZZ)Ljava/util/HashMap$Node; @ 143 c2
Event: 6168.455 Thread 0x0000026170b5c7b0 DEOPT PACKING pc=0x000002615d94cd54 sp=0x000000c3f14fe2c0
Event: 6168.455 Thread 0x0000026170b5c7b0 DEOPT UNPACKING pc=0x000002615cff66a3 sp=0x000000c3f14fe1c8 mode 2
Event: 6169.102 Thread 0x0000026170b5c7b0 Uncommon trap: trap_request=0xffffff76 fr.pc=0x000002615d9cb548 relative=0x0000000000000588
Event: 6169.102 Thread 0x0000026170b5c7b0 Uncommon trap: reason=predicate action=maybe_recompile pc=0x000002615d9cb548 method=org.eclipse.core.internal.jobs.JobManager.select(Ljava/util/List;Ljava/lang/Object;Lorg/eclipse/core/internal/jobs/InternalJob;I)V @ 8 c2
Event: 6169.102 Thread 0x0000026170b5c7b0 DEOPT PACKING pc=0x000002615d9cb548 sp=0x000000c3f14fe7f0
Event: 6169.102 Thread 0x0000026170b5c7b0 DEOPT UNPACKING pc=0x000002615cff66a3 sp=0x000000c3f14fe7d8 mode 2
Event: 6169.174 Thread 0x0000026170b5c7b0 Uncommon trap: trap_request=0xffffff45 fr.pc=0x000002615dbd22f0 relative=0x0000000000000bf0
Event: 6169.174 Thread 0x0000026170b5c7b0 Uncommon trap: reason=unstable_if action=reinterpret pc=0x000002615dbd22f0 method=org.eclipse.osgi.internal.framework.BundleContextImpl.dispatchEvent(Ljava/lang/Object;Ljava/lang/Object;ILjava/lang/Object;)V @ 10 c2
Event: 6169.174 Thread 0x0000026170b5c7b0 DEOPT PACKING pc=0x000002615dbd22f0 sp=0x000000c3f14feca0
Event: 6169.174 Thread 0x0000026170b5c7b0 DEOPT UNPACKING pc=0x000002615cff66a3 sp=0x000000c3f14fec70 mode 2

Classes unloaded (7 events):
Event: 3.008 Thread 0x000002616c4c3a50 Unloading class 0x0000000100216400 'java/lang/invoke/LambdaForm$MH+0x0000000100216400'
Event: 3.008 Thread 0x000002616c4c3a50 Unloading class 0x0000000100216000 'java/lang/invoke/LambdaForm$MH+0x0000000100216000'
Event: 3.008 Thread 0x000002616c4c3a50 Unloading class 0x0000000100215c00 'java/lang/invoke/LambdaForm$MH+0x0000000100215c00'
Event: 3.008 Thread 0x000002616c4c3a50 Unloading class 0x0000000100215800 'java/lang/invoke/LambdaForm$MH+0x0000000100215800'
Event: 3.008 Thread 0x000002616c4c3a50 Unloading class 0x0000000100215000 'java/lang/invoke/LambdaForm$BMH+0x0000000100215000'
Event: 3.008 Thread 0x000002616c4c3a50 Unloading class 0x0000000100214c00 'java/lang/invoke/LambdaForm$DMH+0x0000000100214c00'
Event: 3.008 Thread 0x000002616c4c3a50 Unloading class 0x0000000100212000 'java/lang/invoke/LambdaForm$DMH+0x0000000100212000'

Classes redefined (0 events):
No events

Internal exceptions (20 events):
Event: 6168.090 Thread 0x000002616e3ba8a0 Exception <a 'java/lang/NoSuchMethodError'{0x00000000eb2d3778}: 'java.lang.Object java.lang.invoke.DirectMethodHandle$Holder.newInvokeSpecial(java.lang.Object, java.lang.Object, java.lang.Object, java.lang.Object, java.lang.Object, java.lang.Object, java.lang.Object, java.lang.Object, java.lang.Object, java.lang.Object)'> (0x00000000eb2d3778) 
thrown [s\src\hotspot\share\interpreter\linkResolver.cpp, line 759]
Event: 6168.093 Thread 0x000002616e3ba8a0 Exception <a 'java/lang/NoSuchMethodError'{0x00000000eb2d8778}: 'java.lang.Object java.lang.invoke.DirectMethodHandle$Holder.invokeSpecial(java.lang.Object, java.lang.Object, java.lang.Object, java.lang.Object, java.lang.Object, java.lang.Object, java.lang.Object, java.lang.Object, java.lang.Object, java.lang.Object, java.lang.Object)'> (0x00000000eb2d8778) 
thrown [s\src\hotspot\share\interpreter\linkResolver.cpp, line 759]
Event: 6168.094 Thread 0x000002616e3ba8a0 Exception <a 'java/lang/NoSuchMethodError'{0x00000000eb2dcfb8}: 'java.lang.Object java.lang.invoke.Invokers$Holder.linkToTargetMethod(java.lang.Object, java.lang.Object, java.lang.Object, java.lang.Object, java.lang.Object, java.lang.Object, java.lang.Object, java.lang.Object, java.lang.Object, java.lang.Object)'> (0x00000000eb2dcfb8) 
thrown [s\src\hotspot\share\interpreter\linkResolver.cpp, line 759]
Event: 6168.179 Thread 0x000002616e3ba8a0 Exception <a 'java/io/IOException'{0x00000000eb3d5b38}> (0x00000000eb3d5b38) 
thrown [s\src\hotspot\share\prims\jni.cpp, line 516]
Event: 6168.179 Thread 0x000002616e3ba8a0 Exception <a 'java/io/IOException'{0x00000000eb3d5ee8}> (0x00000000eb3d5ee8) 
thrown [s\src\hotspot\share\prims\jni.cpp, line 516]
Event: 6168.179 Thread 0x000002616e3ba8a0 Exception <a 'java/io/IOException'{0x00000000eb3d6298}> (0x00000000eb3d6298) 
thrown [s\src\hotspot\share\prims\jni.cpp, line 516]
Event: 6168.237 Thread 0x000002616e3ba8a0 Exception <a 'java/io/IOException'{0x00000000eb44dc28}> (0x00000000eb44dc28) 
thrown [s\src\hotspot\share\prims\jni.cpp, line 516]
Event: 6168.237 Thread 0x000002616e3ba8a0 Exception <a 'java/io/IOException'{0x00000000eb44dfd8}> (0x00000000eb44dfd8) 
thrown [s\src\hotspot\share\prims\jni.cpp, line 516]
Event: 6168.237 Thread 0x000002616e3ba8a0 Exception <a 'java/io/IOException'{0x00000000eb44e388}> (0x00000000eb44e388) 
thrown [s\src\hotspot\share\prims\jni.cpp, line 516]
Event: 6168.237 Thread 0x000002616e3ba8a0 Exception <a 'java/io/IOException'{0x00000000eb44f5d8}> (0x00000000eb44f5d8) 
thrown [s\src\hotspot\share\prims\jni.cpp, line 516]
Event: 6168.237 Thread 0x000002616e3ba8a0 Exception <a 'java/io/IOException'{0x00000000eb44f988}> (0x00000000eb44f988) 
thrown [s\src\hotspot\share\prims\jni.cpp, line 516]
Event: 6168.237 Thread 0x000002616e3ba8a0 Exception <a 'java/io/IOException'{0x00000000eb44fd38}> (0x00000000eb44fd38) 
thrown [s\src\hotspot\share\prims\jni.cpp, line 516]
Event: 6168.344 Thread 0x000002616edd3320 Exception <a 'java/io/IOException'{0x00000000eacc1560}> (0x00000000eacc1560) 
thrown [s\src\hotspot\share\prims\jni.cpp, line 516]
Event: 6168.344 Thread 0x000002616edd3320 Exception <a 'java/io/IOException'{0x00000000eacc1910}> (0x00000000eacc1910) 
thrown [s\src\hotspot\share\prims\jni.cpp, line 516]
Event: 6168.344 Thread 0x000002616edd3320 Exception <a 'java/io/IOException'{0x00000000eacc1cc0}> (0x00000000eacc1cc0) 
thrown [s\src\hotspot\share\prims\jni.cpp, line 516]
Event: 6168.344 Thread 0x000002616edd3320 Exception <a 'java/io/IOException'{0x00000000eacc2f58}> (0x00000000eacc2f58) 
thrown [s\src\hotspot\share\prims\jni.cpp, line 516]
Event: 6168.344 Thread 0x000002616edd3320 Exception <a 'java/io/IOException'{0x00000000eacc3308}> (0x00000000eacc3308) 
thrown [s\src\hotspot\share\prims\jni.cpp, line 516]
Event: 6168.344 Thread 0x000002616edd3320 Exception <a 'java/io/IOException'{0x00000000eacc36b8}> (0x00000000eacc36b8) 
thrown [s\src\hotspot\share\prims\jni.cpp, line 516]
Event: 6168.456 Thread 0x0000026170b5c7b0 Exception <a 'java/lang/NoSuchMethodError'{0x00000000eb558e98}: 'void java.lang.invoke.DirectMethodHandle$Holder.invokeInterface(java.lang.Object, java.lang.Object)'> (0x00000000eb558e98) 
thrown [s\src\hotspot\share\interpreter\linkResolver.cpp, line 759]
Event: 6169.175 Thread 0x0000026170b5c7b0 Exception <a 'java/lang/NoSuchMethodError'{0x00000000eb6b2ba8}: 'void java.lang.invoke.DirectMethodHandle$Holder.invokeStatic(java.lang.Object, java.lang.Object, java.lang.Object, int, java.lang.Object)'> (0x00000000eb6b2ba8) 
thrown [s\src\hotspot\share\interpreter\linkResolver.cpp, line 759]

VM Operations (20 events):
Event: 1697.786 Executing VM operation: Cleanup
Event: 1697.786 Executing VM operation: Cleanup done
Event: 3573.259 Executing VM operation: Cleanup
Event: 3573.262 Executing VM operation: Cleanup done
Event: 3622.404 Executing VM operation: ParallelGCFailedAllocation
Event: 3622.433 Executing VM operation: ParallelGCFailedAllocation done
Event: 3818.191 Executing VM operation: Cleanup
Event: 3818.192 Executing VM operation: Cleanup done
Event: 3930.410 Executing VM operation: Cleanup
Event: 3930.410 Executing VM operation: Cleanup done
Event: 4230.222 Executing VM operation: Cleanup
Event: 4230.223 Executing VM operation: Cleanup done
Event: 4751.146 Executing VM operation: Cleanup
Event: 4751.146 Executing VM operation: Cleanup done
Event: 5350.178 Executing VM operation: ParallelGCFailedAllocation
Event: 5350.204 Executing VM operation: ParallelGCFailedAllocation done
Event: 6167.734 Executing VM operation: Cleanup
Event: 6167.766 Executing VM operation: Cleanup done
Event: 6168.580 Executing VM operation: HandshakeAllThreads
Event: 6168.580 Executing VM operation: HandshakeAllThreads done

Events (20 events):
Event: 6168.133 Thread 0x0000026170b5d620 Thread exited: 0x0000026170b5d620
Event: 6168.133 Thread 0x0000026170b60fe0 Thread exited: 0x0000026170b60fe0
Event: 6168.133 Thread 0x0000026170b5c7b0 Thread exited: 0x0000026170b5c7b0
Event: 6168.133 Thread 0x0000026170b62320 Thread exited: 0x0000026170b62320
Event: 6168.133 Thread 0x0000026170b5ee30 Thread exited: 0x0000026170b5ee30
Event: 6168.133 Thread 0x0000026170b63660 Thread exited: 0x0000026170b63660
Event: 6168.133 Thread 0x0000026170b5f7d0 Thread exited: 0x0000026170b5f7d0
Event: 6168.276 Thread 0x0000026170b5c7b0 Thread added: 0x0000026170b5c7b0
Event: 6168.337 Thread 0x0000026170b5cc80 Thread added: 0x0000026170b5cc80
Event: 6169.101 Thread 0x000002616e3bad70 Thread exited: 0x000002616e3bad70
Event: 6169.132 loading class javax/security/auth/login/Configuration
Event: 6169.133 loading class javax/security/auth/login/Configuration done
Event: 6169.143 Thread 0x000002616edd3320 Thread exited: 0x000002616edd3320
Event: 6169.143 Thread 0x000002616e3ba8a0 Thread exited: 0x000002616e3ba8a0
Event: 6169.143 Thread 0x000002616eb656e0 Thread exited: 0x000002616eb656e0
Event: 6169.147 Thread 0x0000026170b5cc80 Thread exited: 0x0000026170b5cc80
Event: 6169.148 Thread 0x000002616e4ad990 Thread exited: 0x000002616e4ad990
Event: 6169.151 loading class java/net/UrlDeserializedState
Event: 6169.152 loading class java/net/UrlDeserializedState done
Event: 6169.174 Thread 0x000002616e3f8160 Thread exited: 0x000002616e3f8160


Dynamic libraries:
0x00007ff7aaed0000 - 0x00007ff7aaede000 	c:\Users\Administrator\.vscode\extensions\redhat.java-1.18.0-win32-x64\jre\17.0.7-win32-x86_64\bin\java.exe
0x00007ff9af150000 - 0x00007ff9af345000 	C:\windows\SYSTEM32\ntdll.dll
0x00007ff9aec80000 - 0x00007ff9aed3e000 	C:\windows\System32\KERNEL32.DLL
0x00007ff9acbc0000 - 0x00007ff9ace88000 	C:\windows\System32\KERNELBASE.dll
0x00007ff9aca90000 - 0x00007ff9acb90000 	C:\windows\System32\ucrtbase.dll
0x00007ff969600000 - 0x00007ff969617000 	c:\Users\Administrator\.vscode\extensions\redhat.java-1.18.0-win32-x64\jre\17.0.7-win32-x86_64\bin\jli.dll
0x00007ff9ad1b0000 - 0x00007ff9ad350000 	C:\windows\System32\USER32.dll
0x00007ff9acb90000 - 0x00007ff9acbb2000 	C:\windows\System32\win32u.dll
0x00007ff9aef50000 - 0x00007ff9aef7b000 	C:\windows\System32\GDI32.dll
0x00007ff9ac980000 - 0x00007ff9aca8b000 	C:\windows\System32\gdi32full.dll
0x00007ff9ac8e0000 - 0x00007ff9ac97d000 	C:\windows\System32\msvcp_win.dll
0x00007ff9695e0000 - 0x00007ff9695f9000 	c:\Users\Administrator\.vscode\extensions\redhat.java-1.18.0-win32-x64\jre\17.0.7-win32-x86_64\bin\VCRUNTIME140.dll
0x00007ff998960000 - 0x00007ff998bfa000 	C:\windows\WinSxS\amd64_microsoft.windows.common-controls_6595b64144ccf1df_6.0.19041.1110_none_60b5254171f9507e\COMCTL32.dll
0x00007ff9ad350000 - 0x00007ff9ad3ee000 	C:\windows\System32\msvcrt.dll
0x00007ff9adbd0000 - 0x00007ff9adc00000 	C:\windows\System32\IMM32.DLL
0x0000000076780000 - 0x000000007678c000 	C:\Program Files (x86)\360\360Safe\safemon\SafeWrapper.dll
0x00007ff9ad5b0000 - 0x00007ff9ad65e000 	C:\windows\System32\ADVAPI32.dll
0x00007ff9ae180000 - 0x00007ff9ae21c000 	C:\windows\System32\sechost.dll
0x00007ff9aefe0000 - 0x00007ff9af105000 	C:\windows\System32\RPCRT4.dll
0x00007ff99aed0000 - 0x00007ff99af62000 	C:\Program Files (x86)\360\360Safe\safemon\libzdtp64.dll
0x00007ff9ae4a0000 - 0x00007ff9aebe4000 	C:\windows\System32\SHELL32.dll
0x00007ff9ad3f0000 - 0x00007ff9ad445000 	C:\windows\System32\SHLWAPI.dll
0x00007ff9ac410000 - 0x00007ff9ac41a000 	C:\windows\SYSTEM32\VERSION.dll
0x00007ff9972e0000 - 0x00007ff9972ec000 	c:\Users\Administrator\.vscode\extensions\redhat.java-1.18.0-win32-x64\jre\17.0.7-win32-x86_64\bin\vcruntime140_1.dll
0x00007ff9681d0000 - 0x00007ff968261000 	c:\Users\Administrator\.vscode\extensions\redhat.java-1.18.0-win32-x64\jre\17.0.7-win32-x86_64\bin\msvcp140.dll
0x00007ff967260000 - 0x00007ff967ea8000 	c:\Users\Administrator\.vscode\extensions\redhat.java-1.18.0-win32-x64\jre\17.0.7-win32-x86_64\bin\server\jvm.dll
0x00007ff9a45f0000 - 0x00007ff9a4617000 	C:\windows\SYSTEM32\WINMM.dll
0x00007ff9a0400000 - 0x00007ff9a0409000 	C:\windows\SYSTEM32\WSOCK32.dll
0x00007ff9ae110000 - 0x00007ff9ae17b000 	C:\windows\System32\WS2_32.dll
0x00007ff9aa6f0000 - 0x00007ff9aa702000 	C:\windows\SYSTEM32\kernel.appcore.dll
0x00007ff996b80000 - 0x00007ff996b8a000 	c:\Users\Administrator\.vscode\extensions\redhat.java-1.18.0-win32-x64\jre\17.0.7-win32-x86_64\bin\jimage.dll
0x00007ff9a2060000 - 0x00007ff9a2244000 	C:\windows\SYSTEM32\DBGHELP.DLL
0x00007ff9a7b40000 - 0x00007ff9a7b6c000 	C:\windows\SYSTEM32\dbgcore.DLL
0x00007ff9ace90000 - 0x00007ff9acf12000 	C:\windows\System32\bcryptPrimitives.dll
0x00007ff9966f0000 - 0x00007ff9966fe000 	c:\Users\Administrator\.vscode\extensions\redhat.java-1.18.0-win32-x64\jre\17.0.7-win32-x86_64\bin\instrument.dll
0x00007ff9690e0000 - 0x00007ff969105000 	c:\Users\Administrator\.vscode\extensions\redhat.java-1.18.0-win32-x64\jre\17.0.7-win32-x86_64\bin\java.dll
0x00007ff9695c0000 - 0x00007ff9695d8000 	c:\Users\Administrator\.vscode\extensions\redhat.java-1.18.0-win32-x64\jre\17.0.7-win32-x86_64\bin\zip.dll
0x00007ff9aa8f0000 - 0x00007ff9ab084000 	C:\windows\SYSTEM32\windows.storage.dll
0x00007ff9ad660000 - 0x00007ff9ad9b4000 	C:\windows\System32\combase.dll
0x00007ff9ac180000 - 0x00007ff9ac1ac000 	C:\windows\SYSTEM32\Wldp.dll
0x00007ff9ad450000 - 0x00007ff9ad4fd000 	C:\windows\System32\SHCORE.dll
0x00007ff9ac7b0000 - 0x00007ff9ac7cf000 	C:\windows\SYSTEM32\profapi.dll
0x00007ff969150000 - 0x00007ff969169000 	C:\Users\Administrator\.vscode\extensions\redhat.java-1.18.0-win32-x64\jre\17.0.7-win32-x86_64\bin\net.dll
0x00007ff9a3d60000 - 0x00007ff9a3e69000 	C:\windows\SYSTEM32\WINHTTP.dll
0x00007ff9abf60000 - 0x00007ff9abfca000 	C:\windows\system32\mswsock.dll
0x00007ff969130000 - 0x00007ff969145000 	C:\Users\Administrator\.vscode\extensions\redhat.java-1.18.0-win32-x64\jre\17.0.7-win32-x86_64\bin\nio.dll
0x00007ff9a72c0000 - 0x00007ff9a72d0000 	c:\Users\Administrator\.vscode\extensions\redhat.java-1.18.0-win32-x64\jre\17.0.7-win32-x86_64\bin\verify.dll
0x00007ff968150000 - 0x00007ff96818e000 	C:\Users\Administrator\AppData\Roaming\Code\User\globalStorage\redhat.java\1.18.0\config_win\org.eclipse.equinox.launcher\org.eclipse.equinox.launcher.win32.win32.x86_64_1.2.700.v20221108-1024\eclipse_11801.dll
0x00007ff9adaa0000 - 0x00007ff9adbca000 	C:\windows\System32\ole32.dll
0x00007ff9ac1c0000 - 0x00007ff9ac1d8000 	C:\windows\SYSTEM32\CRYPTSP.dll
0x00007ff9ab890000 - 0x00007ff9ab8c4000 	C:\windows\system32\rsaenh.dll
0x00007ff9acf20000 - 0x00007ff9acf47000 	C:\windows\System32\bcrypt.dll
0x00007ff9ac770000 - 0x00007ff9ac79e000 	C:\windows\SYSTEM32\USERENV.dll
0x00007ff9ac0f0000 - 0x00007ff9ac0fc000 	C:\windows\SYSTEM32\CRYPTBASE.dll
0x00007ff9abc20000 - 0x00007ff9abc5b000 	C:\windows\SYSTEM32\IPHLPAPI.DLL
0x00007ff9adc00000 - 0x00007ff9adc08000 	C:\windows\System32\NSI.dll
0x00007ff9a69a0000 - 0x00007ff9a69b7000 	C:\windows\SYSTEM32\dhcpcsvc6.DLL
0x00007ff9a6c40000 - 0x00007ff9a6c5d000 	C:\windows\SYSTEM32\dhcpcsvc.DLL
0x00007ff9abc70000 - 0x00007ff9abd3a000 	C:\windows\SYSTEM32\DNSAPI.dll
0x00007ff9680b0000 - 0x00007ff9680f5000 	C:\Users\Administrator\AppData\Local\Temp\jna-146731693\jna14992793047851452365.dll
0x00007ff9adc30000 - 0x00007ff9adc38000 	C:\windows\System32\PSAPI.DLL
0x00007ff9652e0000 - 0x00007ff965307000 	C:\Users\Administrator\.gradle\native\e1d6ef7f7dcc3fd88c89a11ec53ec762bb8ba0a96d01ffa2cd45eb1d1d8dd5c5\windows-amd64\native-platform.dll
0x00007ff991540000 - 0x00007ff991549000 	C:\Users\Administrator\.vscode\extensions\redhat.java-1.18.0-win32-x64\jre\17.0.7-win32-x86_64\bin\management.dll
0x00007ff98f6c0000 - 0x00007ff98f6cb000 	C:\Users\Administrator\.vscode\extensions\redhat.java-1.18.0-win32-x64\jre\17.0.7-win32-x86_64\bin\management_ext.dll
0x00007ff98f140000 - 0x00007ff98f14e000 	C:\Users\Administrator\.vscode\extensions\redhat.java-1.18.0-win32-x64\jre\17.0.7-win32-x86_64\bin\sunmscapi.dll
0x00007ff9ad050000 - 0x00007ff9ad1a6000 	C:\windows\System32\CRYPT32.dll
0x00007ff9ac2d0000 - 0x00007ff9ac2f7000 	C:\windows\SYSTEM32\ncrypt.dll
0x00007ff9ac290000 - 0x00007ff9ac2cb000 	C:\windows\SYSTEM32\NTASN1.dll
0x00007ff997310000 - 0x00007ff997317000 	C:\windows\system32\wshunix.dll
0x00007ff9ab4c0000 - 0x00007ff9ab4f3000 	C:\windows\SYSTEM32\ntmarta.dll

dbghelp: loaded successfully - version: 4.0.5 - missing functions: none
symbol engine: initialized successfully - sym options: 0x614 - pdb path: .;c:\Users\Administrator\.vscode\extensions\redhat.java-1.18.0-win32-x64\jre\17.0.7-win32-x86_64\bin;C:\windows\SYSTEM32;C:\windows\WinSxS\amd64_microsoft.windows.common-controls_6595b64144ccf1df_6.0.19041.1110_none_60b5254171f9507e;C:\Program Files (x86)\360\360Safe\safemon;c:\Users\Administrator\.vscode\extensions\redhat.java-1.18.0-win32-x64\jre\17.0.7-win32-x86_64\bin\server;C:\Users\Administrator\AppData\Roaming\Code\User\globalStorage\redhat.java\1.18.0\config_win\org.eclipse.equinox.launcher\org.eclipse.equinox.launcher.win32.win32.x86_64_1.2.700.v20221108-1024;C:\Users\Administrator\AppData\Local\Temp\jna-146731693;C:\Users\Administrator\.gradle\native\e1d6ef7f7dcc3fd88c89a11ec53ec762bb8ba0a96d01ffa2cd45eb1d1d8dd5c5\windows-amd64

VM Arguments:
jvm_args: --add-modules=ALL-SYSTEM --add-opens=java.base/java.util=ALL-UNNAMED --add-opens=java.base/java.lang=ALL-UNNAMED --add-opens=java.base/sun.nio.fs=ALL-UNNAMED -Declipse.application=org.eclipse.jdt.ls.core.id1 -Dosgi.bundles.defaultStartLevel=4 -Declipse.product=org.eclipse.jdt.ls.core.product -Djava.import.generatesMetadataFilesAtProjectRoot=false -Dfile.encoding=utf8 -XX:+UseParallelGC -XX:GCTimeRatio=4 -XX:AdaptiveSizePolicyWeight=90 -Dsun.zip.disableMemoryMapping=true -Xmx1G -Xms100m -Xlog:disable -javaagent:c:\Users\Administrator\.vscode\extensions\redhat.java-1.18.0-win32-x64\lombok\lombok-1.18.27.jar -XX:+HeapDumpOnOutOfMemoryError -XX:HeapDumpPath=c:\Users\Administrator\AppData\Roaming\Code\User\workspaceStorage\0b4fc39f22b7432ed661c19a9ed79657\redhat.java -Daether.dependencyCollector.impl=bf 
java_command: c:\Users\Administrator\.vscode\extensions\redhat.java-1.18.0-win32-x64\server\plugins\org.eclipse.equinox.launcher_1.6.400.v20210924-0641.jar -configuration c:\Users\Administrator\AppData\Roaming\Code\User\globalStorage\redhat.java\1.18.0\config_win -data c:\Users\Administrator\AppData\Roaming\Code\User\workspaceStorage\0b4fc39f22b7432ed661c19a9ed79657\redhat.java\jdt_ws
java_class_path (initial): c:\Users\Administrator\.vscode\extensions\redhat.java-1.18.0-win32-x64\server\plugins\org.eclipse.equinox.launcher_1.6.400.v20210924-0641.jar
Launcher Type: SUN_STANDARD

[Global flags]
    uintx AdaptiveSizePolicyWeight                 = 90                                        {product} {command line}
     intx CICompilerCount                          = 4                                         {product} {ergonomic}
    uintx GCTimeRatio                              = 4                                         {product} {command line}
     bool HeapDumpOnOutOfMemoryError               = true                                   {manageable} {command line}
    ccstr HeapDumpPath                             = c:\Users\Administrator\AppData\Roaming\Code\User\workspaceStorage\0b4fc39f22b7432ed661c19a9ed79657\redhat.java         {manageable} {command line}
   size_t InitialHeapSize                          = 104857600                                 {product} {command line}
   size_t MaxHeapSize                              = 1073741824                                {product} {command line}
   size_t MaxNewSize                               = 357564416                                 {product} {ergonomic}
   size_t MinHeapDeltaBytes                        = 524288                                    {product} {ergonomic}
   size_t MinHeapSize                              = 104857600                                 {product} {command line}
   size_t NewSize                                  = 34603008                                  {product} {ergonomic}
    uintx NonNMethodCodeHeapSize                   = 5839372                                {pd product} {ergonomic}
    uintx NonProfiledCodeHeapSize                  = 122909434                              {pd product} {ergonomic}
   size_t OldSize                                  = 70254592                                  {product} {ergonomic}
    uintx ProfiledCodeHeapSize                     = 122909434                              {pd product} {ergonomic}
    uintx ReservedCodeCacheSize                    = 251658240                              {pd product} {ergonomic}
     bool SegmentedCodeCache                       = true                                      {product} {ergonomic}
   size_t SoftMaxHeapSize                          = 1073741824                             {manageable} {ergonomic}
     bool UseCompressedClassPointers               = true                           {product lp64_product} {ergonomic}
     bool UseCompressedOops                        = true                           {product lp64_product} {ergonomic}
     bool UseLargePagesIndividualAllocation        = false                                  {pd product} {ergonomic}
     bool UseParallelGC                            = true                                      {product} {command line}

Logging:
Log output configuration:
 #0: stdout all=off uptime,level,tags
 #1: stderr all=off uptime,level,tags

Environment Variables:
JAVA_HOME=C:\Program Files\Java\jdk-11
CLASSPATH=.;C:\Program Files\Java\jdk-11libdt.jar;C:\Program Files\Java\jdk-11lib ools.jar
PATH=C:\Program Files (x86)\Common Files\Intel\Shared Libraries\redist\intel64\compiler;C:\Program Files\Common Files\Oracle\Java\javapath;C:\Python311\Scripts\;C:\Python311\;C:\windows\system32;C:\windows;C:\windows\System32\Wbem;C:\windows\System32\WindowsPowerShell\v1.0\;C:\windows\System32\OpenSSH\;C:\ProgramData\chocolatey\bin;C:\Program Files\Java\jdk-11\bin;C:\Program Files\Java\jdk-11\jrein;C:\Program Files\nodejs\;C:\Program Files (x86)\NVIDIA Corporation\PhysX\Common;C:\Program Files\NVIDIA Corporation\NVIDIA NvDLISR;C:\Program Files\Git\cmd;C:\Users\Administrator\AppData\Local\Microsoft\WindowsApps;C:\Users\Administrator\AppData\Local\Programs\Microsoft VS Code\bin;C:\Users\Administrator\AppData\Roaming\npm;C:\Users\Administrator\AppData\Local\Android\Sdk\emulator;C:\Users\Administrator\AppData\Local\Android\Sdk\tools\bin;C:\Users\Administrator\AppData\Local\Android\Sdk\platform-tools;C:\Program Files\OpenSSL-Win64\bin;
USERNAME=Administrator
OS=Windows_NT
PROCESSOR_IDENTIFIER=Intel64 Family 6 Model 165 Stepping 3, GenuineIntel
TMP=C:\Users\ADMINI~1\AppData\Local\Temp
TEMP=C:\Users\ADMINI~1\AppData\Local\Temp



---------------  S Y S T E M  ---------------

OS:
 Windows 10 , 64 bit Build 19041 (10.0.19041.1566)
OS uptime: 0 days 4:42 hours
Hyper-V role detected

CPU: total 12 (initial active 12) (6 cores per cpu, 2 threads per core) family 6 model 165 stepping 3 microcode 0xf0, cx8, cmov, fxsr, ht, mmx, 3dnowpref, sse, sse2, sse3, ssse3, sse4.1, sse4.2, popcnt, lzcnt, tsc, tscinvbit, avx, avx2, aes, erms, clmul, bmi1, bmi2, adx, fma, vzeroupper, clflush, clflushopt, hv

Memory: 4k page, system-wide physical 8107M (267M free)
TotalPageFile size 27308M (AvailPageFile size 0M)
current process WorkingSet (physical memory assigned to process): 132M, peak: 277M
current process commit charge ("private bytes"): 320M, peak: 341M

vm_info: OpenJDK 64-Bit Server VM (17.0.7+7) for windows-amd64 JRE (17.0.7+7), built on Apr 18 2023 22:10:42 by "temurin" with MS VC++ 16.7 (VS2019)

END.
