#
# There is insufficient memory for the Java Runtime Environment to continue.
# Native memory allocation (mmap) failed to map 65536 bytes for Failed to commit metaspace.
# Possible reasons:
#   The system is out of physical RAM or swap space
#   The process is running with CompressedOops enabled, and the Java Heap may be blocking the growth of the native heap
# Possible solutions:
#   Reduce memory load on the system
#   Increase physical memory or swap space
#   Check if swap backing store is full
#   Decrease Java heap size (-Xmx/-Xms)
#   Decrease number of Java threads
#   Decrease Java thread stack sizes (-Xss)
#   Set larger code cache with -XX:ReservedCodeCacheSize=
#   JVM is running with Unscaled Compressed Oops mode in which the Java heap is
#     placed in the first 4GB address space. The Java Heap base address is the
#     maximum limit for the native heap growth. Please use -XX:HeapBaseMinAddress
#     to set the Java Heap base and to place the Java Heap above 4GB virtual address.
# This output file may be truncated or incomplete.
#
#  Out of Memory Error (virtualSpaceNode.cpp:110), pid=2712, tid=4936
#
# JRE version: OpenJDK Runtime Environment Temurin-17.0.7+7 (17.0.7+7) (build 17.0.7+7)
# Java VM: OpenJDK 64-Bit Server VM Temurin-17.0.7+7 (17.0.7+7, mixed mode, tiered, compressed oops, compressed class ptrs, parallel gc, windows-amd64)
# No core dump will be written. Minidumps are not enabled by default on client versions of Windows
#

---------------  S U M M A R Y ------------

Command Line: --add-modules=ALL-SYSTEM --add-opens=java.base/java.util=ALL-UNNAMED --add-opens=java.base/java.lang=ALL-UNNAMED --add-opens=java.base/sun.nio.fs=ALL-UNNAMED -Declipse.application=org.eclipse.jdt.ls.core.id1 -Dosgi.bundles.defaultStartLevel=4 -Declipse.product=org.eclipse.jdt.ls.core.product -Djava.import.generatesMetadataFilesAtProjectRoot=false -Dfile.encoding=utf8 -XX:+UseParallelGC -XX:GCTimeRatio=4 -XX:AdaptiveSizePolicyWeight=90 -Dsun.zip.disableMemoryMapping=true -Xmx1G -Xms100m -Xlog:disable -javaagent:c:\Users\Administrator\.vscode\extensions\redhat.java-1.18.0-win32-x64\lombok\lombok-1.18.27.jar c:\Users\Administrator\.vscode\extensions\redhat.java-1.18.0-win32-x64\server\plugins\org.eclipse.equinox.launcher_1.6.400.v20210924-0641.jar -configuration c:\Users\Administrator\AppData\Roaming\Code\User\globalStorage\redhat.java\1.18.0\config_ss_win -data c:\Users\Administrator\AppData\Roaming\Code\User\workspaceStorage\0b4fc39f22b7432ed661c19a9ed79657\redhat.java\ss_ws

Host: Intel(R) Core(TM) i5-10400F CPU @ 2.90GHz, 12 cores, 7G,  Windows 10 , 64 bit Build 19041 (10.0.19041.1566)
Time: Fri Jun  2 10:03:23 2023  Windows 10 , 64 bit Build 19041 (10.0.19041.1566) elapsed time: 2.160353 seconds (0d 0h 0m 2s)

---------------  T H R E A D  ---------------

Current thread (0x00000245cbfdc470):  JavaThread "Start Level: Equinox Container: 3eb2c8ce-85c3-4eeb-93c5-2d9fc9dfee3b" daemon [_thread_in_vm, id=4936, stack(0x000000d397600000,0x000000d397700000)]

Stack: [0x000000d397600000,0x000000d397700000]
Native frames: (J=compiled Java code, j=interpreted, Vv=VM code, C=native code)
V  [jvm.dll+0x67754a]
V  [jvm.dll+0x834304]
V  [jvm.dll+0x835aae]
V  [jvm.dll+0x836113]
V  [jvm.dll+0x24696f]
V  [jvm.dll+0x83039b]
V  [jvm.dll+0x61c006]
V  [jvm.dll+0x1c169e]
V  [jvm.dll+0x61e961]
V  [jvm.dll+0x61c9a6]
V  [jvm.dll+0x2442bc]
V  [jvm.dll+0x6cdf4d]
V  [jvm.dll+0x6ce97f]
V  [jvm.dll+0x371b23]
V  [jvm.dll+0x371996]
V  [jvm.dll+0x371996]
V  [jvm.dll+0x370bc4]
V  [jvm.dll+0x370b68]
V  [jvm.dll+0x380a8a]
C  0x00000245ba94ae1b

Java frames: (J=compiled Java code, j=interpreted, Vv=VM code)
j  org.eclipse.jdt.internal.core.JavaModelManager.<init>()V+5
j  org.eclipse.jdt.internal.core.JavaModelManager.<clinit>()V+87
v  ~StubRoutines::call_stub
j  org.eclipse.jdt.core.JavaCore.start(Lorg/osgi/framework/BundleContext;)V+6
j  org.eclipse.osgi.internal.framework.BundleContextImpl$2.run()Ljava/lang/Void;+23
j  org.eclipse.osgi.internal.framework.BundleContextImpl$2.run()Ljava/lang/Object;+1
J 1182 c1 java.security.AccessController.executePrivileged(Ljava/security/PrivilegedExceptionAction;Ljava/security/AccessControlContext;Ljava/lang/Class;)Ljava/lang/Object; java.base@17.0.7 (65 bytes) @ 0x00000245b36098b4 [0x00000245b3609760+0x0000000000000154]
j  java.security.AccessController.doPrivileged(Ljava/security/PrivilegedExceptionAction;)Ljava/lang/Object;+9 java.base@17.0.7
j  org.eclipse.osgi.internal.framework.BundleContextImpl.startActivator(Lorg/osgi/framework/BundleActivator;)V+9
j  org.eclipse.osgi.internal.framework.BundleContextImpl.start()V+134
j  org.eclipse.osgi.internal.framework.EquinoxBundle.startWorker0()V+35
j  org.eclipse.osgi.internal.framework.EquinoxBundle$EquinoxModule.startWorker()V+4
j  org.eclipse.osgi.container.Module.doStart([Lorg/eclipse/osgi/container/Module$StartOptions;)Lorg/eclipse/osgi/container/ModuleContainerAdaptor$ModuleEvent;+190
J 2065 c1 org.eclipse.osgi.container.Module.start([Lorg/eclipse/osgi/container/Module$StartOptions;)V (655 bytes) @ 0x00000245b37ec554 [0x00000245b37ea1e0+0x0000000000002374]
j  org.eclipse.osgi.framework.util.SecureAction.start(Lorg/eclipse/osgi/container/Module;[Lorg/eclipse/osgi/container/Module$StartOptions;)V+8
J 1701 c1 org.eclipse.osgi.internal.hooks.EclipseLazyStarter.postFindLocalClass(Ljava/lang/String;Ljava/lang/Class;Lorg/eclipse/osgi/internal/loader/classpath/ClasspathManager;)V (394 bytes) @ 0x00000245b3718d5c [0x00000245b3717de0+0x0000000000000f7c]
J 1804 c1 org.eclipse.osgi.internal.loader.classpath.ClasspathManager.findLocalClass(Ljava/lang/String;)Ljava/lang/Class; (210 bytes) @ 0x00000245b374a854 [0x00000245b37498a0+0x0000000000000fb4]
J 1699 c1 org.eclipse.osgi.internal.loader.BundleLoader.findLocalClass(Ljava/lang/String;)Ljava/lang/Class; (152 bytes) @ 0x00000245b3715dec [0x00000245b37155a0+0x000000000000084c]
J 1927 c1 org.eclipse.osgi.internal.loader.sources.SingleSourcePackage.loadClass(Ljava/lang/String;)Ljava/lang/Class; (9 bytes) @ 0x00000245b37919bc [0x00000245b37918c0+0x00000000000000fc]
J 1628 c1 org.eclipse.osgi.internal.loader.BundleLoader.findClass0(Ljava/lang/String;ZZ)Ljava/lang/Class; (466 bytes) @ 0x00000245b36e9c9c [0x00000245b36e76a0+0x00000000000025fc]
J 1627 c1 org.eclipse.osgi.internal.loader.BundleLoader.findClass(Ljava/lang/String;)Ljava/lang/Class; (8 bytes) @ 0x00000245b36e6d9c [0x00000245b36e6d20+0x000000000000007c]
J 1629 c1 org.eclipse.osgi.internal.loader.ModuleClassLoader.loadClass(Ljava/lang/String;Z)Ljava/lang/Class; (36 bytes) @ 0x00000245b36ecdbc [0x00000245b36ecba0+0x000000000000021c]
J 811 c1 java.lang.ClassLoader.loadClass(Ljava/lang/String;)Ljava/lang/Class; java.base@17.0.7 (7 bytes) @ 0x00000245b354c43c [0x00000245b354c340+0x00000000000000fc]
v  ~StubRoutines::call_stub
j  java.lang.Class.getDeclaredConstructors0(Z)[Ljava/lang/reflect/Constructor;+0 java.base@17.0.7
j  java.lang.Class.privateGetDeclaredConstructors(Z)[Ljava/lang/reflect/Constructor;+52 java.base@17.0.7
j  java.lang.Class.getConstructor0([Ljava/lang/Class;I)Ljava/lang/reflect/Constructor;+14 java.base@17.0.7
j  java.lang.Class.getConstructor([Ljava/lang/Class;)Ljava/lang/reflect/Constructor;+24 java.base@17.0.7
j  org.eclipse.osgi.internal.framework.BundleContextImpl.loadBundleActivator()Lorg/osgi/framework/BundleActivator;+105
j  org.eclipse.osgi.internal.framework.BundleContextImpl.start()V+18
j  org.eclipse.osgi.internal.framework.EquinoxBundle.startWorker0()V+35
j  org.eclipse.osgi.internal.framework.EquinoxBundle$EquinoxModule.startWorker()V+4
j  org.eclipse.osgi.container.Module.doStart([Lorg/eclipse/osgi/container/Module$StartOptions;)Lorg/eclipse/osgi/container/ModuleContainerAdaptor$ModuleEvent;+190
j  org.eclipse.osgi.container.Module.start([Lorg/eclipse/osgi/container/Module$StartOptions;)V+460
j  org.eclipse.osgi.container.ModuleContainer$ContainerStartLevel$2.run()V+71
j  org.eclipse.osgi.internal.framework.EquinoxContainerAdaptor$1$1.execute(Ljava/lang/Runnable;)V+1
j  org.eclipse.osgi.container.ModuleContainer$ContainerStartLevel.incStartLevel(ILjava/util/List;Z)V+192
j  org.eclipse.osgi.container.ModuleContainer$ContainerStartLevel.incStartLevel(ILjava/util/List;Ljava/util/List;Ljava/util/List;Ljava/util/List;)V+19
j  org.eclipse.osgi.container.ModuleContainer$ContainerStartLevel.doContainerStartLevel(Lorg/eclipse/osgi/container/Module;I[Lorg/osgi/framework/FrameworkListener;)V+349
j  org.eclipse.osgi.container.ModuleContainer$ContainerStartLevel.dispatchEvent(Lorg/eclipse/osgi/container/Module;[Lorg/osgi/framework/FrameworkListener;ILjava/lang/Integer;)V+32
j  org.eclipse.osgi.container.ModuleContainer$ContainerStartLevel.dispatchEvent(Ljava/lang/Object;Ljava/lang/Object;ILjava/lang/Object;)V+15
j  org.eclipse.osgi.framework.eventmgr.EventManager.dispatchEvent(Ljava/util/Set;Lorg/eclipse/osgi/framework/eventmgr/EventDispatcher;ILjava/lang/Object;)V+48
j  org.eclipse.osgi.framework.eventmgr.EventManager$EventThread.run()V+26
v  ~StubRoutines::call_stub

---------------  P R O C E S S  ---------------

Threads class SMR info:
_java_thread_list=0x00000245cc234f70, length=22, elements={
0x00000245b03bded0, 0x00000245c4d42620, 0x00000245c4d43f90, 0x00000245c9ea53d0,
0x00000245c9ea7e00, 0x00000245c9ead540, 0x00000245c9eb00f0, 0x00000245c9eb5b50,
0x00000245c9eb6fc0, 0x00000245c9eb7cb0, 0x00000245c9f8d3f0, 0x00000245ca195c60,
0x00000245cb5e4220, 0x00000245cb9007c0, 0x00000245cbc6f5e0, 0x00000245cc2e16c0,
0x00000245cbfdc470, 0x00000245cbf6c850, 0x00000245cbf3e840, 0x00000245cc13a8a0,
0x00000245cc25ae10, 0x00000245cc215570
}

Java Threads: ( => current thread )
  0x00000245b03bded0 JavaThread "main" [_thread_blocked, id=8532, stack(0x000000d395d00000,0x000000d395e00000)]
  0x00000245c4d42620 JavaThread "Reference Handler" daemon [_thread_blocked, id=1996, stack(0x000000d396000000,0x000000d396100000)]
  0x00000245c4d43f90 JavaThread "Finalizer" daemon [_thread_blocked, id=8472, stack(0x000000d396100000,0x000000d396200000)]
  0x00000245c9ea53d0 JavaThread "Signal Dispatcher" daemon [_thread_blocked, id=5348, stack(0x000000d396200000,0x000000d396300000)]
  0x00000245c9ea7e00 JavaThread "Attach Listener" daemon [_thread_blocked, id=6880, stack(0x000000d396300000,0x000000d396400000)]
  0x00000245c9ead540 JavaThread "Service Thread" daemon [_thread_blocked, id=11772, stack(0x000000d396400000,0x000000d396500000)]
  0x00000245c9eb00f0 JavaThread "Monitor Deflation Thread" daemon [_thread_blocked, id=10272, stack(0x000000d396500000,0x000000d396600000)]
  0x00000245c9eb5b50 JavaThread "C2 CompilerThread0" daemon [_thread_blocked, id=3612, stack(0x000000d396600000,0x000000d396700000)]
  0x00000245c9eb6fc0 JavaThread "C1 CompilerThread0" daemon [_thread_blocked, id=13972, stack(0x000000d396700000,0x000000d396800000)]
  0x00000245c9eb7cb0 JavaThread "Sweeper thread" daemon [_thread_blocked, id=2284, stack(0x000000d396800000,0x000000d396900000)]
  0x00000245c9f8d3f0 JavaThread "Common-Cleaner" daemon [_thread_blocked, id=10656, stack(0x000000d396900000,0x000000d396a00000)]
  0x00000245ca195c60 JavaThread "Notification Thread" daemon [_thread_blocked, id=928, stack(0x000000d396a00000,0x000000d396b00000)]
  0x00000245cb5e4220 JavaThread "C2 CompilerThread1" daemon [_thread_blocked, id=13080, stack(0x000000d396c00000,0x000000d396d00000)]
  0x00000245cb9007c0 JavaThread "C2 CompilerThread2" daemon [_thread_blocked, id=13968, stack(0x000000d396d00000,0x000000d396e00000)]
  0x00000245cbc6f5e0 JavaThread "Active Thread: Equinox Container: 3eb2c8ce-85c3-4eeb-93c5-2d9fc9dfee3b" [_thread_blocked, id=6392, stack(0x000000d397400000,0x000000d397500000)]
  0x00000245cc2e16c0 JavaThread "Framework Event Dispatcher: Equinox Container: 3eb2c8ce-85c3-4eeb-93c5-2d9fc9dfee3b" daemon [_thread_blocked, id=2192, stack(0x000000d397500000,0x000000d397600000)]
=>0x00000245cbfdc470 JavaThread "Start Level: Equinox Container: 3eb2c8ce-85c3-4eeb-93c5-2d9fc9dfee3b" daemon [_thread_in_vm, id=4936, stack(0x000000d397600000,0x000000d397700000)]
  0x00000245cbf6c850 JavaThread "SCR Component Actor" daemon [_thread_blocked, id=15192, stack(0x000000d397700000,0x000000d397800000)]
  0x00000245cbf3e840 JavaThread "SCR Component Registry" daemon [_thread_blocked, id=4908, stack(0x000000d397900000,0x000000d397a00000)]
  0x00000245cc13a8a0 JavaThread "Worker-JM" [_thread_blocked, id=824, stack(0x000000d397a00000,0x000000d397b00000)]
  0x00000245cc25ae10 JavaThread "Worker-0" [_thread_blocked, id=10212, stack(0x000000d397d00000,0x000000d397e00000)]
  0x00000245cc215570 JavaThread "Worker-1" [_thread_blocked, id=11948, stack(0x000000d397e00000,0x000000d397f00000)]

Other Threads:
  0x00000245b046ece0 VMThread "VM Thread" [stack: 0x000000d395f00000,0x000000d396000000] [id=9820]
  0x00000245ca1d99c0 WatcherThread [stack: 0x000000d396b00000,0x000000d396c00000] [id=15180]
  0x00000245b03d1a40 GCTaskThread "GC Thread#0" [stack: 0x000000d395e00000,0x000000d395f00000] [id=13760]
  0x00000245cbaf7b90 GCTaskThread "GC Thread#1" [stack: 0x000000d396e00000,0x000000d396f00000] [id=6844]
  0x00000245cbaf8250 GCTaskThread "GC Thread#2" [stack: 0x000000d396f00000,0x000000d397000000] [id=984]
  0x00000245cba33fa0 GCTaskThread "GC Thread#3" [stack: 0x000000d397000000,0x000000d397100000] [id=9788]
  0x00000245cba34860 GCTaskThread "GC Thread#4" [stack: 0x000000d397100000,0x000000d397200000] [id=9632]
  0x00000245cba34b10 GCTaskThread "GC Thread#5" [stack: 0x000000d397200000,0x000000d397300000] [id=2436]
  0x00000245cba34dc0 GCTaskThread "GC Thread#6" [stack: 0x000000d397300000,0x000000d397400000] [id=12296]
  0x00000245cbefd810 GCTaskThread "GC Thread#7" [stack: 0x000000d397800000,0x000000d397900000] [id=6160]
  0x00000245cc1ea290 GCTaskThread "GC Thread#8" [stack: 0x000000d397b00000,0x000000d397c00000] [id=14452]
  0x00000245cc1c57a0 GCTaskThread "GC Thread#9" [stack: 0x000000d397c00000,0x000000d397d00000] [id=11480]

Threads with active compile tasks:

VM state: not at safepoint (normal execution)

VM Mutex/Monitor currently owned by a thread:  ([mutex/lock_event])
[0x00000245b03b8d10] Metaspace_lock - owner thread: 0x00000245cbfdc470

Heap address: 0x00000000c0000000, size: 1024 MB, Compressed Oops mode: 32-bit

CDS archive(s) not mapped
Compressed class space mapped at: 0x0000000100000000-0x0000000140000000, reserved size: 1073741824
Narrow klass base: 0x0000000000000000, Narrow klass shift: 3, Narrow klass range: 0x140000000

GC Precious Log:
 CPUs: 12 total, 12 available
 Memory: 8107M
 Large Page Support: Disabled
 NUMA Support: Disabled
 Compressed Oops: Enabled (32-bit)
 Alignments: Space 512K, Generation 512K, Heap 2M
 Heap Min Capacity: 100M
 Heap Initial Capacity: 100M
 Heap Max Capacity: 1G
 Pre-touch: Disabled
 Parallel Workers: 10

Heap:
 PSYoungGen      total 29696K, used 5726K [0x00000000eab00000, 0x00000000ecc00000, 0x0000000100000000)
  eden space 25600K, 22% used [0x00000000eab00000,0x00000000eb097830,0x00000000ec400000)
  from space 4096K, 0% used [0x00000000ec800000,0x00000000ec800000,0x00000000ecc00000)
  to   space 4096K, 0% used [0x00000000ec400000,0x00000000ec400000,0x00000000ec800000)
 ParOldGen       total 68608K, used 7058K [0x00000000c0000000, 0x00000000c4300000, 0x00000000eab00000)
  object space 68608K, 10% used [0x00000000c0000000,0x00000000c06e4820,0x00000000c4300000)
 Metaspace       used 22020K, committed 22400K, reserved 1114112K
  class space    used 2243K, committed 2368K, reserved 1048576K

Card table byte_map: [0x00000245c25e0000,0x00000245c27f0000] _byte_map_base: 0x00000245c1fe0000

Marking Bits: (ParMarkBitMap*) 0x00007ffe64be52c0
 Begin Bits: [0x00000245c2950000, 0x00000245c3950000)
 End Bits:   [0x00000245c3950000, 0x00000245c4950000)

Polling page: 0x00000245b0470000

Metaspace:

Usage:
  Non-class:     19.31 MB used.
      Class:      2.19 MB used.
       Both:     21.50 MB used.

Virtual space:
  Non-class space:       64.00 MB reserved,      19.56 MB ( 31%) committed,  1 nodes.
      Class space:        1.00 GB reserved,       2.31 MB ( <1%) committed,  1 nodes.
             Both:        1.06 GB reserved,      21.88 MB (  2%) committed. 

Chunk freelists:
   Non-Class:  12.17 MB
       Class:  13.69 MB
        Both:  25.86 MB

MaxMetaspaceSize: unlimited
CompressedClassSpaceSize: 1.00 GB
Initial GC threshold: 21.00 MB
Current GC threshold: 35.00 MB
CDS: off
MetaspaceReclaimPolicy: balanced
 - commit_granule_bytes: 65536.
 - commit_granule_words: 8192.
 - virtual_space_node_default_size: 8388608.
 - enlarge_chunks_in_place: 1.
 - new_chunks_are_fully_committed: 0.
 - uncommit_free_chunks: 1.
 - use_allocation_guard: 0.
 - handle_deallocations: 1.


Internal statistics:

num_allocs_failed_limit: 3.
num_arena_births: 194.
num_arena_deaths: 14.
num_vsnodes_births: 2.
num_vsnodes_deaths: 0.
num_space_committed: 350.
num_space_uncommitted: 0.
num_chunks_returned_to_freelist: 17.
num_chunks_taken_from_freelist: 700.
num_chunk_merges: 7.
num_chunk_splits: 455.
num_chunks_enlarged: 328.
num_inconsistent_stats: 0.

CodeHeap 'non-profiled nmethods': size=120000Kb used=869Kb max_used=869Kb free=119130Kb
 bounds [0x00000245baed0000, 0x00000245bb140000, 0x00000245c2400000]
CodeHeap 'profiled nmethods': size=120000Kb used=4316Kb max_used=4316Kb free=115683Kb
 bounds [0x00000245b3400000, 0x00000245b3840000, 0x00000245ba930000]
CodeHeap 'non-nmethods': size=5760Kb used=1196Kb max_used=1216Kb free=4563Kb
 bounds [0x00000245ba930000, 0x00000245baba0000, 0x00000245baed0000]
 total_blobs=2684 nmethods=2188 adapters=410
 compilation: enabled
              stopped_count=0, restarted_count=0
 full_count=0

Compilation events (20 events):
Event: 2.134 Thread 0x00000245c9eb6fc0 nmethod 2178 0x00000245b382d510 code [0x00000245b382d740, 0x00000245b382e098]
Event: 2.136 Thread 0x00000245c9eb6fc0 2179       3       jdk.internal.misc.Unsafe::getInt (7 bytes)
Event: 2.136 Thread 0x00000245c9eb6fc0 nmethod 2179 0x00000245b382e390 code [0x00000245b382e520, 0x00000245b382e638]
Event: 2.147 Thread 0x00000245c9eb6fc0 2180       3       org.objectweb.asm.SymbolTable::addConstantNameAndType (28 bytes)
Event: 2.147 Thread 0x00000245cb9007c0 2181       4       org.objectweb.asm.ClassReader::readUtf (44 bytes)
Event: 2.147 Thread 0x00000245c9eb6fc0 nmethod 2180 0x00000245b382e710 code [0x00000245b382e8e0, 0x00000245b382ec18]
Event: 2.147 Thread 0x00000245c9eb6fc0 2182       3       org.objectweb.asm.SymbolTable::addConstantUtf8Reference (101 bytes)
Event: 2.148 Thread 0x00000245cb5e4220 2185       4       org.objectweb.asm.SymbolTable::get (13 bytes)
Event: 2.148 Thread 0x00000245c9eb6fc0 nmethod 2182 0x00000245b382ee10 code [0x00000245b382f020, 0x00000245b382f5f8]
Event: 2.148 Thread 0x00000245c9eb6fc0 2183       3       org.objectweb.asm.ByteVector::<init> (13 bytes)
Event: 2.148 Thread 0x00000245c9eb6fc0 nmethod 2183 0x00000245b382f910 code [0x00000245b382faa0, 0x00000245b382fcb8]
Event: 2.148 Thread 0x00000245c9eb6fc0 2184       3       org.objectweb.asm.SymbolTable::addConstantClass (8 bytes)
Event: 2.148 Thread 0x00000245c9eb5b50 2186       4       org.objectweb.asm.ClassReader::readUTF8 (23 bytes)
Event: 2.148 Thread 0x00000245c9eb6fc0 nmethod 2184 0x00000245b382fd90 code [0x00000245b382ff20, 0x00000245b3830068]
Event: 2.148 Thread 0x00000245cb5e4220 nmethod 2185 0x00000245bafa7490 code [0x00000245bafa7600, 0x00000245bafa76d8]
Event: 2.148 Thread 0x00000245c9eb6fc0 2187       3       org.objectweb.asm.ClassReader::readMethod (1066 bytes)
Event: 2.154 Thread 0x00000245c9eb6fc0 nmethod 2187 0x00000245b3830110 code [0x00000245b3830860, 0x00000245b3834ea8]
Event: 2.154 Thread 0x00000245c9eb6fc0 2188       3       org.objectweb.asm.ByteVector::putByteArray (49 bytes)
Event: 2.154 Thread 0x00000245c9eb6fc0 nmethod 2188 0x00000245b3836b10 code [0x00000245b3836cc0, 0x00000245b3836f98]
Event: 2.157 Thread 0x00000245cb9007c0 nmethod 2181 0x00000245bafa7790 code [0x00000245bafa7940, 0x00000245bafa8138]

GC Heap History (10 events):
Event: 1.042 GC heap before
{Heap before GC invocations=1 (full 0):
 PSYoungGen      total 29696K, used 25600K [0x00000000eab00000, 0x00000000ecc00000, 0x0000000100000000)
  eden space 25600K, 100% used [0x00000000eab00000,0x00000000ec400000,0x00000000ec400000)
  from space 4096K, 0% used [0x00000000ec800000,0x00000000ec800000,0x00000000ecc00000)
  to   space 4096K, 0% used [0x00000000ec400000,0x00000000ec400000,0x00000000ec800000)
 ParOldGen       total 68608K, used 0K [0x00000000c0000000, 0x00000000c4300000, 0x00000000eab00000)
  object space 68608K, 0% used [0x00000000c0000000,0x00000000c0000000,0x00000000c4300000)
 Metaspace       used 11193K, committed 11328K, reserved 1114112K
  class space    used 1122K, committed 1216K, reserved 1048576K
}
Event: 1.047 GC heap after
{Heap after GC invocations=1 (full 0):
 PSYoungGen      total 29696K, used 3328K [0x00000000eab00000, 0x00000000ecc00000, 0x0000000100000000)
  eden space 25600K, 0% used [0x00000000eab00000,0x00000000eab00000,0x00000000ec400000)
  from space 4096K, 81% used [0x00000000ec400000,0x00000000ec7403b8,0x00000000ec800000)
  to   space 4096K, 0% used [0x00000000ec800000,0x00000000ec800000,0x00000000ecc00000)
 ParOldGen       total 68608K, used 16K [0x00000000c0000000, 0x00000000c4300000, 0x00000000eab00000)
  object space 68608K, 0% used [0x00000000c0000000,0x00000000c0004000,0x00000000c4300000)
 Metaspace       used 11193K, committed 11328K, reserved 1114112K
  class space    used 1122K, committed 1216K, reserved 1048576K
}
Event: 1.648 GC heap before
{Heap before GC invocations=2 (full 0):
 PSYoungGen      total 29696K, used 28928K [0x00000000eab00000, 0x00000000ecc00000, 0x0000000100000000)
  eden space 25600K, 100% used [0x00000000eab00000,0x00000000ec400000,0x00000000ec400000)
  from space 4096K, 81% used [0x00000000ec400000,0x00000000ec7403b8,0x00000000ec800000)
  to   space 4096K, 0% used [0x00000000ec800000,0x00000000ec800000,0x00000000ecc00000)
 ParOldGen       total 68608K, used 16K [0x00000000c0000000, 0x00000000c4300000, 0x00000000eab00000)
  object space 68608K, 0% used [0x00000000c0000000,0x00000000c0004000,0x00000000c4300000)
 Metaspace       used 15455K, committed 15744K, reserved 1114112K
  class space    used 1581K, committed 1728K, reserved 1048576K
}
Event: 1.655 GC heap after
{Heap after GC invocations=2 (full 0):
 PSYoungGen      total 29696K, used 4086K [0x00000000eab00000, 0x00000000ecc00000, 0x0000000100000000)
  eden space 25600K, 0% used [0x00000000eab00000,0x00000000eab00000,0x00000000ec400000)
  from space 4096K, 99% used [0x00000000ec800000,0x00000000ecbfd8c8,0x00000000ecc00000)
  to   space 4096K, 0% used [0x00000000ec400000,0x00000000ec400000,0x00000000ec800000)
 ParOldGen       total 68608K, used 899K [0x00000000c0000000, 0x00000000c4300000, 0x00000000eab00000)
  object space 68608K, 1% used [0x00000000c0000000,0x00000000c00e0ee8,0x00000000c4300000)
 Metaspace       used 15455K, committed 15744K, reserved 1114112K
  class space    used 1581K, committed 1728K, reserved 1048576K
}
Event: 2.039 GC heap before
{Heap before GC invocations=3 (full 0):
 PSYoungGen      total 29696K, used 29686K [0x00000000eab00000, 0x00000000ecc00000, 0x0000000100000000)
  eden space 25600K, 100% used [0x00000000eab00000,0x00000000ec400000,0x00000000ec400000)
  from space 4096K, 99% used [0x00000000ec800000,0x00000000ecbfd8c8,0x00000000ecc00000)
  to   space 4096K, 0% used [0x00000000ec400000,0x00000000ec400000,0x00000000ec800000)
 ParOldGen       total 68608K, used 899K [0x00000000c0000000, 0x00000000c4300000, 0x00000000eab00000)
  object space 68608K, 1% used [0x00000000c0000000,0x00000000c00e0ee8,0x00000000c4300000)
 Metaspace       used 20539K, committed 20928K, reserved 1114112K
  class space    used 2092K, committed 2240K, reserved 1048576K
}
Event: 2.044 GC heap after
{Heap after GC invocations=3 (full 0):
 PSYoungGen      total 29696K, used 4076K [0x00000000eab00000, 0x00000000ecc00000, 0x0000000100000000)
  eden space 25600K, 0% used [0x00000000eab00000,0x00000000eab00000,0x00000000ec400000)
  from space 4096K, 99% used [0x00000000ec400000,0x00000000ec7fb000,0x00000000ec800000)
  to   space 4096K, 0% used [0x00000000ec800000,0x00000000ec800000,0x00000000ecc00000)
 ParOldGen       total 68608K, used 3000K [0x00000000c0000000, 0x00000000c4300000, 0x00000000eab00000)
  object space 68608K, 4% used [0x00000000c0000000,0x00000000c02ee380,0x00000000c4300000)
 Metaspace       used 20539K, committed 20928K, reserved 1114112K
  class space    used 2092K, committed 2240K, reserved 1048576K
}
Event: 2.095 GC heap before
{Heap before GC invocations=4 (full 0):
 PSYoungGen      total 29696K, used 8459K [0x00000000eab00000, 0x00000000ecc00000, 0x0000000100000000)
  eden space 25600K, 17% used [0x00000000eab00000,0x00000000eaf47ee8,0x00000000ec400000)
  from space 4096K, 99% used [0x00000000ec400000,0x00000000ec7fb000,0x00000000ec800000)
  to   space 4096K, 0% used [0x00000000ec800000,0x00000000ec800000,0x00000000ecc00000)
 ParOldGen       total 68608K, used 3000K [0x00000000c0000000, 0x00000000c4300000, 0x00000000eab00000)
  object space 68608K, 4% used [0x00000000c0000000,0x00000000c02ee380,0x00000000c4300000)
 Metaspace       used 21153K, committed 21504K, reserved 1114112K
  class space    used 2161K, committed 2304K, reserved 1048576K
}
Event: 2.097 GC heap after
{Heap after GC invocations=4 (full 0):
 PSYoungGen      total 29696K, used 4091K [0x00000000eab00000, 0x00000000ecc00000, 0x0000000100000000)
  eden space 25600K, 0% used [0x00000000eab00000,0x00000000eab00000,0x00000000ec400000)
  from space 4096K, 99% used [0x00000000ec800000,0x00000000ecbfeff0,0x00000000ecc00000)
  to   space 4096K, 0% used [0x00000000ec400000,0x00000000ec400000,0x00000000ec800000)
 ParOldGen       total 68608K, used 3205K [0x00000000c0000000, 0x00000000c4300000, 0x00000000eab00000)
  object space 68608K, 4% used [0x00000000c0000000,0x00000000c0321530,0x00000000c4300000)
 Metaspace       used 21153K, committed 21504K, reserved 1114112K
  class space    used 2161K, committed 2304K, reserved 1048576K
}
Event: 2.097 GC heap before
{Heap before GC invocations=5 (full 1):
 PSYoungGen      total 29696K, used 4091K [0x00000000eab00000, 0x00000000ecc00000, 0x0000000100000000)
  eden space 25600K, 0% used [0x00000000eab00000,0x00000000eab00000,0x00000000ec400000)
  from space 4096K, 99% used [0x00000000ec800000,0x00000000ecbfeff0,0x00000000ecc00000)
  to   space 4096K, 0% used [0x00000000ec400000,0x00000000ec400000,0x00000000ec800000)
 ParOldGen       total 68608K, used 3205K [0x00000000c0000000, 0x00000000c4300000, 0x00000000eab00000)
  object space 68608K, 4% used [0x00000000c0000000,0x00000000c0321530,0x00000000c4300000)
 Metaspace       used 21153K, committed 21504K, reserved 1114112K
  class space    used 2161K, committed 2304K, reserved 1048576K
}
Event: 2.112 GC heap after
{Heap after GC invocations=5 (full 1):
 PSYoungGen      total 29696K, used 0K [0x00000000eab00000, 0x00000000ecc00000, 0x0000000100000000)
  eden space 25600K, 0% used [0x00000000eab00000,0x00000000eab00000,0x00000000ec400000)
  from space 4096K, 0% used [0x00000000ec800000,0x00000000ec800000,0x00000000ecc00000)
  to   space 4096K, 0% used [0x00000000ec400000,0x00000000ec400000,0x00000000ec800000)
 ParOldGen       total 68608K, used 7058K [0x00000000c0000000, 0x00000000c4300000, 0x00000000eab00000)
  object space 68608K, 10% used [0x00000000c0000000,0x00000000c06e4820,0x00000000c4300000)
 Metaspace       used 21140K, committed 21504K, reserved 1114112K
  class space    used 2157K, committed 2304K, reserved 1048576K
}

Dll operation events (9 events):
Event: 0.016 Loaded shared library c:\Users\Administrator\.vscode\extensions\redhat.java-1.18.0-win32-x64\jre\17.0.7-win32-x86_64\bin\java.dll
Event: 0.210 Loaded shared library c:\Users\Administrator\.vscode\extensions\redhat.java-1.18.0-win32-x64\jre\17.0.7-win32-x86_64\bin\zip.dll
Event: 0.223 Loaded shared library C:\Users\Administrator\.vscode\extensions\redhat.java-1.18.0-win32-x64\jre\17.0.7-win32-x86_64\bin\instrument.dll
Event: 0.254 Loaded shared library C:\Users\Administrator\.vscode\extensions\redhat.java-1.18.0-win32-x64\jre\17.0.7-win32-x86_64\bin\net.dll
Event: 0.259 Loaded shared library C:\Users\Administrator\.vscode\extensions\redhat.java-1.18.0-win32-x64\jre\17.0.7-win32-x86_64\bin\nio.dll
Event: 0.277 Loaded shared library C:\Users\Administrator\.vscode\extensions\redhat.java-1.18.0-win32-x64\jre\17.0.7-win32-x86_64\bin\zip.dll
Event: 0.297 Loaded shared library C:\Users\Administrator\.vscode\extensions\redhat.java-1.18.0-win32-x64\jre\17.0.7-win32-x86_64\bin\jimage.dll
Event: 0.385 Loaded shared library c:\Users\Administrator\.vscode\extensions\redhat.java-1.18.0-win32-x64\jre\17.0.7-win32-x86_64\bin\verify.dll
Event: 1.522 Loaded shared library C:\Users\Administrator\AppData\Roaming\Code\User\globalStorage\redhat.java\1.18.0\config_ss_win\org.eclipse.equinox.launcher\org.eclipse.equinox.launcher.win32.win32.x86_64_1.2.700.v20221108-1024\eclipse_11801.dll

Deoptimization events (20 events):
Event: 1.874 Thread 0x00000245cbfdc470 Uncommon trap: trap_request=0xffffff45 fr.pc=0x00000245baee6e00 relative=0x0000000000000360
Event: 1.874 Thread 0x00000245cbfdc470 Uncommon trap: reason=unstable_if action=reinterpret pc=0x00000245baee6e00 method=java.lang.AbstractStringBuilder.isLatin1()Z @ 10 c2
Event: 1.874 Thread 0x00000245cbfdc470 DEOPT PACKING pc=0x00000245baee6e00 sp=0x000000d3976f8960
Event: 1.874 Thread 0x00000245cbfdc470 DEOPT UNPACKING pc=0x00000245ba9866a3 sp=0x000000d3976f88e0 mode 2
Event: 1.880 Thread 0x00000245cbfdc470 Uncommon trap: trap_request=0xffffff45 fr.pc=0x00000245baef6248 relative=0x0000000000000048
Event: 1.880 Thread 0x00000245cbfdc470 Uncommon trap: reason=unstable_if action=reinterpret pc=0x00000245baef6248 method=java.lang.CharacterData.of(I)Ljava/lang/CharacterData; @ 4 c2
Event: 1.880 Thread 0x00000245cbfdc470 DEOPT PACKING pc=0x00000245baef6248 sp=0x000000d3976f8110
Event: 1.880 Thread 0x00000245cbfdc470 DEOPT UNPACKING pc=0x00000245ba9866a3 sp=0x000000d3976f80a8 mode 2
Event: 1.947 Thread 0x00000245cbfdc470 Uncommon trap: trap_request=0xffffff45 fr.pc=0x00000245baf064e4 relative=0x0000000000000c44
Event: 1.947 Thread 0x00000245cbfdc470 Uncommon trap: reason=unstable_if action=reinterpret pc=0x00000245baf064e4 method=lombok.patcher.PatchScript.classMatches(Ljava/lang/String;Ljava/util/Collection;)Z @ 25 c2
Event: 1.947 Thread 0x00000245cbfdc470 DEOPT PACKING pc=0x00000245baf064e4 sp=0x000000d3976f6c90
Event: 1.947 Thread 0x00000245cbfdc470 DEOPT UNPACKING pc=0x00000245ba9866a3 sp=0x000000d3976f6c50 mode 2
Event: 1.996 Thread 0x00000245cbfdc470 Uncommon trap: trap_request=0xffffff45 fr.pc=0x00000245baf93d2c relative=0x00000000000011cc
Event: 1.996 Thread 0x00000245cbfdc470 Uncommon trap: reason=unstable_if action=reinterpret pc=0x00000245baf93d2c method=java.util.Properties.loadConvert([CIILjava/lang/StringBuilder;)Ljava/lang/String; @ 491 c2
Event: 1.996 Thread 0x00000245cbfdc470 DEOPT PACKING pc=0x00000245baf93d2c sp=0x000000d3976f7a50
Event: 1.996 Thread 0x00000245cbfdc470 DEOPT UNPACKING pc=0x00000245ba9866a3 sp=0x000000d3976f7a30 mode 2
Event: 2.061 Thread 0x00000245cbfdc470 Uncommon trap: trap_request=0xffffff45 fr.pc=0x00000245baf5b540 relative=0x0000000000000040
Event: 2.061 Thread 0x00000245cbfdc470 Uncommon trap: reason=unstable_if action=reinterpret pc=0x00000245baf5b540 method=sun.nio.fs.WindowsPathParser.isSlash(C)Z @ 9 c2
Event: 2.061 Thread 0x00000245cbfdc470 DEOPT PACKING pc=0x00000245baf5b540 sp=0x000000d3976f90f0
Event: 2.061 Thread 0x00000245cbfdc470 DEOPT UNPACKING pc=0x00000245ba9866a3 sp=0x000000d3976f9078 mode 2

Classes unloaded (7 events):
Event: 2.100 Thread 0x00000245b046ece0 Unloading class 0x0000000100212400 'java/lang/invoke/LambdaForm$MH+0x0000000100212400'
Event: 2.100 Thread 0x00000245b046ece0 Unloading class 0x0000000100212000 'java/lang/invoke/LambdaForm$MH+0x0000000100212000'
Event: 2.100 Thread 0x00000245b046ece0 Unloading class 0x0000000100211c00 'java/lang/invoke/LambdaForm$MH+0x0000000100211c00'
Event: 2.100 Thread 0x00000245b046ece0 Unloading class 0x0000000100211800 'java/lang/invoke/LambdaForm$MH+0x0000000100211800'
Event: 2.100 Thread 0x00000245b046ece0 Unloading class 0x0000000100211000 'java/lang/invoke/LambdaForm$BMH+0x0000000100211000'
Event: 2.100 Thread 0x00000245b046ece0 Unloading class 0x0000000100210c00 'java/lang/invoke/LambdaForm$DMH+0x0000000100210c00'
Event: 2.100 Thread 0x00000245b046ece0 Unloading class 0x000000010020e000 'java/lang/invoke/LambdaForm$DMH+0x000000010020e000'

Classes redefined (0 events):
No events

Internal exceptions (20 events):
Event: 1.960 Thread 0x00000245cbfdc470 Exception <a 'java/lang/NoSuchMethodError'{0x00000000ebe4bbc8}: 'void java.lang.invoke.DelegatingMethodHandle$Holder.delegate(java.lang.Object, java.lang.Object, int, java.lang.Object)'> (0x00000000ebe4bbc8) 
thrown [s\src\hotspot\share\interpreter\linkResolver.cpp, line 759]
Event: 1.960 Thread 0x00000245cbfdc470 Exception <a 'java/lang/NoSuchMethodError'{0x00000000ebe4ffb0}: 'int java.lang.invoke.DirectMethodHandle$Holder.invokeSpecial(java.lang.Object, java.lang.Object, java.lang.Object)'> (0x00000000ebe4ffb0) 
thrown [s\src\hotspot\share\interpreter\linkResolver.cpp, line 759]
Event: 1.961 Thread 0x00000245cbfdc470 Exception <a 'java/lang/NoSuchMethodError'{0x00000000ebe61948}: 'int java.lang.invoke.DirectMethodHandle$Holder.invokeStatic(java.lang.Object, java.lang.Object, int)'> (0x00000000ebe61948) 
thrown [s\src\hotspot\share\interpreter\linkResolver.cpp, line 759]
Event: 1.961 Thread 0x00000245cbfdc470 Exception <a 'java/lang/NoSuchMethodError'{0x00000000ebe65d70}: 'int java.lang.invoke.DirectMethodHandle$Holder.invokeSpecial(java.lang.Object, java.lang.Object, java.lang.Object, int)'> (0x00000000ebe65d70) 
thrown [s\src\hotspot\share\interpreter\linkResolver.cpp, line 759]
Event: 1.963 Thread 0x00000245cbfdc470 Exception <a 'java/lang/NoSuchMethodError'{0x00000000ebe81940}: 'java.lang.Object java.lang.invoke.DirectMethodHandle$Holder.invokeStatic(java.lang.Object, java.lang.Object, java.lang.Object, java.lang.Object, int)'> (0x00000000ebe81940) 
thrown [s\src\hotspot\share\interpreter\linkResolver.cpp, line 759]
Event: 1.965 Thread 0x00000245cbfdc470 Exception <a 'java/lang/NoSuchMethodError'{0x00000000ebe8db78}: 'java.lang.Object java.lang.invoke.DelegatingMethodHandle$Holder.reinvoke_L(java.lang.Object, java.lang.Object, java.lang.Object, java.lang.Object, int, int)'> (0x00000000ebe8db78) 
thrown [s\src\hotspot\share\interpreter\linkResolver.cpp, line 759]
Event: 1.966 Thread 0x00000245cbfdc470 Exception <a 'java/lang/NoSuchMethodError'{0x00000000ebea5460}: 'java.lang.Object java.lang.invoke.Invokers$Holder.invokeExact_MT(java.lang.Object, java.lang.Object, java.lang.Object, java.lang.Object)'> (0x00000000ebea5460) 
thrown [s\src\hotspot\share\interpreter\linkResolver.cpp, line 759]
Event: 2.023 Thread 0x00000245cbfdc470 Exception <a 'java/lang/NoSuchMethodError'{0x00000000ec2e4d58}: 'java.lang.Object java.lang.invoke.DirectMethodHandle$Holder.newInvokeSpecial(java.lang.Object, java.lang.Object, java.lang.Object, java.lang.Object, java.lang.Object)'> (0x00000000ec2e4d58) 
thrown [s\src\hotspot\share\interpreter\linkResolver.cpp, line 759]
Event: 2.075 Thread 0x00000245cbfdc470 Exception <a 'java/lang/NoSuchMethodError'{0x00000000eaced5d0}: 'java.lang.Object java.lang.invoke.DirectMethodHandle$Holder.invokeSpecial(java.lang.Object, java.lang.Object, java.lang.Object, long, java.lang.Object)'> (0x00000000eaced5d0) 
thrown [s\src\hotspot\share\interpreter\linkResolver.cpp, line 759]
Event: 2.075 Thread 0x00000245cbfdc470 Exception <a 'java/lang/NoSuchMethodError'{0x00000000eacf5788}: 'java.lang.Object java.lang.invoke.DirectMethodHandle$Holder.newInvokeSpecial(java.lang.Object, java.lang.Object, java.lang.Object, long)'> (0x00000000eacf5788) 
thrown [s\src\hotspot\share\interpreter\linkResolver.cpp, line 759]
Event: 2.076 Thread 0x00000245cbfdc470 Exception <a 'java/lang/NoSuchMethodError'{0x00000000eacf9d28}: 'java.lang.Object java.lang.invoke.DirectMethodHandle$Holder.invokeSpecial(java.lang.Object, java.lang.Object, java.lang.Object, java.lang.Object, long)'> (0x00000000eacf9d28) 
thrown [s\src\hotspot\share\interpreter\linkResolver.cpp, line 759]
Event: 2.079 Thread 0x00000245cbfdc470 Exception <a 'java/lang/NoSuchMethodError'{0x00000000ead87c20}: 'int java.lang.invoke.DirectMethodHandle$Holder.invokeStaticInit(java.lang.Object, java.lang.Object, java.lang.Object)'> (0x00000000ead87c20) 
thrown [s\src\hotspot\share\interpreter\linkResolver.cpp, line 759]
Event: 2.083 Thread 0x00000245cbfdc470 Exception <a 'java/lang/IncompatibleClassChangeError'{0x00000000eae38a20}: Found class java.lang.Object, but interface was expected> (0x00000000eae38a20) 
thrown [s\src\hotspot\share\interpreter\linkResolver.cpp, line 826]
Event: 2.089 Thread 0x00000245cbfdc470 Exception <a 'java/lang/NoSuchMethodError'{0x00000000eae59270}: 'java.lang.Object java.lang.invoke.DirectMethodHandle$Holder.invokeSpecial(java.lang.Object, java.lang.Object, java.lang.Object, int, java.lang.Object, java.lang.Object)'> (0x00000000eae59270) 
thrown [s\src\hotspot\share\interpreter\linkResolver.cpp, line 759]
Event: 2.090 Thread 0x00000245cbfdc470 Exception <a 'java/lang/NoSuchMethodError'{0x00000000eae619f8}: 'java.lang.Object java.lang.invoke.DirectMethodHandle$Holder.newInvokeSpecial(java.lang.Object, java.lang.Object, java.lang.Object, int, java.lang.Object)'> (0x00000000eae619f8) 
thrown [s\src\hotspot\share\interpreter\linkResolver.cpp, line 759]
Event: 2.090 Thread 0x00000245cbfdc470 Exception <a 'java/lang/NoSuchMethodError'{0x00000000eae65e50}: 'java.lang.Object java.lang.invoke.DirectMethodHandle$Holder.invokeSpecial(java.lang.Object, java.lang.Object, java.lang.Object, java.lang.Object, int, java.lang.Object)'> (0x00000000eae65e50) 
thrown [s\src\hotspot\share\interpreter\linkResolver.cpp, line 759]
Event: 2.091 Thread 0x00000245cc25ae10 Exception <a 'java/lang/NoSuchMethodError'{0x00000000ead40a88}: 'java.lang.Object java.lang.invoke.DirectMethodHandle$Holder.invokeSpecial(java.lang.Object, java.lang.Object, int, java.lang.Object, java.lang.Object)'> (0x00000000ead40a88) 
thrown [s\src\hotspot\share\interpreter\linkResolver.cpp, line 759]
Event: 2.091 Thread 0x00000245cc25ae10 Exception <a 'java/lang/NoSuchMethodError'{0x00000000ead48158}: 'java.lang.Object java.lang.invoke.DirectMethodHandle$Holder.newInvokeSpecial(java.lang.Object, java.lang.Object, int, java.lang.Object)'> (0x00000000ead48158) 
thrown [s\src\hotspot\share\interpreter\linkResolver.cpp, line 759]
Event: 2.091 Thread 0x00000245cc25ae10 Exception <a 'java/lang/NoSuchMethodError'{0x00000000ead4bc68}: 'java.lang.Object java.lang.invoke.DirectMethodHandle$Holder.invokeSpecial(java.lang.Object, java.lang.Object, java.lang.Object, int, java.lang.Object)'> (0x00000000ead4bc68) 
thrown [s\src\hotspot\share\interpreter\linkResolver.cpp, line 759]
Event: 2.121 Thread 0x00000245cc25ae10 Exception <a 'java/io/FileNotFoundException'{0x00000000eabc5fc0}> (0x00000000eabc5fc0) 
thrown [s\src\hotspot\share\prims\jni.cpp, line 516]

VM Operations (20 events):
Event: 1.323 Executing VM operation: HandshakeAllThreads
Event: 1.323 Executing VM operation: HandshakeAllThreads done
Event: 1.580 Executing VM operation: HandshakeAllThreads
Event: 1.581 Executing VM operation: HandshakeAllThreads done
Event: 1.648 Executing VM operation: ParallelGCFailedAllocation
Event: 1.655 Executing VM operation: ParallelGCFailedAllocation done
Event: 1.843 Executing VM operation: HandshakeAllThreads
Event: 1.843 Executing VM operation: HandshakeAllThreads done
Event: 1.881 Executing VM operation: HandshakeAllThreads
Event: 1.881 Executing VM operation: HandshakeAllThreads done
Event: 1.882 Executing VM operation: HandshakeAllThreads
Event: 1.882 Executing VM operation: HandshakeAllThreads done
Event: 1.959 Executing VM operation: HandshakeAllThreads
Event: 1.959 Executing VM operation: HandshakeAllThreads done
Event: 2.039 Executing VM operation: ParallelGCFailedAllocation
Event: 2.044 Executing VM operation: ParallelGCFailedAllocation done
Event: 2.095 Executing VM operation: CollectForMetadataAllocation
Event: 2.112 Executing VM operation: CollectForMetadataAllocation done
Event: 2.115 Executing VM operation: HandshakeAllThreads
Event: 2.115 Executing VM operation: HandshakeAllThreads done

Events (20 events):
Event: 2.128 loading class java/nio/channels/AsynchronousChannel done
Event: 2.128 loading class java/nio/channels/AsynchronousByteChannel done
Event: 2.142 loading class java/util/zip/GZIPOutputStream
Event: 2.142 loading class java/util/zip/DeflaterOutputStream
Event: 2.142 loading class java/util/zip/DeflaterOutputStream done
Event: 2.142 loading class java/util/zip/GZIPOutputStream done
Event: 2.153 loading class java/io/StringReader
Event: 2.153 loading class java/io/StringReader done
Event: 2.155 loading class java/util/zip/GZIPInputStream
Event: 2.155 loading class java/util/zip/GZIPInputStream done
Event: 2.156 loading class java/net/SocketTimeoutException
Event: 2.156 loading class java/io/InterruptedIOException
Event: 2.156 loading class java/io/InterruptedIOException done
Event: 2.156 loading class java/net/SocketTimeoutException done
Event: 2.157 loading class java/net/SocketException
Event: 2.157 loading class java/net/SocketException done
Event: 2.157 loading class java/net/UnknownHostException
Event: 2.157 loading class java/net/UnknownHostException done
Event: 2.157 loading class java/net/ProtocolException
Event: 2.157 loading class java/net/ProtocolException done


Dynamic libraries:
0x00007ff7a84a0000 - 0x00007ff7a84ae000 	c:\Users\Administrator\.vscode\extensions\redhat.java-1.18.0-win32-x64\jre\17.0.7-win32-x86_64\bin\java.exe
0x00007ffead470000 - 0x00007ffead665000 	C:\windows\SYSTEM32\ntdll.dll
0x00007ffeac0b0000 - 0x00007ffeac16e000 	C:\windows\System32\KERNEL32.DLL
0x00007ffeaab90000 - 0x00007ffeaae58000 	C:\windows\System32\KERNELBASE.dll
0x00007ffeab230000 - 0x00007ffeab330000 	C:\windows\System32\ucrtbase.dll
0x00007ffe8d7d0000 - 0x00007ffe8d7e9000 	c:\Users\Administrator\.vscode\extensions\redhat.java-1.18.0-win32-x64\jre\17.0.7-win32-x86_64\bin\VCRUNTIME140.dll
0x00007ffe8f510000 - 0x00007ffe8f527000 	c:\Users\Administrator\.vscode\extensions\redhat.java-1.18.0-win32-x64\jre\17.0.7-win32-x86_64\bin\jli.dll
0x00007ffeac960000 - 0x00007ffeacb00000 	C:\windows\System32\USER32.dll
0x00007ffeab000000 - 0x00007ffeab022000 	C:\windows\System32\win32u.dll
0x00007ffead250000 - 0x00007ffead27b000 	C:\windows\System32\GDI32.dll
0x00007ffeaae60000 - 0x00007ffeaaf6b000 	C:\windows\System32\gdi32full.dll
0x00007ffeab030000 - 0x00007ffeab0cd000 	C:\windows\System32\msvcp_win.dll
0x00007ffe97260000 - 0x00007ffe974fa000 	C:\windows\WinSxS\amd64_microsoft.windows.common-controls_6595b64144ccf1df_6.0.19041.1110_none_60b5254171f9507e\COMCTL32.dll
0x00007ffeacc40000 - 0x00007ffeaccde000 	C:\windows\System32\msvcrt.dll
0x00007ffeaba60000 - 0x00007ffeaba90000 	C:\windows\System32\IMM32.DLL
0x000000005fae0000 - 0x000000005faec000 	C:\Program Files (x86)\360\360Safe\safemon\SafeWrapper.dll
0x00007ffeabca0000 - 0x00007ffeabd4e000 	C:\windows\System32\ADVAPI32.dll
0x00007ffeac8c0000 - 0x00007ffeac95c000 	C:\windows\System32\sechost.dll
0x00007ffeacd60000 - 0x00007ffeace85000 	C:\windows\System32\RPCRT4.dll
0x00007ffe99200000 - 0x00007ffe99292000 	C:\Program Files (x86)\360\360Safe\safemon\libzdtp64.dll
0x00007ffeac170000 - 0x00007ffeac8b4000 	C:\windows\System32\SHELL32.dll
0x00007ffeaba90000 - 0x00007ffeabae5000 	C:\windows\System32\SHLWAPI.dll
0x00007ffeaa730000 - 0x00007ffeaa73a000 	C:\windows\SYSTEM32\VERSION.dll
0x00007ffe9a8c0000 - 0x00007ffe9a8cc000 	c:\Users\Administrator\.vscode\extensions\redhat.java-1.18.0-win32-x64\jre\17.0.7-win32-x86_64\bin\vcruntime140_1.dll
0x00007ffe71140000 - 0x00007ffe711d1000 	c:\Users\Administrator\.vscode\extensions\redhat.java-1.18.0-win32-x64\jre\17.0.7-win32-x86_64\bin\msvcp140.dll
0x00007ffe64060000 - 0x00007ffe64ca8000 	c:\Users\Administrator\.vscode\extensions\redhat.java-1.18.0-win32-x64\jre\17.0.7-win32-x86_64\bin\server\jvm.dll
0x00007ffea1d40000 - 0x00007ffea1d49000 	C:\windows\SYSTEM32\WSOCK32.dll
0x00007ffeabf00000 - 0x00007ffeabf6b000 	C:\windows\System32\WS2_32.dll
0x00007ffea25c0000 - 0x00007ffea25e7000 	C:\windows\SYSTEM32\WINMM.dll
0x00007ffea8a10000 - 0x00007ffea8a22000 	C:\windows\SYSTEM32\kernel.appcore.dll
0x00007ffe9a880000 - 0x00007ffe9a88a000 	c:\Users\Administrator\.vscode\extensions\redhat.java-1.18.0-win32-x64\jre\17.0.7-win32-x86_64\bin\jimage.dll
0x00007ffea0330000 - 0x00007ffea0514000 	C:\windows\SYSTEM32\DBGHELP.DLL
0x00007ffe971b0000 - 0x00007ffe971dc000 	C:\windows\SYSTEM32\dbgcore.DLL
0x00007ffeaaf70000 - 0x00007ffeaaff2000 	C:\windows\System32\bcryptPrimitives.dll
0x00007ffe97f20000 - 0x00007ffe97f2e000 	c:\Users\Administrator\.vscode\extensions\redhat.java-1.18.0-win32-x64\jre\17.0.7-win32-x86_64\bin\instrument.dll
0x00007ffe71200000 - 0x00007ffe71225000 	c:\Users\Administrator\.vscode\extensions\redhat.java-1.18.0-win32-x64\jre\17.0.7-win32-x86_64\bin\java.dll
0x00007ffe846e0000 - 0x00007ffe846f8000 	c:\Users\Administrator\.vscode\extensions\redhat.java-1.18.0-win32-x64\jre\17.0.7-win32-x86_64\bin\zip.dll
0x00007ffea8c10000 - 0x00007ffea93a4000 	C:\windows\SYSTEM32\windows.storage.dll
0x00007ffeacef0000 - 0x00007ffead244000 	C:\windows\System32\combase.dll
0x00007ffeaa4a0000 - 0x00007ffeaa4cc000 	C:\windows\SYSTEM32\Wldp.dll
0x00007ffeab4e0000 - 0x00007ffeab58d000 	C:\windows\System32\SHCORE.dll
0x00007ffeaaad0000 - 0x00007ffeaaaef000 	C:\windows\SYSTEM32\profapi.dll
0x00007ffe8ad40000 - 0x00007ffe8ad59000 	C:\Users\Administrator\.vscode\extensions\redhat.java-1.18.0-win32-x64\jre\17.0.7-win32-x86_64\bin\net.dll
0x00007ffea1b00000 - 0x00007ffea1c09000 	C:\windows\SYSTEM32\WINHTTP.dll
0x00007ffeaa280000 - 0x00007ffeaa2ea000 	C:\windows\system32\mswsock.dll
0x00007ffe72db0000 - 0x00007ffe72dc5000 	C:\Users\Administrator\.vscode\extensions\redhat.java-1.18.0-win32-x64\jre\17.0.7-win32-x86_64\bin\nio.dll
0x00007ffe91740000 - 0x00007ffe91750000 	c:\Users\Administrator\.vscode\extensions\redhat.java-1.18.0-win32-x64\jre\17.0.7-win32-x86_64\bin\verify.dll
0x00007ffe71800000 - 0x00007ffe7183e000 	C:\Users\Administrator\AppData\Roaming\Code\User\globalStorage\redhat.java\1.18.0\config_ss_win\org.eclipse.equinox.launcher\org.eclipse.equinox.launcher.win32.win32.x86_64_1.2.700.v20221108-1024\eclipse_11801.dll
0x00007ffeacb10000 - 0x00007ffeacc3a000 	C:\windows\System32\ole32.dll

dbghelp: loaded successfully - version: 4.0.5 - missing functions: none
symbol engine: initialized successfully - sym options: 0x614 - pdb path: .;c:\Users\Administrator\.vscode\extensions\redhat.java-1.18.0-win32-x64\jre\17.0.7-win32-x86_64\bin;C:\windows\SYSTEM32;C:\windows\WinSxS\amd64_microsoft.windows.common-controls_6595b64144ccf1df_6.0.19041.1110_none_60b5254171f9507e;C:\Program Files (x86)\360\360Safe\safemon;c:\Users\Administrator\.vscode\extensions\redhat.java-1.18.0-win32-x64\jre\17.0.7-win32-x86_64\bin\server;C:\Users\Administrator\AppData\Roaming\Code\User\globalStorage\redhat.java\1.18.0\config_ss_win\org.eclipse.equinox.launcher\org.eclipse.equinox.launcher.win32.win32.x86_64_1.2.700.v20221108-1024

VM Arguments:
jvm_args: --add-modules=ALL-SYSTEM --add-opens=java.base/java.util=ALL-UNNAMED --add-opens=java.base/java.lang=ALL-UNNAMED --add-opens=java.base/sun.nio.fs=ALL-UNNAMED -Declipse.application=org.eclipse.jdt.ls.core.id1 -Dosgi.bundles.defaultStartLevel=4 -Declipse.product=org.eclipse.jdt.ls.core.product -Djava.import.generatesMetadataFilesAtProjectRoot=false -Dfile.encoding=utf8 -XX:+UseParallelGC -XX:GCTimeRatio=4 -XX:AdaptiveSizePolicyWeight=90 -Dsun.zip.disableMemoryMapping=true -Xmx1G -Xms100m -Xlog:disable -javaagent:c:\Users\Administrator\.vscode\extensions\redhat.java-1.18.0-win32-x64\lombok\lombok-1.18.27.jar 
java_command: c:\Users\Administrator\.vscode\extensions\redhat.java-1.18.0-win32-x64\server\plugins\org.eclipse.equinox.launcher_1.6.400.v20210924-0641.jar -configuration c:\Users\Administrator\AppData\Roaming\Code\User\globalStorage\redhat.java\1.18.0\config_ss_win -data c:\Users\Administrator\AppData\Roaming\Code\User\workspaceStorage\0b4fc39f22b7432ed661c19a9ed79657\redhat.java\ss_ws
java_class_path (initial): c:\Users\Administrator\.vscode\extensions\redhat.java-1.18.0-win32-x64\server\plugins\org.eclipse.equinox.launcher_1.6.400.v20210924-0641.jar
Launcher Type: SUN_STANDARD

[Global flags]
    uintx AdaptiveSizePolicyWeight                 = 90                                        {product} {command line}
     intx CICompilerCount                          = 4                                         {product} {ergonomic}
    uintx GCTimeRatio                              = 4                                         {product} {command line}
   size_t InitialHeapSize                          = 104857600                                 {product} {command line}
   size_t MaxHeapSize                              = 1073741824                                {product} {command line}
   size_t MaxNewSize                               = 357564416                                 {product} {ergonomic}
   size_t MinHeapDeltaBytes                        = 524288                                    {product} {ergonomic}
   size_t MinHeapSize                              = 104857600                                 {product} {command line}
   size_t NewSize                                  = 34603008                                  {product} {ergonomic}
    uintx NonNMethodCodeHeapSize                   = 5839372                                {pd product} {ergonomic}
    uintx NonProfiledCodeHeapSize                  = 122909434                              {pd product} {ergonomic}
   size_t OldSize                                  = 70254592                                  {product} {ergonomic}
    uintx ProfiledCodeHeapSize                     = 122909434                              {pd product} {ergonomic}
    uintx ReservedCodeCacheSize                    = 251658240                              {pd product} {ergonomic}
     bool SegmentedCodeCache                       = true                                      {product} {ergonomic}
   size_t SoftMaxHeapSize                          = 1073741824                             {manageable} {ergonomic}
     bool UseCompressedClassPointers               = true                           {product lp64_product} {ergonomic}
     bool UseCompressedOops                        = true                           {product lp64_product} {ergonomic}
     bool UseLargePagesIndividualAllocation        = false                                  {pd product} {ergonomic}
     bool UseParallelGC                            = true                                      {product} {command line}

Logging:
Log output configuration:
 #0: stdout all=off uptime,level,tags
 #1: stderr all=off uptime,level,tags

Environment Variables:
JAVA_HOME=C:\Program Files\Java\jdk-11
CLASSPATH=.;C:\Program Files\Java\jdk-11libdt.jar;C:\Program Files\Java\jdk-11lib ools.jar
PATH=C:\Program Files (x86)\Common Files\Intel\Shared Libraries\redist\intel64\compiler;C:\Program Files\Common Files\Oracle\Java\javapath;C:\Python311\Scripts\;C:\Python311\;C:\windows\system32;C:\windows;C:\windows\System32\Wbem;C:\windows\System32\WindowsPowerShell\v1.0\;C:\windows\System32\OpenSSH\;C:\ProgramData\chocolatey\bin;C:\Program Files\Java\jdk-11\bin;C:\Program Files\Java\jdk-11\jrein;C:\Program Files\nodejs\;C:\Program Files (x86)\NVIDIA Corporation\PhysX\Common;C:\Program Files\NVIDIA Corporation\NVIDIA NvDLISR;C:\Program Files\Git\cmd;C:\Users\Administrator\AppData\Local\Microsoft\WindowsApps;C:\Users\Administrator\AppData\Local\Programs\Microsoft VS Code\bin;C:\Users\Administrator\AppData\Roaming\npm;C:\Users\Administrator\AppData\Local\Android\Sdk\emulator;C:\Users\Administrator\AppData\Local\Android\Sdk\tools\bin;C:\Users\Administrator\AppData\Local\Android\Sdk\platform-tools;C:\Program Files\OpenSSL-Win64\bin;
USERNAME=Administrator
OS=Windows_NT
PROCESSOR_IDENTIFIER=Intel64 Family 6 Model 165 Stepping 3, GenuineIntel
TMP=C:\Users\ADMINI~1\AppData\Local\Temp
TEMP=C:\Users\ADMINI~1\AppData\Local\Temp



---------------  S Y S T E M  ---------------

OS:
 Windows 10 , 64 bit Build 19041 (10.0.19041.1566)
OS uptime: 0 days 14:29 hours
Hyper-V role detected

CPU: total 12 (initial active 12) (6 cores per cpu, 2 threads per core) family 6 model 165 stepping 3 microcode 0xf0, cx8, cmov, fxsr, ht, mmx, 3dnowpref, sse, sse2, sse3, ssse3, sse4.1, sse4.2, popcnt, lzcnt, tsc, tscinvbit, avx, avx2, aes, erms, clmul, bmi1, bmi2, adx, fma, vzeroupper, clflush, clflushopt, hv

Memory: 4k page, system-wide physical 8107M (2829M free)
TotalPageFile size 27308M (AvailPageFile size 237M)
current process WorkingSet (physical memory assigned to process): 113M, peak: 113M
current process commit charge ("private bytes"): 226M, peak: 226M

vm_info: OpenJDK 64-Bit Server VM (17.0.7+7) for windows-amd64 JRE (17.0.7+7), built on Apr 18 2023 22:10:42 by "temurin" with MS VC++ 16.7 (VS2019)

END.
