#
# There is insufficient memory for the Java Runtime Environment to continue.
# Native memory allocation (malloc) failed to allocate 918096 bytes for Chunk::new
# Possible reasons:
#   The system is out of physical RAM or swap space
#   The process is running with CompressedOops enabled, and the Java Heap may be blocking the growth of the native heap
# Possible solutions:
#   Reduce memory load on the system
#   Increase physical memory or swap space
#   Check if swap backing store is full
#   Decrease Java heap size (-Xmx/-Xms)
#   Decrease number of Java threads
#   Decrease Java thread stack sizes (-Xss)
#   Set larger code cache with -XX:ReservedCodeCacheSize=
#   JVM is running with Unscaled Compressed Oops mode in which the Java heap is
#     placed in the first 4GB address space. The Java Heap base address is the
#     maximum limit for the native heap growth. Please use -XX:HeapBaseMinAddress
#     to set the Java Heap base and to place the Java Heap above 4GB virtual address.
# This output file may be truncated or incomplete.
#
#  Out of Memory Error (arena.cpp:189), pid=10404, tid=10392
#
# JRE version: OpenJDK Runtime Environment Temurin-17.0.7+7 (17.0.7+7) (build 17.0.7+7)
# Java VM: OpenJDK 64-Bit Server VM Temurin-17.0.7+7 (17.0.7+7, mixed mode, tiered, compressed oops, compressed class ptrs, parallel gc, windows-amd64)
# No core dump will be written. Minidumps are not enabled by default on client versions of Windows
#

---------------  S U M M A R Y ------------

Command Line: --add-modules=ALL-SYSTEM --add-opens=java.base/java.util=ALL-UNNAMED --add-opens=java.base/java.lang=ALL-UNNAMED --add-opens=java.base/sun.nio.fs=ALL-UNNAMED -Declipse.application=org.eclipse.jdt.ls.core.id1 -Dosgi.bundles.defaultStartLevel=4 -Declipse.product=org.eclipse.jdt.ls.core.product -Djava.import.generatesMetadataFilesAtProjectRoot=false -Dfile.encoding=utf8 -XX:+UseParallelGC -XX:GCTimeRatio=4 -XX:AdaptiveSizePolicyWeight=90 -Dsun.zip.disableMemoryMapping=true -Xmx1G -Xms100m -Xlog:disable -javaagent:c:\Users\Administrator\.vscode\extensions\redhat.java-1.18.0-win32-x64\lombok\lombok-1.18.27.jar c:\Users\Administrator\.vscode\extensions\redhat.java-1.18.0-win32-x64\server\plugins\org.eclipse.equinox.launcher_1.6.400.v20210924-0641.jar -configuration c:\Users\Administrator\AppData\Roaming\Code\User\globalStorage\redhat.java\1.18.0\config_ss_win -data c:\Users\Administrator\AppData\Roaming\Code\User\workspaceStorage\0b4fc39f22b7432ed661c19a9ed79657\redhat.java\ss_ws

Host: Intel(R) Core(TM) i5-10400F CPU @ 2.90GHz, 12 cores, 7G,  Windows 10 , 64 bit Build 19041 (10.0.19041.1566)
Time: Fri Jun  2 10:03:45 2023  Windows 10 , 64 bit Build 19041 (10.0.19041.1566) elapsed time: 2.531850 seconds (0d 0h 0m 2s)

---------------  T H R E A D  ---------------

Current thread (0x000002545138faa0):  JavaThread "C2 CompilerThread1" daemon [_thread_in_native, id=10392, stack(0x0000006967000000,0x0000006967100000)]


Current CompileTask:
C2:   2531 2305       4       org.objectweb.asm.ClassReader::readMethod (1066 bytes)

Stack: [0x0000006967000000,0x0000006967100000]
Native frames: (J=compiled Java code, j=interpreted, Vv=VM code, C=native code)
V  [jvm.dll+0x67754a]
V  [jvm.dll+0x834304]
V  [jvm.dll+0x835aae]
V  [jvm.dll+0x836113]
V  [jvm.dll+0x24696f]
V  [jvm.dll+0xac0ac]
V  [jvm.dll+0xac67c]
V  [jvm.dll+0x2adbef]
V  [jvm.dll+0x580067]
V  [jvm.dll+0x221e72]
V  [jvm.dll+0x22224f]
V  [jvm.dll+0x21b4a5]
V  [jvm.dll+0x21895b]
V  [jvm.dll+0x1a4d8d]
V  [jvm.dll+0x2284da]
V  [jvm.dll+0x226615]
V  [jvm.dll+0x7ea90b]
V  [jvm.dll+0x7e4e7a]
V  [jvm.dll+0x676395]
C  [ucrtbase.dll+0x21bb2]
C  [KERNEL32.DLL+0x17034]
C  [ntdll.dll+0x52651]


---------------  P R O C E S S  ---------------

Threads class SMR info:
_java_thread_list=0x0000025451b31f40, length=23, elements={
0x000002543628ce90, 0x000002544abac250, 0x000002544abaddc0, 0x000002544feaa020,
0x000002544fe7bb30, 0x000002544feada70, 0x000002544feaf890, 0x000002544febc670,
0x000002544febfa70, 0x000002544fec09b0, 0x00000254500281c0, 0x000002545137f080,
0x000002545138faa0, 0x0000025451d99ce0, 0x0000025451f1ca40, 0x0000025451ae49d0,
0x0000025451e00830, 0x0000025451e56ef0, 0x0000025451c960b0, 0x00000254520515e0,
0x0000025452073080, 0x00000254524eff80, 0x0000025452074890
}

Java Threads: ( => current thread )
  0x000002543628ce90 JavaThread "main" [_thread_blocked, id=9396, stack(0x0000006966100000,0x0000006966200000)]
  0x000002544abac250 JavaThread "Reference Handler" daemon [_thread_blocked, id=11124, stack(0x0000006966400000,0x0000006966500000)]
  0x000002544abaddc0 JavaThread "Finalizer" daemon [_thread_blocked, id=12452, stack(0x0000006966500000,0x0000006966600000)]
  0x000002544feaa020 JavaThread "Signal Dispatcher" daemon [_thread_blocked, id=14972, stack(0x0000006966600000,0x0000006966700000)]
  0x000002544fe7bb30 JavaThread "Attach Listener" daemon [_thread_blocked, id=1840, stack(0x0000006966700000,0x0000006966800000)]
  0x000002544feada70 JavaThread "Service Thread" daemon [_thread_blocked, id=10008, stack(0x0000006966800000,0x0000006966900000)]
  0x000002544feaf890 JavaThread "Monitor Deflation Thread" daemon [_thread_blocked, id=8544, stack(0x0000006966900000,0x0000006966a00000)]
  0x000002544febc670 JavaThread "C2 CompilerThread0" daemon [_thread_blocked, id=10112, stack(0x0000006966a00000,0x0000006966b00000)]
  0x000002544febfa70 JavaThread "C1 CompilerThread0" daemon [_thread_blocked, id=10388, stack(0x0000006966b00000,0x0000006966c00000)]
  0x000002544fec09b0 JavaThread "Sweeper thread" daemon [_thread_blocked, id=4208, stack(0x0000006966c00000,0x0000006966d00000)]
  0x00000254500281c0 JavaThread "Common-Cleaner" daemon [_thread_blocked, id=11144, stack(0x0000006966d00000,0x0000006966e00000)]
  0x000002545137f080 JavaThread "Notification Thread" daemon [_thread_blocked, id=11076, stack(0x0000006966e00000,0x0000006966f00000)]
=>0x000002545138faa0 JavaThread "C2 CompilerThread1" daemon [_thread_in_native, id=10392, stack(0x0000006967000000,0x0000006967100000)]
  0x0000025451d99ce0 JavaThread "Active Thread: Equinox Container: 49d60cd8-c2b3-4ec1-9f62-c49c6f1b4625" [_thread_blocked, id=12716, stack(0x0000006967100000,0x0000006967200000)]
  0x0000025451f1ca40 JavaThread "Framework Event Dispatcher: Equinox Container: 49d60cd8-c2b3-4ec1-9f62-c49c6f1b4625" daemon [_thread_blocked, id=280, stack(0x0000006967800000,0x0000006967900000)]
  0x0000025451ae49d0 JavaThread "Start Level: Equinox Container: 49d60cd8-c2b3-4ec1-9f62-c49c6f1b4625" daemon [_thread_blocked, id=4664, stack(0x0000006967900000,0x0000006967a00000)]
  0x0000025451e00830 JavaThread "SCR Component Actor" daemon [_thread_blocked, id=404, stack(0x0000006967a00000,0x0000006967b00000)]
  0x0000025451e56ef0 JavaThread "SCR Component Registry" daemon [_thread_blocked, id=12500, stack(0x0000006967c00000,0x0000006967d00000)]
  0x0000025451c960b0 JavaThread "Worker-JM" [_thread_blocked, id=3900, stack(0x0000006967d00000,0x0000006967e00000)]
  0x00000254520515e0 JavaThread "Worker-0" [_thread_blocked, id=8124, stack(0x0000006968000000,0x0000006968100000)]
  0x0000025452073080 JavaThread "Worker-1" [_thread_blocked, id=14032, stack(0x0000006968100000,0x0000006968200000)]
  0x00000254524eff80 JavaThread "C2 CompilerThread2" daemon [_thread_blocked, id=7204, stack(0x0000006968200000,0x0000006968300000)]
  0x0000025452074890 JavaThread "Java indexing" daemon [_thread_blocked, id=8536, stack(0x0000006968300000,0x0000006968400000)]

Other Threads:
  0x0000025436315fa0 VMThread "VM Thread" [stack: 0x0000006966300000,0x0000006966400000] [id=2336]
  0x0000025451392ab0 WatcherThread [stack: 0x0000006966f00000,0x0000006967000000] [id=7808]
  0x00000254362a0a00 GCTaskThread "GC Thread#0" [stack: 0x0000006966200000,0x0000006966300000] [id=7068]
  0x0000025451c1ed30 GCTaskThread "GC Thread#1" [stack: 0x0000006967200000,0x0000006967300000] [id=11440]
  0x0000025451c1efe0 GCTaskThread "GC Thread#2" [stack: 0x0000006967300000,0x0000006967400000] [id=10580]
  0x0000025451699cb0 GCTaskThread "GC Thread#3" [stack: 0x0000006967400000,0x0000006967500000] [id=14368]
  0x0000025451c2dfb0 GCTaskThread "GC Thread#4" [stack: 0x0000006967500000,0x0000006967600000] [id=6200]
  0x0000025451c2e260 GCTaskThread "GC Thread#5" [stack: 0x0000006967600000,0x0000006967700000] [id=15096]
  0x0000025451c2e510 GCTaskThread "GC Thread#6" [stack: 0x0000006967700000,0x0000006967800000] [id=2216]
  0x0000025451ae5d80 GCTaskThread "GC Thread#7" [stack: 0x0000006967b00000,0x0000006967c00000] [id=2868]
  0x0000025451f71980 GCTaskThread "GC Thread#8" [stack: 0x0000006967e00000,0x0000006967f00000] [id=4544]
  0x0000025451d08680 GCTaskThread "GC Thread#9" [stack: 0x0000006967f00000,0x0000006968000000] [id=10780]

Threads with active compile tasks:
C2 CompilerThread1     2573 2305       4       org.objectweb.asm.ClassReader::readMethod (1066 bytes)

VM state: not at safepoint (normal execution)

VM Mutex/Monitor currently owned by a thread: None

Heap address: 0x00000000c0000000, size: 1024 MB, Compressed Oops mode: 32-bit

CDS archive(s) not mapped
Compressed class space mapped at: 0x0000000100000000-0x0000000140000000, reserved size: 1073741824
Narrow klass base: 0x0000000000000000, Narrow klass shift: 3, Narrow klass range: 0x140000000

GC Precious Log:
 CPUs: 12 total, 12 available
 Memory: 8107M
 Large Page Support: Disabled
 NUMA Support: Disabled
 Compressed Oops: Enabled (32-bit)
 Alignments: Space 512K, Generation 512K, Heap 2M
 Heap Min Capacity: 100M
 Heap Initial Capacity: 100M
 Heap Max Capacity: 1G
 Pre-touch: Disabled
 Parallel Workers: 10

Heap:
 PSYoungGen      total 26112K, used 2495K [0x00000000eab00000, 0x00000000ec780000, 0x0000000100000000)
  eden space 24576K, 4% used [0x00000000eab00000,0x00000000eac227a8,0x00000000ec300000)
  from space 1536K, 86% used [0x00000000ec600000,0x00000000ec74d7c0,0x00000000ec780000)
  to   space 1536K, 0% used [0x00000000ec480000,0x00000000ec480000,0x00000000ec600000)
 ParOldGen       total 68608K, used 7069K [0x00000000c0000000, 0x00000000c4300000, 0x00000000eab00000)
  object space 68608K, 10% used [0x00000000c0000000,0x00000000c06e74b8,0x00000000c4300000)
 Metaspace       used 27671K, committed 28032K, reserved 1114112K
  class space    used 2669K, committed 2816K, reserved 1048576K

Card table byte_map: [0x0000025448440000,0x0000025448650000] _byte_map_base: 0x0000025447e40000

Marking Bits: (ParMarkBitMap*) 0x00007ffe451f52c0
 Begin Bits: [0x00000254487b0000, 0x00000254497b0000)
 End Bits:   [0x00000254497b0000, 0x000002544a7b0000)

Polling page: 0x00000254348b0000

Metaspace:

Usage:
  Non-class:     24.42 MB used.
      Class:      2.61 MB used.
       Both:     27.02 MB used.

Virtual space:
  Non-class space:       64.00 MB reserved,      24.62 MB ( 38%) committed,  1 nodes.
      Class space:        1.00 GB reserved,       2.75 MB ( <1%) committed,  1 nodes.
             Both:        1.06 GB reserved,      27.38 MB (  3%) committed. 

Chunk freelists:
   Non-Class:  6.50 MB
       Class:  13.06 MB
        Both:  19.56 MB

MaxMetaspaceSize: unlimited
CompressedClassSpaceSize: 1.00 GB
Initial GC threshold: 21.00 MB
Current GC threshold: 35.00 MB
CDS: off
MetaspaceReclaimPolicy: balanced
 - commit_granule_bytes: 65536.
 - commit_granule_words: 8192.
 - virtual_space_node_default_size: 8388608.
 - enlarge_chunks_in_place: 1.
 - new_chunks_are_fully_committed: 0.
 - uncommit_free_chunks: 1.
 - use_allocation_guard: 0.
 - handle_deallocations: 1.


Internal statistics:

num_allocs_failed_limit: 3.
num_arena_births: 216.
num_arena_deaths: 14.
num_vsnodes_births: 2.
num_vsnodes_deaths: 0.
num_space_committed: 438.
num_space_uncommitted: 0.
num_chunks_returned_to_freelist: 17.
num_chunks_taken_from_freelist: 934.
num_chunk_merges: 7.
num_chunk_splits: 628.
num_chunks_enlarged: 452.
num_inconsistent_stats: 0.

CodeHeap 'non-profiled nmethods': size=120000Kb used=939Kb max_used=939Kb free=119060Kb
 bounds [0x0000025440e20000, 0x0000025441090000, 0x0000025448350000]
CodeHeap 'profiled nmethods': size=120000Kb used=4824Kb max_used=4824Kb free=115175Kb
 bounds [0x0000025439350000, 0x0000025439810000, 0x0000025440880000]
CodeHeap 'non-nmethods': size=5760Kb used=1233Kb max_used=1254Kb free=4526Kb
 bounds [0x0000025440880000, 0x0000025440af0000, 0x0000025440e20000]
 total_blobs=2965 nmethods=2417 adapters=462
 compilation: enabled
              stopped_count=0, restarted_count=0
 full_count=0

Compilation events (20 events):
Event: 2.520 Thread 0x000002544febfa70 nmethod 2401 0x0000025439800310 code [0x00000254398004c0, 0x0000025439800708]
Event: 2.520 Thread 0x000002544febfa70 2402       3       java.lang.StringUTF16::putCharsSB (21 bytes)
Event: 2.520 Thread 0x000002544febfa70 nmethod 2402 0x0000025439800810 code [0x00000254398009e0, 0x0000025439800d48]
Event: 2.520 Thread 0x000002544febfa70 2403       3       java.lang.StringUTF16::checkBoundsBeginEnd (10 bytes)
Event: 2.520 Thread 0x000002544febfa70 nmethod 2403 0x0000025439800f90 code [0x0000025439801140, 0x00000254398012c8]
Event: 2.520 Thread 0x00000254524eff80 2385       4       java.util.Properties$LineReader::readLine (584 bytes)
Event: 2.522 Thread 0x000002544febfa70 2407       3       java.lang.invoke.MethodType$ConcurrentWeakInternSet::add (66 bytes)
Event: 2.522 Thread 0x000002544febfa70 nmethod 2407 0x0000025439801410 code [0x0000025439801660, 0x0000025439802348]
Event: 2.522 Thread 0x000002544febfa70 2408       3       java.lang.invoke.InvokerBytecodeGenerator::emitStoreResult (27 bytes)
Event: 2.522 Thread 0x000002544febfa70 nmethod 2408 0x0000025439802810 code [0x00000254398029c0, 0x0000025439802ba8]
Event: 2.522 Thread 0x000002544febfa70 2409       3       java.lang.invoke.LambdaForm$NamedFunction::intrinsicName (21 bytes)
Event: 2.523 Thread 0x000002544febfa70 nmethod 2409 0x0000025439802c90 code [0x0000025439802e40, 0x0000025439803088]
Event: 2.523 Thread 0x000002544febfa70 2410       3       java.lang.invoke.LambdaForm$Name::replaceNames (175 bytes)
Event: 2.523 Thread 0x000002544febfa70 nmethod 2410 0x0000025439803190 code [0x00000254398033c0, 0x0000025439803f38]
Event: 2.523 Thread 0x000002544febfa70 2411       3       java.lang.invoke.LambdaForm::useCount (61 bytes)
Event: 2.523 Thread 0x000002544febfa70 nmethod 2411 0x0000025439804290 code [0x0000025439804460, 0x00000254398047c8]
Event: 2.523 Thread 0x000002544febfa70 2412       3       java.lang.invoke.DirectMethodHandle::internalMemberName (8 bytes)
Event: 2.524 Thread 0x000002544febfa70 nmethod 2412 0x0000025439804990 code [0x0000025439804b20, 0x0000025439804cf8]
Event: 2.526 Thread 0x000002544febc670 nmethod 2371 0x0000025440f03a90 code [0x0000025440f03cc0, 0x0000025440f04e60]
Event: 2.526 Thread 0x000002544febc670 2382       4       jdk.internal.org.objectweb.asm.SymbolTable::addConstantUtf8 (98 bytes)

GC Heap History (13 events):
Event: 0.905 GC heap before
{Heap before GC invocations=1 (full 0):
 PSYoungGen      total 29696K, used 25600K [0x00000000eab00000, 0x00000000ecc00000, 0x0000000100000000)
  eden space 25600K, 100% used [0x00000000eab00000,0x00000000ec400000,0x00000000ec400000)
  from space 4096K, 0% used [0x00000000ec800000,0x00000000ec800000,0x00000000ecc00000)
  to   space 4096K, 0% used [0x00000000ec400000,0x00000000ec400000,0x00000000ec800000)
 ParOldGen       total 68608K, used 0K [0x00000000c0000000, 0x00000000c4300000, 0x00000000eab00000)
  object space 68608K, 0% used [0x00000000c0000000,0x00000000c0000000,0x00000000c4300000)
 Metaspace       used 11173K, committed 11328K, reserved 1114112K
  class space    used 1120K, committed 1216K, reserved 1048576K
}
Event: 0.912 GC heap after
{Heap after GC invocations=1 (full 0):
 PSYoungGen      total 29696K, used 3322K [0x00000000eab00000, 0x00000000ecc00000, 0x0000000100000000)
  eden space 25600K, 0% used [0x00000000eab00000,0x00000000eab00000,0x00000000ec400000)
  from space 4096K, 81% used [0x00000000ec400000,0x00000000ec73e840,0x00000000ec800000)
  to   space 4096K, 0% used [0x00000000ec800000,0x00000000ec800000,0x00000000ecc00000)
 ParOldGen       total 68608K, used 16K [0x00000000c0000000, 0x00000000c4300000, 0x00000000eab00000)
  object space 68608K, 0% used [0x00000000c0000000,0x00000000c0004000,0x00000000c4300000)
 Metaspace       used 11173K, committed 11328K, reserved 1114112K
  class space    used 1120K, committed 1216K, reserved 1048576K
}
Event: 1.483 GC heap before
{Heap before GC invocations=2 (full 0):
 PSYoungGen      total 29696K, used 28922K [0x00000000eab00000, 0x00000000ecc00000, 0x0000000100000000)
  eden space 25600K, 100% used [0x00000000eab00000,0x00000000ec400000,0x00000000ec400000)
  from space 4096K, 81% used [0x00000000ec400000,0x00000000ec73e840,0x00000000ec800000)
  to   space 4096K, 0% used [0x00000000ec800000,0x00000000ec800000,0x00000000ecc00000)
 ParOldGen       total 68608K, used 16K [0x00000000c0000000, 0x00000000c4300000, 0x00000000eab00000)
  object space 68608K, 0% used [0x00000000c0000000,0x00000000c0004000,0x00000000c4300000)
 Metaspace       used 15452K, committed 15744K, reserved 1114112K
  class space    used 1580K, committed 1728K, reserved 1048576K
}
Event: 1.489 GC heap after
{Heap after GC invocations=2 (full 0):
 PSYoungGen      total 29696K, used 4070K [0x00000000eab00000, 0x00000000ecc00000, 0x0000000100000000)
  eden space 25600K, 0% used [0x00000000eab00000,0x00000000eab00000,0x00000000ec400000)
  from space 4096K, 99% used [0x00000000ec800000,0x00000000ecbf98b8,0x00000000ecc00000)
  to   space 4096K, 0% used [0x00000000ec400000,0x00000000ec400000,0x00000000ec800000)
 ParOldGen       total 68608K, used 894K [0x00000000c0000000, 0x00000000c4300000, 0x00000000eab00000)
  object space 68608K, 1% used [0x00000000c0000000,0x00000000c00dfb60,0x00000000c4300000)
 Metaspace       used 15452K, committed 15744K, reserved 1114112K
  class space    used 1580K, committed 1728K, reserved 1048576K
}
Event: 1.995 GC heap before
{Heap before GC invocations=3 (full 0):
 PSYoungGen      total 29696K, used 29670K [0x00000000eab00000, 0x00000000ecc00000, 0x0000000100000000)
  eden space 25600K, 100% used [0x00000000eab00000,0x00000000ec400000,0x00000000ec400000)
  from space 4096K, 99% used [0x00000000ec800000,0x00000000ecbf98b8,0x00000000ecc00000)
  to   space 4096K, 0% used [0x00000000ec400000,0x00000000ec400000,0x00000000ec800000)
 ParOldGen       total 68608K, used 894K [0x00000000c0000000, 0x00000000c4300000, 0x00000000eab00000)
  object space 68608K, 1% used [0x00000000c0000000,0x00000000c00dfb60,0x00000000c4300000)
 Metaspace       used 20525K, committed 20864K, reserved 1114112K
  class space    used 2090K, committed 2240K, reserved 1048576K
}
Event: 2.001 GC heap after
{Heap after GC invocations=3 (full 0):
 PSYoungGen      total 29696K, used 4091K [0x00000000eab00000, 0x00000000ecc00000, 0x0000000100000000)
  eden space 25600K, 0% used [0x00000000eab00000,0x00000000eab00000,0x00000000ec400000)
  from space 4096K, 99% used [0x00000000ec400000,0x00000000ec7feff0,0x00000000ec800000)
  to   space 4096K, 0% used [0x00000000ec800000,0x00000000ec800000,0x00000000ecc00000)
 ParOldGen       total 68608K, used 2979K [0x00000000c0000000, 0x00000000c4300000, 0x00000000eab00000)
  object space 68608K, 4% used [0x00000000c0000000,0x00000000c02e8fd0,0x00000000c4300000)
 Metaspace       used 20525K, committed 20864K, reserved 1114112K
  class space    used 2090K, committed 2240K, reserved 1048576K
}
Event: 2.091 GC heap before
{Heap before GC invocations=4 (full 0):
 PSYoungGen      total 29696K, used 8386K [0x00000000eab00000, 0x00000000ecc00000, 0x0000000100000000)
  eden space 25600K, 16% used [0x00000000eab00000,0x00000000eaf31b00,0x00000000ec400000)
  from space 4096K, 99% used [0x00000000ec400000,0x00000000ec7feff0,0x00000000ec800000)
  to   space 4096K, 0% used [0x00000000ec800000,0x00000000ec800000,0x00000000ecc00000)
 ParOldGen       total 68608K, used 2979K [0x00000000c0000000, 0x00000000c4300000, 0x00000000eab00000)
  object space 68608K, 4% used [0x00000000c0000000,0x00000000c02e8fd0,0x00000000c4300000)
 Metaspace       used 21140K, committed 21504K, reserved 1114112K
  class space    used 2158K, committed 2304K, reserved 1048576K
}
Event: 2.094 GC heap after
{Heap after GC invocations=4 (full 0):
 PSYoungGen      total 29696K, used 4082K [0x00000000eab00000, 0x00000000ecc00000, 0x0000000100000000)
  eden space 25600K, 0% used [0x00000000eab00000,0x00000000eab00000,0x00000000ec400000)
  from space 4096K, 99% used [0x00000000ec800000,0x00000000ecbfc830,0x00000000ecc00000)
  to   space 4096K, 0% used [0x00000000ec400000,0x00000000ec400000,0x00000000ec800000)
 ParOldGen       total 68608K, used 3168K [0x00000000c0000000, 0x00000000c4300000, 0x00000000eab00000)
  object space 68608K, 4% used [0x00000000c0000000,0x00000000c03181c8,0x00000000c4300000)
 Metaspace       used 21140K, committed 21504K, reserved 1114112K
  class space    used 2158K, committed 2304K, reserved 1048576K
}
Event: 2.094 GC heap before
{Heap before GC invocations=5 (full 1):
 PSYoungGen      total 29696K, used 4082K [0x00000000eab00000, 0x00000000ecc00000, 0x0000000100000000)
  eden space 25600K, 0% used [0x00000000eab00000,0x00000000eab00000,0x00000000ec400000)
  from space 4096K, 99% used [0x00000000ec800000,0x00000000ecbfc830,0x00000000ecc00000)
  to   space 4096K, 0% used [0x00000000ec400000,0x00000000ec400000,0x00000000ec800000)
 ParOldGen       total 68608K, used 3168K [0x00000000c0000000, 0x00000000c4300000, 0x00000000eab00000)
  object space 68608K, 4% used [0x00000000c0000000,0x00000000c03181c8,0x00000000c4300000)
 Metaspace       used 21140K, committed 21504K, reserved 1114112K
  class space    used 2158K, committed 2304K, reserved 1048576K
}
Event: 2.117 GC heap after
{Heap after GC invocations=5 (full 1):
 PSYoungGen      total 29696K, used 0K [0x00000000eab00000, 0x00000000ecc00000, 0x0000000100000000)
  eden space 25600K, 0% used [0x00000000eab00000,0x00000000eab00000,0x00000000ec400000)
  from space 4096K, 0% used [0x00000000ec800000,0x00000000ec800000,0x00000000ecc00000)
  to   space 4096K, 0% used [0x00000000ec400000,0x00000000ec400000,0x00000000ec800000)
 ParOldGen       total 68608K, used 7053K [0x00000000c0000000, 0x00000000c4300000, 0x00000000eab00000)
  object space 68608K, 10% used [0x00000000c0000000,0x00000000c06e34b8,0x00000000c4300000)
 Metaspace       used 21127K, committed 21504K, reserved 1114112K
  class space    used 2154K, committed 2304K, reserved 1048576K
}
Event: 2.360 GC heap before
{Heap before GC invocations=6 (full 1):
 PSYoungGen      total 29696K, used 25594K [0x00000000eab00000, 0x00000000ecc00000, 0x0000000100000000)
  eden space 25600K, 99% used [0x00000000eab00000,0x00000000ec3fe920,0x00000000ec400000)
  from space 4096K, 0% used [0x00000000ec800000,0x00000000ec800000,0x00000000ecc00000)
  to   space 4096K, 0% used [0x00000000ec400000,0x00000000ec400000,0x00000000ec800000)
 ParOldGen       total 68608K, used 7053K [0x00000000c0000000, 0x00000000c4300000, 0x00000000eab00000)
  object space 68608K, 10% used [0x00000000c0000000,0x00000000c06e34b8,0x00000000c4300000)
 Metaspace       used 24593K, committed 25024K, reserved 1114112K
  class space    used 2400K, committed 2560K, reserved 1048576K
}
Event: 2.361 GC heap after
{Heap after GC invocations=6 (full 1):
 PSYoungGen      total 26112K, used 744K [0x00000000eab00000, 0x00000000ec880000, 0x0000000100000000)
  eden space 25088K, 0% used [0x00000000eab00000,0x00000000eab00000,0x00000000ec380000)
  from space 1024K, 72% used [0x00000000ec400000,0x00000000ec4ba3c8,0x00000000ec500000)
  to   space 2560K, 0% used [0x00000000ec600000,0x00000000ec600000,0x00000000ec880000)
 ParOldGen       total 68608K, used 7061K [0x00000000c0000000, 0x00000000c4300000, 0x00000000eab00000)
  object space 68608K, 10% used [0x00000000c0000000,0x00000000c06e54b8,0x00000000c4300000)
 Metaspace       used 24593K, committed 25024K, reserved 1114112K
  class space    used 2400K, committed 2560K, reserved 1048576K
}
Event: 2.527 GC heap before
{Heap before GC invocations=7 (full 1):
 PSYoungGen      total 26112K, used 25832K [0x00000000eab00000, 0x00000000ec880000, 0x0000000100000000)
  eden space 25088K, 100% used [0x00000000eab00000,0x00000000ec380000,0x00000000ec380000)
  from space 1024K, 72% used [0x00000000ec400000,0x00000000ec4ba3c8,0x00000000ec500000)
  to   space 2560K, 0% used [0x00000000ec600000,0x00000000ec600000,0x00000000ec880000)
 ParOldGen       total 68608K, used 7061K [0x00000000c0000000, 0x00000000c4300000, 0x00000000eab00000)
  object space 68608K, 10% used [0x00000000c0000000,0x00000000c06e54b8,0x00000000c4300000)
 Metaspace       used 27551K, committed 27968K, reserved 1114112K
  class space    used 2650K, committed 2816K, reserved 1048576K
}

Dll operation events (9 events):
Event: 0.015 Loaded shared library c:\Users\Administrator\.vscode\extensions\redhat.java-1.18.0-win32-x64\jre\17.0.7-win32-x86_64\bin\java.dll
Event: 0.201 Loaded shared library c:\Users\Administrator\.vscode\extensions\redhat.java-1.18.0-win32-x64\jre\17.0.7-win32-x86_64\bin\zip.dll
Event: 0.209 Loaded shared library C:\Users\Administrator\.vscode\extensions\redhat.java-1.18.0-win32-x64\jre\17.0.7-win32-x86_64\bin\instrument.dll
Event: 0.225 Loaded shared library C:\Users\Administrator\.vscode\extensions\redhat.java-1.18.0-win32-x64\jre\17.0.7-win32-x86_64\bin\net.dll
Event: 0.228 Loaded shared library C:\Users\Administrator\.vscode\extensions\redhat.java-1.18.0-win32-x64\jre\17.0.7-win32-x86_64\bin\nio.dll
Event: 0.236 Loaded shared library C:\Users\Administrator\.vscode\extensions\redhat.java-1.18.0-win32-x64\jre\17.0.7-win32-x86_64\bin\zip.dll
Event: 0.254 Loaded shared library C:\Users\Administrator\.vscode\extensions\redhat.java-1.18.0-win32-x64\jre\17.0.7-win32-x86_64\bin\jimage.dll
Event: 0.370 Loaded shared library c:\Users\Administrator\.vscode\extensions\redhat.java-1.18.0-win32-x64\jre\17.0.7-win32-x86_64\bin\verify.dll
Event: 1.352 Loaded shared library C:\Users\Administrator\AppData\Roaming\Code\User\globalStorage\redhat.java\1.18.0\config_ss_win\org.eclipse.equinox.launcher\org.eclipse.equinox.launcher.win32.win32.x86_64_1.2.700.v20221108-1024\eclipse_11801.dll

Deoptimization events (20 events):
Event: 2.336 Thread 0x0000025451ae49d0 DEOPT PACKING pc=0x000002543941d5c3 sp=0x00000069679ec200
Event: 2.336 Thread 0x0000025451ae49d0 DEOPT UNPACKING pc=0x00000254408d6e43 sp=0x00000069679eb720 mode 0
Event: 2.512 Thread 0x0000025451ae49d0 DEOPT PACKING pc=0x000002543949e09e sp=0x00000069679f8720
Event: 2.512 Thread 0x0000025451ae49d0 DEOPT UNPACKING pc=0x00000254408d6e43 sp=0x00000069679f7c18 mode 0
Event: 2.514 Thread 0x0000025451ae49d0 DEOPT PACKING pc=0x000002543949e09e sp=0x00000069679f8720
Event: 2.514 Thread 0x0000025451ae49d0 DEOPT UNPACKING pc=0x00000254408d6e43 sp=0x00000069679f7c18 mode 0
Event: 2.516 Thread 0x0000025451ae49d0 DEOPT PACKING pc=0x000002543949e09e sp=0x00000069679f8720
Event: 2.516 Thread 0x0000025451ae49d0 DEOPT UNPACKING pc=0x00000254408d6e43 sp=0x00000069679f7c18 mode 0
Event: 2.516 Thread 0x0000025451ae49d0 DEOPT PACKING pc=0x000002543949e09e sp=0x00000069679f8720
Event: 2.516 Thread 0x0000025451ae49d0 DEOPT UNPACKING pc=0x00000254408d6e43 sp=0x00000069679f7c18 mode 0
Event: 2.517 Thread 0x0000025451ae49d0 DEOPT PACKING pc=0x000002543949e09e sp=0x00000069679f8720
Event: 2.517 Thread 0x0000025451ae49d0 DEOPT UNPACKING pc=0x00000254408d6e43 sp=0x00000069679f7c18 mode 0
Event: 2.518 Thread 0x0000025451ae49d0 DEOPT PACKING pc=0x000002543949e09e sp=0x00000069679f88b0
Event: 2.518 Thread 0x0000025451ae49d0 DEOPT UNPACKING pc=0x00000254408d6e43 sp=0x00000069679f7da8 mode 0
Event: 2.519 Thread 0x0000025451ae49d0 DEOPT PACKING pc=0x000002543949e09e sp=0x00000069679f88b0
Event: 2.519 Thread 0x0000025451ae49d0 DEOPT UNPACKING pc=0x00000254408d6e43 sp=0x00000069679f7da8 mode 0
Event: 2.519 Thread 0x0000025451ae49d0 DEOPT PACKING pc=0x000002543949e09e sp=0x00000069679f88b0
Event: 2.519 Thread 0x0000025451ae49d0 DEOPT UNPACKING pc=0x00000254408d6e43 sp=0x00000069679f7da8 mode 0
Event: 2.520 Thread 0x0000025451ae49d0 DEOPT PACKING pc=0x000002543949e09e sp=0x00000069679f88b0
Event: 2.520 Thread 0x0000025451ae49d0 DEOPT UNPACKING pc=0x00000254408d6e43 sp=0x00000069679f7da8 mode 0

Classes unloaded (7 events):
Event: 2.097 Thread 0x0000025436315fa0 Unloading class 0x0000000100212400 'java/lang/invoke/LambdaForm$MH+0x0000000100212400'
Event: 2.097 Thread 0x0000025436315fa0 Unloading class 0x0000000100212000 'java/lang/invoke/LambdaForm$MH+0x0000000100212000'
Event: 2.097 Thread 0x0000025436315fa0 Unloading class 0x0000000100211c00 'java/lang/invoke/LambdaForm$MH+0x0000000100211c00'
Event: 2.097 Thread 0x0000025436315fa0 Unloading class 0x0000000100211800 'java/lang/invoke/LambdaForm$MH+0x0000000100211800'
Event: 2.097 Thread 0x0000025436315fa0 Unloading class 0x0000000100211000 'java/lang/invoke/LambdaForm$BMH+0x0000000100211000'
Event: 2.097 Thread 0x0000025436315fa0 Unloading class 0x0000000100210c00 'java/lang/invoke/LambdaForm$DMH+0x0000000100210c00'
Event: 2.097 Thread 0x0000025436315fa0 Unloading class 0x000000010020e000 'java/lang/invoke/LambdaForm$DMH+0x000000010020e000'

Classes redefined (0 events):
No events

Internal exceptions (20 events):
Event: 1.874 Thread 0x0000025451ae49d0 Exception <a 'java/lang/NoSuchMethodError'{0x00000000ebe6d270}: 'int java.lang.invoke.DirectMethodHandle$Holder.invokeSpecial(java.lang.Object, java.lang.Object, java.lang.Object, int)'> (0x00000000ebe6d270) 
thrown [s\src\hotspot\share\interpreter\linkResolver.cpp, line 759]
Event: 1.876 Thread 0x0000025451ae49d0 Exception <a 'java/lang/NoSuchMethodError'{0x00000000ebe89160}: 'java.lang.Object java.lang.invoke.DirectMethodHandle$Holder.invokeStatic(java.lang.Object, java.lang.Object, java.lang.Object, java.lang.Object, int)'> (0x00000000ebe89160) 
thrown [s\src\hotspot\share\interpreter\linkResolver.cpp, line 759]
Event: 1.878 Thread 0x0000025451ae49d0 Exception <a 'java/lang/NoSuchMethodError'{0x00000000ebe953a8}: 'java.lang.Object java.lang.invoke.DelegatingMethodHandle$Holder.reinvoke_L(java.lang.Object, java.lang.Object, java.lang.Object, java.lang.Object, int, int)'> (0x00000000ebe953a8) 
thrown [s\src\hotspot\share\interpreter\linkResolver.cpp, line 759]
Event: 1.882 Thread 0x0000025451ae49d0 Exception <a 'java/lang/NoSuchMethodError'{0x00000000ebeacc90}: 'java.lang.Object java.lang.invoke.Invokers$Holder.invokeExact_MT(java.lang.Object, java.lang.Object, java.lang.Object, java.lang.Object)'> (0x00000000ebeacc90) 
thrown [s\src\hotspot\share\interpreter\linkResolver.cpp, line 759]
Event: 1.965 Thread 0x0000025451ae49d0 Exception <a 'java/lang/NoSuchMethodError'{0x00000000ec2ec138}: 'java.lang.Object java.lang.invoke.DirectMethodHandle$Holder.newInvokeSpecial(java.lang.Object, java.lang.Object, java.lang.Object, java.lang.Object, java.lang.Object)'> (0x00000000ec2ec138) 
thrown [s\src\hotspot\share\interpreter\linkResolver.cpp, line 759]
Event: 2.050 Thread 0x0000025451ae49d0 Exception <a 'java/lang/NoSuchMethodError'{0x00000000ead39b78}: 'java.lang.Object java.lang.invoke.DirectMethodHandle$Holder.invokeSpecial(java.lang.Object, java.lang.Object, java.lang.Object, long, java.lang.Object)'> (0x00000000ead39b78) 
thrown [s\src\hotspot\share\interpreter\linkResolver.cpp, line 759]
Event: 2.051 Thread 0x0000025451ae49d0 Exception <a 'java/lang/NoSuchMethodError'{0x00000000ead41d30}: 'java.lang.Object java.lang.invoke.DirectMethodHandle$Holder.newInvokeSpecial(java.lang.Object, java.lang.Object, java.lang.Object, long)'> (0x00000000ead41d30) 
thrown [s\src\hotspot\share\interpreter\linkResolver.cpp, line 759]
Event: 2.052 Thread 0x0000025451ae49d0 Exception <a 'java/lang/NoSuchMethodError'{0x00000000ead462d0}: 'java.lang.Object java.lang.invoke.DirectMethodHandle$Holder.invokeSpecial(java.lang.Object, java.lang.Object, java.lang.Object, java.lang.Object, long)'> (0x00000000ead462d0) 
thrown [s\src\hotspot\share\interpreter\linkResolver.cpp, line 759]
Event: 2.061 Thread 0x0000025451ae49d0 Exception <a 'java/lang/NoSuchMethodError'{0x00000000eadb3b28}: 'int java.lang.invoke.DirectMethodHandle$Holder.invokeStaticInit(java.lang.Object, java.lang.Object, java.lang.Object)'> (0x00000000eadb3b28) 
thrown [s\src\hotspot\share\interpreter\linkResolver.cpp, line 759]
Event: 2.070 Thread 0x0000025451ae49d0 Exception <a 'java/lang/IncompatibleClassChangeError'{0x00000000eae3b1c8}: Found class java.lang.Object, but interface was expected> (0x00000000eae3b1c8) 
thrown [s\src\hotspot\share\interpreter\linkResolver.cpp, line 826]
Event: 2.081 Thread 0x0000025451ae49d0 Exception <a 'java/lang/NoSuchMethodError'{0x00000000eae5b7b8}: 'java.lang.Object java.lang.invoke.DirectMethodHandle$Holder.invokeSpecial(java.lang.Object, java.lang.Object, java.lang.Object, int, java.lang.Object, java.lang.Object)'> (0x00000000eae5b7b8) 
thrown [s\src\hotspot\share\interpreter\linkResolver.cpp, line 759]
Event: 2.082 Thread 0x0000025451ae49d0 Exception <a 'java/lang/NoSuchMethodError'{0x00000000eae63f40}: 'java.lang.Object java.lang.invoke.DirectMethodHandle$Holder.newInvokeSpecial(java.lang.Object, java.lang.Object, java.lang.Object, int, java.lang.Object)'> (0x00000000eae63f40) 
thrown [s\src\hotspot\share\interpreter\linkResolver.cpp, line 759]
Event: 2.083 Thread 0x0000025451ae49d0 Exception <a 'java/lang/NoSuchMethodError'{0x00000000eae68398}: 'java.lang.Object java.lang.invoke.DirectMethodHandle$Holder.invokeSpecial(java.lang.Object, java.lang.Object, java.lang.Object, java.lang.Object, int, java.lang.Object)'> (0x00000000eae68398) 
thrown [s\src\hotspot\share\interpreter\linkResolver.cpp, line 759]
Event: 2.084 Thread 0x00000254520515e0 Exception <a 'java/lang/NoSuchMethodError'{0x00000000eadbe5b0}: 'java.lang.Object java.lang.invoke.DirectMethodHandle$Holder.invokeSpecial(java.lang.Object, java.lang.Object, int, java.lang.Object, java.lang.Object)'> (0x00000000eadbe5b0) 
thrown [s\src\hotspot\share\interpreter\linkResolver.cpp, line 759]
Event: 2.085 Thread 0x00000254520515e0 Exception <a 'java/lang/NoSuchMethodError'{0x00000000eadc5c80}: 'java.lang.Object java.lang.invoke.DirectMethodHandle$Holder.newInvokeSpecial(java.lang.Object, java.lang.Object, int, java.lang.Object)'> (0x00000000eadc5c80) 
thrown [s\src\hotspot\share\interpreter\linkResolver.cpp, line 759]
Event: 2.086 Thread 0x00000254520515e0 Exception <a 'java/lang/NoSuchMethodError'{0x00000000eadc9790}: 'java.lang.Object java.lang.invoke.DirectMethodHandle$Holder.invokeSpecial(java.lang.Object, java.lang.Object, java.lang.Object, int, java.lang.Object)'> (0x00000000eadc9790) 
thrown [s\src\hotspot\share\interpreter\linkResolver.cpp, line 759]
Event: 2.137 Thread 0x00000254520515e0 Exception <a 'java/io/FileNotFoundException'{0x00000000eac23de0}> (0x00000000eac23de0) 
thrown [s\src\hotspot\share\prims\jni.cpp, line 516]
Event: 2.511 Thread 0x0000025451ae49d0 Exception <a 'java/lang/ClassNotFoundException'{0x00000000ec24f870}: com/sun/org/apache/xerces/internal/impl/msg/spi/DOMMessagesProvider> (0x00000000ec24f870) 
thrown [s\src\hotspot\share\classfile\systemDictionary.cpp, line 256]
Event: 2.513 Thread 0x0000025451ae49d0 Exception <a 'java/lang/ClassNotFoundException'{0x00000000ec288728}: com/sun/org/apache/xerces/internal/impl/msg/spi/XMLSerializerMessagesProvider> (0x00000000ec288728) 
thrown [s\src\hotspot\share\classfile\systemDictionary.cpp, line 256]
Event: 2.515 Thread 0x0000025451ae49d0 Exception <a 'java/lang/ClassNotFoundException'{0x00000000ec2a2758}: com/sun/org/apache/xerces/internal/impl/msg/spi/XMLMessagesProvider> (0x00000000ec2a2758) 
thrown [s\src\hotspot\share\classfile\systemDictionary.cpp, line 256]

VM Operations (20 events):
Event: 1.423 Executing VM operation: HandshakeAllThreads done
Event: 1.483 Executing VM operation: ParallelGCFailedAllocation
Event: 1.489 Executing VM operation: ParallelGCFailedAllocation done
Event: 1.734 Executing VM operation: HandshakeAllThreads
Event: 1.734 Executing VM operation: HandshakeAllThreads done
Event: 1.771 Executing VM operation: HandshakeAllThreads
Event: 1.772 Executing VM operation: HandshakeAllThreads done
Event: 1.773 Executing VM operation: HandshakeAllThreads
Event: 1.773 Executing VM operation: HandshakeAllThreads done
Event: 1.870 Executing VM operation: HandshakeAllThreads
Event: 1.870 Executing VM operation: HandshakeAllThreads done
Event: 1.995 Executing VM operation: ParallelGCFailedAllocation
Event: 2.001 Executing VM operation: ParallelGCFailedAllocation done
Event: 2.091 Executing VM operation: CollectForMetadataAllocation
Event: 2.117 Executing VM operation: CollectForMetadataAllocation done
Event: 2.127 Executing VM operation: HandshakeAllThreads
Event: 2.127 Executing VM operation: HandshakeAllThreads done
Event: 2.360 Executing VM operation: ParallelGCFailedAllocation
Event: 2.361 Executing VM operation: ParallelGCFailedAllocation done
Event: 2.527 Executing VM operation: ParallelGCFailedAllocation

Events (20 events):
Event: 2.515 loading class com/sun/org/apache/xerces/internal/impl/msg/XMLMessages done
Event: 2.515 loading class com/sun/org/apache/xerces/internal/impl/msg/XMLMessages
Event: 2.515 loading class com/sun/org/apache/xerces/internal/impl/msg/XMLMessages done
Event: 2.517 loading class com/sun/org/apache/xerces/internal/impl/msg/XMLMessages_zh
Event: 2.517 loading class com/sun/org/apache/xerces/internal/impl/msg/XMLMessages_zh done
Event: 2.517 loading class com/sun/org/apache/xerces/internal/impl/msg/XMLMessages_zh
Event: 2.517 loading class com/sun/org/apache/xerces/internal/impl/msg/XMLMessages_zh done
Event: 2.518 loading class com/sun/org/apache/xerces/internal/impl/msg/XMLMessages_zh_CN
Event: 2.518 loading class com/sun/org/apache/xerces/internal/impl/msg/XMLMessages_zh_CN done
Event: 2.518 loading class com/sun/org/apache/xerces/internal/impl/msg/XMLMessages_zh_CN
Event: 2.518 loading class com/sun/org/apache/xerces/internal/impl/msg/XMLMessages_zh_CN done
Event: 2.520 loading class com/sun/org/apache/xerces/internal/impl/msg/XMLMessages_zh_Hans
Event: 2.520 loading class com/sun/org/apache/xerces/internal/impl/msg/XMLMessages_zh_Hans done
Event: 2.520 Thread 0x00000254524eff80 Thread added: 0x00000254524eff80
Event: 2.520 loading class com/sun/org/apache/xerces/internal/impl/msg/XMLMessages_zh_Hans
Event: 2.520 loading class com/sun/org/apache/xerces/internal/impl/msg/XMLMessages_zh_Hans done
Event: 2.520 loading class com/sun/org/apache/xerces/internal/impl/msg/XMLMessages_zh_Hans_CN
Event: 2.520 loading class com/sun/org/apache/xerces/internal/impl/msg/XMLMessages_zh_Hans_CN done
Event: 2.520 loading class com/sun/org/apache/xerces/internal/impl/msg/XMLMessages_zh_Hans_CN
Event: 2.520 loading class com/sun/org/apache/xerces/internal/impl/msg/XMLMessages_zh_Hans_CN done


Dynamic libraries:
0x00007ff7a84a0000 - 0x00007ff7a84ae000 	c:\Users\Administrator\.vscode\extensions\redhat.java-1.18.0-win32-x64\jre\17.0.7-win32-x86_64\bin\java.exe
0x00007ffead470000 - 0x00007ffead665000 	C:\windows\SYSTEM32\ntdll.dll
0x00007ffeac0b0000 - 0x00007ffeac16e000 	C:\windows\System32\KERNEL32.DLL
0x00007ffeaab90000 - 0x00007ffeaae58000 	C:\windows\System32\KERNELBASE.dll
0x00007ffeab230000 - 0x00007ffeab330000 	C:\windows\System32\ucrtbase.dll
0x00007ffe8f510000 - 0x00007ffe8f527000 	c:\Users\Administrator\.vscode\extensions\redhat.java-1.18.0-win32-x64\jre\17.0.7-win32-x86_64\bin\jli.dll
0x00007ffeac960000 - 0x00007ffeacb00000 	C:\windows\System32\USER32.dll
0x00007ffeab000000 - 0x00007ffeab022000 	C:\windows\System32\win32u.dll
0x00007ffead250000 - 0x00007ffead27b000 	C:\windows\System32\GDI32.dll
0x00007ffe8d7d0000 - 0x00007ffe8d7e9000 	c:\Users\Administrator\.vscode\extensions\redhat.java-1.18.0-win32-x64\jre\17.0.7-win32-x86_64\bin\VCRUNTIME140.dll
0x00007ffeaae60000 - 0x00007ffeaaf6b000 	C:\windows\System32\gdi32full.dll
0x00007ffeab030000 - 0x00007ffeab0cd000 	C:\windows\System32\msvcp_win.dll
0x00007ffe97260000 - 0x00007ffe974fa000 	C:\windows\WinSxS\amd64_microsoft.windows.common-controls_6595b64144ccf1df_6.0.19041.1110_none_60b5254171f9507e\COMCTL32.dll
0x00007ffeacc40000 - 0x00007ffeaccde000 	C:\windows\System32\msvcrt.dll
0x00007ffeaba60000 - 0x00007ffeaba90000 	C:\windows\System32\IMM32.DLL
0x000000005fae0000 - 0x000000005faec000 	C:\Program Files (x86)\360\360Safe\safemon\SafeWrapper.dll
0x00007ffeabca0000 - 0x00007ffeabd4e000 	C:\windows\System32\ADVAPI32.dll
0x00007ffeac8c0000 - 0x00007ffeac95c000 	C:\windows\System32\sechost.dll
0x00007ffeacd60000 - 0x00007ffeace85000 	C:\windows\System32\RPCRT4.dll
0x00007ffe99200000 - 0x00007ffe99292000 	C:\Program Files (x86)\360\360Safe\safemon\libzdtp64.dll
0x00007ffeac170000 - 0x00007ffeac8b4000 	C:\windows\System32\SHELL32.dll
0x00007ffeaba90000 - 0x00007ffeabae5000 	C:\windows\System32\SHLWAPI.dll
0x00007ffeaa730000 - 0x00007ffeaa73a000 	C:\windows\SYSTEM32\VERSION.dll
0x00007ffe9a8c0000 - 0x00007ffe9a8cc000 	c:\Users\Administrator\.vscode\extensions\redhat.java-1.18.0-win32-x64\jre\17.0.7-win32-x86_64\bin\vcruntime140_1.dll
0x00007ffe71140000 - 0x00007ffe711d1000 	c:\Users\Administrator\.vscode\extensions\redhat.java-1.18.0-win32-x64\jre\17.0.7-win32-x86_64\bin\msvcp140.dll
0x00007ffe44670000 - 0x00007ffe452b8000 	c:\Users\Administrator\.vscode\extensions\redhat.java-1.18.0-win32-x64\jre\17.0.7-win32-x86_64\bin\server\jvm.dll
0x00007ffea1d40000 - 0x00007ffea1d49000 	C:\windows\SYSTEM32\WSOCK32.dll
0x00007ffea25c0000 - 0x00007ffea25e7000 	C:\windows\SYSTEM32\WINMM.dll
0x00007ffeabf00000 - 0x00007ffeabf6b000 	C:\windows\System32\WS2_32.dll
0x00007ffea8a10000 - 0x00007ffea8a22000 	C:\windows\SYSTEM32\kernel.appcore.dll
0x00007ffe9a880000 - 0x00007ffe9a88a000 	c:\Users\Administrator\.vscode\extensions\redhat.java-1.18.0-win32-x64\jre\17.0.7-win32-x86_64\bin\jimage.dll
0x00007ffea0330000 - 0x00007ffea0514000 	C:\windows\SYSTEM32\DBGHELP.DLL
0x00007ffe971b0000 - 0x00007ffe971dc000 	C:\windows\SYSTEM32\dbgcore.DLL
0x00007ffeaaf70000 - 0x00007ffeaaff2000 	C:\windows\System32\bcryptPrimitives.dll
0x00007ffe97f20000 - 0x00007ffe97f2e000 	c:\Users\Administrator\.vscode\extensions\redhat.java-1.18.0-win32-x64\jre\17.0.7-win32-x86_64\bin\instrument.dll
0x00007ffe84360000 - 0x00007ffe84385000 	c:\Users\Administrator\.vscode\extensions\redhat.java-1.18.0-win32-x64\jre\17.0.7-win32-x86_64\bin\java.dll
0x00007ffe8ad40000 - 0x00007ffe8ad58000 	c:\Users\Administrator\.vscode\extensions\redhat.java-1.18.0-win32-x64\jre\17.0.7-win32-x86_64\bin\zip.dll
0x00007ffea8c10000 - 0x00007ffea93a4000 	C:\windows\SYSTEM32\windows.storage.dll
0x00007ffeacef0000 - 0x00007ffead244000 	C:\windows\System32\combase.dll
0x00007ffeaa4a0000 - 0x00007ffeaa4cc000 	C:\windows\SYSTEM32\Wldp.dll
0x00007ffeab4e0000 - 0x00007ffeab58d000 	C:\windows\System32\SHCORE.dll
0x00007ffeaaad0000 - 0x00007ffeaaaef000 	C:\windows\SYSTEM32\profapi.dll
0x00007ffe71f60000 - 0x00007ffe71f79000 	C:\Users\Administrator\.vscode\extensions\redhat.java-1.18.0-win32-x64\jre\17.0.7-win32-x86_64\bin\net.dll
0x00007ffea1b00000 - 0x00007ffea1c09000 	C:\windows\SYSTEM32\WINHTTP.dll
0x00007ffeaa280000 - 0x00007ffeaa2ea000 	C:\windows\system32\mswsock.dll
0x00007ffe71f40000 - 0x00007ffe71f55000 	C:\Users\Administrator\.vscode\extensions\redhat.java-1.18.0-win32-x64\jre\17.0.7-win32-x86_64\bin\nio.dll
0x00007ffe91740000 - 0x00007ffe91750000 	c:\Users\Administrator\.vscode\extensions\redhat.java-1.18.0-win32-x64\jre\17.0.7-win32-x86_64\bin\verify.dll
0x00007ffe71800000 - 0x00007ffe7183e000 	C:\Users\Administrator\AppData\Roaming\Code\User\globalStorage\redhat.java\1.18.0\config_ss_win\org.eclipse.equinox.launcher\org.eclipse.equinox.launcher.win32.win32.x86_64_1.2.700.v20221108-1024\eclipse_11801.dll
0x00007ffeacb10000 - 0x00007ffeacc3a000 	C:\windows\System32\ole32.dll

dbghelp: loaded successfully - version: 4.0.5 - missing functions: none
symbol engine: initialized successfully - sym options: 0x614 - pdb path: .;c:\Users\Administrator\.vscode\extensions\redhat.java-1.18.0-win32-x64\jre\17.0.7-win32-x86_64\bin;C:\windows\SYSTEM32;C:\windows\WinSxS\amd64_microsoft.windows.common-controls_6595b64144ccf1df_6.0.19041.1110_none_60b5254171f9507e;C:\Program Files (x86)\360\360Safe\safemon;c:\Users\Administrator\.vscode\extensions\redhat.java-1.18.0-win32-x64\jre\17.0.7-win32-x86_64\bin\server;C:\Users\Administrator\AppData\Roaming\Code\User\globalStorage\redhat.java\1.18.0\config_ss_win\org.eclipse.equinox.launcher\org.eclipse.equinox.launcher.win32.win32.x86_64_1.2.700.v20221108-1024

VM Arguments:
jvm_args: --add-modules=ALL-SYSTEM --add-opens=java.base/java.util=ALL-UNNAMED --add-opens=java.base/java.lang=ALL-UNNAMED --add-opens=java.base/sun.nio.fs=ALL-UNNAMED -Declipse.application=org.eclipse.jdt.ls.core.id1 -Dosgi.bundles.defaultStartLevel=4 -Declipse.product=org.eclipse.jdt.ls.core.product -Djava.import.generatesMetadataFilesAtProjectRoot=false -Dfile.encoding=utf8 -XX:+UseParallelGC -XX:GCTimeRatio=4 -XX:AdaptiveSizePolicyWeight=90 -Dsun.zip.disableMemoryMapping=true -Xmx1G -Xms100m -Xlog:disable -javaagent:c:\Users\Administrator\.vscode\extensions\redhat.java-1.18.0-win32-x64\lombok\lombok-1.18.27.jar 
java_command: c:\Users\Administrator\.vscode\extensions\redhat.java-1.18.0-win32-x64\server\plugins\org.eclipse.equinox.launcher_1.6.400.v20210924-0641.jar -configuration c:\Users\Administrator\AppData\Roaming\Code\User\globalStorage\redhat.java\1.18.0\config_ss_win -data c:\Users\Administrator\AppData\Roaming\Code\User\workspaceStorage\0b4fc39f22b7432ed661c19a9ed79657\redhat.java\ss_ws
java_class_path (initial): c:\Users\Administrator\.vscode\extensions\redhat.java-1.18.0-win32-x64\server\plugins\org.eclipse.equinox.launcher_1.6.400.v20210924-0641.jar
Launcher Type: SUN_STANDARD

[Global flags]
    uintx AdaptiveSizePolicyWeight                 = 90                                        {product} {command line}
     intx CICompilerCount                          = 4                                         {product} {ergonomic}
    uintx GCTimeRatio                              = 4                                         {product} {command line}
   size_t InitialHeapSize                          = 104857600                                 {product} {command line}
   size_t MaxHeapSize                              = 1073741824                                {product} {command line}
   size_t MaxNewSize                               = 357564416                                 {product} {ergonomic}
   size_t MinHeapDeltaBytes                        = 524288                                    {product} {ergonomic}
   size_t MinHeapSize                              = 104857600                                 {product} {command line}
   size_t NewSize                                  = 34603008                                  {product} {ergonomic}
    uintx NonNMethodCodeHeapSize                   = 5839372                                {pd product} {ergonomic}
    uintx NonProfiledCodeHeapSize                  = 122909434                              {pd product} {ergonomic}
   size_t OldSize                                  = 70254592                                  {product} {ergonomic}
    uintx ProfiledCodeHeapSize                     = 122909434                              {pd product} {ergonomic}
    uintx ReservedCodeCacheSize                    = 251658240                              {pd product} {ergonomic}
     bool SegmentedCodeCache                       = true                                      {product} {ergonomic}
   size_t SoftMaxHeapSize                          = 1073741824                             {manageable} {ergonomic}
     bool UseCompressedClassPointers               = true                           {product lp64_product} {ergonomic}
     bool UseCompressedOops                        = true                           {product lp64_product} {ergonomic}
     bool UseLargePagesIndividualAllocation        = false                                  {pd product} {ergonomic}
     bool UseParallelGC                            = true                                      {product} {command line}

Logging:
Log output configuration:
 #0: stdout all=off uptime,level,tags
 #1: stderr all=off uptime,level,tags

Environment Variables:
JAVA_HOME=C:\Program Files\Java\jdk-11
CLASSPATH=.;C:\Program Files\Java\jdk-11libdt.jar;C:\Program Files\Java\jdk-11lib ools.jar
PATH=C:\Program Files (x86)\Common Files\Intel\Shared Libraries\redist\intel64\compiler;C:\Program Files\Common Files\Oracle\Java\javapath;C:\Python311\Scripts\;C:\Python311\;C:\windows\system32;C:\windows;C:\windows\System32\Wbem;C:\windows\System32\WindowsPowerShell\v1.0\;C:\windows\System32\OpenSSH\;C:\ProgramData\chocolatey\bin;C:\Program Files\Java\jdk-11\bin;C:\Program Files\Java\jdk-11\jrein;C:\Program Files\nodejs\;C:\Program Files (x86)\NVIDIA Corporation\PhysX\Common;C:\Program Files\NVIDIA Corporation\NVIDIA NvDLISR;C:\Program Files\Git\cmd;C:\Users\Administrator\AppData\Local\Microsoft\WindowsApps;C:\Users\Administrator\AppData\Local\Programs\Microsoft VS Code\bin;C:\Users\Administrator\AppData\Roaming\npm;C:\Users\Administrator\AppData\Local\Android\Sdk\emulator;C:\Users\Administrator\AppData\Local\Android\Sdk\tools\bin;C:\Users\Administrator\AppData\Local\Android\Sdk\platform-tools;C:\Program Files\OpenSSL-Win64\bin;
USERNAME=Administrator
OS=Windows_NT
PROCESSOR_IDENTIFIER=Intel64 Family 6 Model 165 Stepping 3, GenuineIntel
TMP=C:\Users\ADMINI~1\AppData\Local\Temp
TEMP=C:\Users\ADMINI~1\AppData\Local\Temp



---------------  S Y S T E M  ---------------

OS:
 Windows 10 , 64 bit Build 19041 (10.0.19041.1566)
OS uptime: 0 days 14:30 hours
Hyper-V role detected

CPU: total 12 (initial active 12) (6 cores per cpu, 2 threads per core) family 6 model 165 stepping 3 microcode 0xf0, cx8, cmov, fxsr, ht, mmx, 3dnowpref, sse, sse2, sse3, ssse3, sse4.1, sse4.2, popcnt, lzcnt, tsc, tscinvbit, avx, avx2, aes, erms, clmul, bmi1, bmi2, adx, fma, vzeroupper, clflush, clflushopt, hv

Memory: 4k page, system-wide physical 8107M (2366M free)
TotalPageFile size 27308M (AvailPageFile size 5M)
current process WorkingSet (physical memory assigned to process): 126M, peak: 127M
current process commit charge ("private bytes"): 239M, peak: 241M

vm_info: OpenJDK 64-Bit Server VM (17.0.7+7) for windows-amd64 JRE (17.0.7+7), built on Apr 18 2023 22:10:42 by "temurin" with MS VC++ 16.7 (VS2019)

END.
