#
# There is insufficient memory for the Java Runtime Environment to continue.
# Native memory allocation (mmap) failed to map 65536 bytes for Failed to commit metaspace.
# Possible reasons:
#   The system is out of physical RAM or swap space
#   The process is running with CompressedOops enabled, and the Java Heap may be blocking the growth of the native heap
# Possible solutions:
#   Reduce memory load on the system
#   Increase physical memory or swap space
#   Check if swap backing store is full
#   Decrease Java heap size (-Xmx/-Xms)
#   Decrease number of Java threads
#   Decrease Java thread stack sizes (-Xss)
#   Set larger code cache with -XX:ReservedCodeCacheSize=
#   JVM is running with Unscaled Compressed Oops mode in which the Java heap is
#     placed in the first 4GB address space. The Java Heap base address is the
#     maximum limit for the native heap growth. Please use -XX:HeapBaseMinAddress
#     to set the Java Heap base and to place the Java Heap above 4GB virtual address.
# This output file may be truncated or incomplete.
#
#  Out of Memory Error (virtualSpaceNode.cpp:110), pid=8504, tid=10448
#
# JRE version: OpenJDK Runtime Environment Temurin-17.0.7+7 (17.0.7+7) (build 17.0.7+7)
# Java VM: OpenJDK 64-Bit Server VM Temurin-17.0.7+7 (17.0.7+7, mixed mode, tiered, compressed oops, compressed class ptrs, parallel gc, windows-amd64)
# No core dump will be written. Minidumps are not enabled by default on client versions of Windows
#

---------------  S U M M A R Y ------------

Command Line: --add-modules=ALL-SYSTEM --add-opens=java.base/java.util=ALL-UNNAMED --add-opens=java.base/java.lang=ALL-UNNAMED --add-opens=java.base/sun.nio.fs=ALL-UNNAMED -Declipse.application=org.eclipse.jdt.ls.core.id1 -Dosgi.bundles.defaultStartLevel=4 -Declipse.product=org.eclipse.jdt.ls.core.product -Djava.import.generatesMetadataFilesAtProjectRoot=false -Dfile.encoding=utf8 -XX:+UseParallelGC -XX:GCTimeRatio=4 -XX:AdaptiveSizePolicyWeight=90 -Dsun.zip.disableMemoryMapping=true -Xmx1G -Xms100m -Xlog:disable -javaagent:c:\Users\Administrator\.vscode\extensions\redhat.java-1.18.0-win32-x64\lombok\lombok-1.18.27.jar -XX:+HeapDumpOnOutOfMemoryError -XX:HeapDumpPath=c:\Users\Administrator\AppData\Roaming\Code\User\workspaceStorage\0b4fc39f22b7432ed661c19a9ed79657\redhat.java -Daether.dependencyCollector.impl=bf c:\Users\Administrator\.vscode\extensions\redhat.java-1.18.0-win32-x64\server\plugins\org.eclipse.equinox.launcher_1.6.400.v20210924-0641.jar -configuration c:\Users\Administrator\AppData\Roaming\Code\User\globalStorage\redhat.java\1.18.0\config_win -data c:\Users\Administrator\AppData\Roaming\Code\User\workspaceStorage\0b4fc39f22b7432ed661c19a9ed79657\redhat.java\jdt_ws

Host: Intel(R) Core(TM) i5-10400F CPU @ 2.90GHz, 12 cores, 7G,  Windows 10 , 64 bit Build 19041 (10.0.19041.1566)
Time: Fri Jun  2 10:03:45 2023  Windows 10 , 64 bit Build 19041 (10.0.19041.1566) elapsed time: 1.553223 seconds (0d 0h 0m 1s)

---------------  T H R E A D  ---------------

Current thread (0x00000212f8fd2010):  JavaThread "Start Level: Equinox Container: 08948913-f35a-42ba-bdad-73fce176364b" daemon [_thread_in_vm, id=10448, stack(0x00000013d8700000,0x00000013d8800000)]

Stack: [0x00000013d8700000,0x00000013d8800000]
Native frames: (J=compiled Java code, j=interpreted, Vv=VM code, C=native code)
V  [jvm.dll+0x67754a]
V  [jvm.dll+0x834304]
V  [jvm.dll+0x835aae]
V  [jvm.dll+0x836113]
V  [jvm.dll+0x24696f]
V  [jvm.dll+0x83039b]
V  [jvm.dll+0x61c006]
V  [jvm.dll+0x61c06a]
V  [jvm.dll+0x61e89a]
V  [jvm.dll+0x61c9a6]
V  [jvm.dll+0x23c350]
V  [jvm.dll+0x1ebe5d]
V  [jvm.dll+0x1e1891]
V  [jvm.dll+0x53ea50]
V  [jvm.dll+0x1f2067]
V  [jvm.dll+0x7af05b]
V  [jvm.dll+0x7b0402]
V  [jvm.dll+0x7b0738]
V  [jvm.dll+0x23ec6e]
V  [jvm.dll+0x23eebf]
V  [jvm.dll+0x55c0a8]
V  [jvm.dll+0x55ef57]
V  [jvm.dll+0x384a64]
V  [jvm.dll+0x3840cf]
C  0x00000212e7679cb9

Java frames: (J=compiled Java code, j=interpreted, Vv=VM code)
j  java.util.TimeZone.getTimeZone(Ljava/lang/String;Z)Ljava/util/TimeZone;+1 java.base@17.0.7
j  java.util.TimeZone.setDefaultZone()Ljava/util/TimeZone;+48 java.base@17.0.7
j  java.util.TimeZone.getDefaultRef()Ljava/util/TimeZone;+8 java.base@17.0.7
j  java.util.TimeZone.getDefault()Ljava/util/TimeZone;+0 java.base@17.0.7
j  java.util.Calendar.defaultTimeZone(Ljava/util/Locale;)Ljava/util/TimeZone;+0 java.base@17.0.7
j  java.util.Calendar.getInstance(Ljava/util/Locale;)Ljava/util/Calendar;+1 java.base@17.0.7
j  java.text.SimpleDateFormat.initializeCalendar(Ljava/util/Locale;)V+27 java.base@17.0.7
j  java.text.SimpleDateFormat.<init>(Ljava/lang/String;Ljava/util/Locale;)V+43 java.base@17.0.7
j  java.text.SimpleDateFormat.<init>(Ljava/lang/String;)V+8 java.base@17.0.7
j  org.eclipse.osgi.internal.debug.EclipseDebugTrace.<clinit>()V+6
v  ~StubRoutines::call_stub
j  org.eclipse.osgi.internal.debug.FrameworkDebugOptions.newDebugTrace(Ljava/lang/String;Ljava/lang/Class;)Lorg/eclipse/osgi/service/debug/DebugTrace;+28
j  org.eclipse.osgi.internal.debug.FrameworkDebugOptions.newDebugTrace(Ljava/lang/String;)Lorg/eclipse/osgi/service/debug/DebugTrace;+3
j  org.eclipse.core.internal.utils.Policy$1.optionsChanged(Lorg/eclipse/osgi/service/debug/DebugOptions;)V+3
j  org.eclipse.osgi.internal.debug.FrameworkDebugOptions.addingService(Lorg/osgi/framework/ServiceReference;)Lorg/eclipse/osgi/service/debug/DebugOptionsListener;+16
j  org.eclipse.osgi.internal.debug.FrameworkDebugOptions.addingService(Lorg/osgi/framework/ServiceReference;)Ljava/lang/Object;+5
j  org.osgi.util.tracker.ServiceTracker$Tracked.customizerAdding(Lorg/osgi/framework/ServiceReference;Lorg/osgi/framework/ServiceEvent;)Ljava/lang/Object;+8
j  org.osgi.util.tracker.ServiceTracker$Tracked.customizerAdding(Ljava/lang/Object;Ljava/lang/Object;)Ljava/lang/Object;+9
j  org.osgi.util.tracker.AbstractTracked.trackAdding(Ljava/lang/Object;Ljava/lang/Object;)V+8
j  org.osgi.util.tracker.AbstractTracked.track(Ljava/lang/Object;Ljava/lang/Object;)V+83
j  org.osgi.util.tracker.ServiceTracker$Tracked.serviceChanged(Lorg/osgi/framework/ServiceEvent;)V+67
J 1552 c1 org.eclipse.osgi.internal.serviceregistry.FilteredServiceListener.serviceChanged(Lorg/osgi/framework/ServiceEvent;)V (284 bytes) @ 0x00000212e040b834 [0x00000212e0409560+0x00000000000022d4]
J 1538 c1 org.eclipse.osgi.internal.framework.BundleContextImpl.dispatchEvent(Ljava/lang/Object;Ljava/lang/Object;ILjava/lang/Object;)V (558 bytes) @ 0x00000212e03fd1ec [0x00000212e03fa120+0x00000000000030cc]
J 1943 c1 org.eclipse.osgi.framework.eventmgr.EventManager.dispatchEvent(Ljava/util/Set;Lorg/eclipse/osgi/framework/eventmgr/EventDispatcher;ILjava/lang/Object;)V (69 bytes) @ 0x00000212e04d37f4 [0x00000212e04d3320+0x00000000000004d4]
j  org.eclipse.osgi.framework.eventmgr.ListenerQueue.dispatchEventSynchronous(ILjava/lang/Object;)V+67
j  org.eclipse.osgi.internal.serviceregistry.ServiceRegistry.publishServiceEventPrivileged(Lorg/osgi/framework/ServiceEvent;)V+320
j  org.eclipse.osgi.internal.serviceregistry.ServiceRegistry.publishServiceEvent(Lorg/osgi/framework/ServiceEvent;)V+8
j  org.eclipse.osgi.internal.serviceregistry.ServiceRegistrationImpl.register(Ljava/util/Dictionary;)V+128
j  org.eclipse.osgi.internal.serviceregistry.ServiceRegistry.registerService(Lorg/eclipse/osgi/internal/framework/BundleContextImpl;[Ljava/lang/String;Ljava/lang/Object;Ljava/util/Dictionary;)Lorg/eclipse/osgi/internal/serviceregistry/ServiceRegistrationImpl;+298
j  org.eclipse.osgi.internal.framework.BundleContextImpl.registerService([Ljava/lang/String;Ljava/lang/Object;Ljava/util/Dictionary;)Lorg/osgi/framework/ServiceRegistration;+15
j  org.eclipse.osgi.internal.framework.BundleContextImpl.registerService(Ljava/lang/String;Ljava/lang/Object;Ljava/util/Dictionary;)Lorg/osgi/framework/ServiceRegistration;+15
j  org.eclipse.osgi.internal.framework.BundleContextImpl.registerService(Ljava/lang/Class;Ljava/lang/Object;Ljava/util/Dictionary;)Lorg/osgi/framework/ServiceRegistration;+7
j  org.eclipse.core.resources.ResourcesPlugin.start(Lorg/osgi/framework/BundleContext;)V+46
j  org.eclipse.osgi.internal.framework.BundleContextImpl$2.run()Ljava/lang/Void;+23
j  org.eclipse.osgi.internal.framework.BundleContextImpl$2.run()Ljava/lang/Object;+1
J 1213 c1 java.security.AccessController.executePrivileged(Ljava/security/PrivilegedExceptionAction;Ljava/security/AccessControlContext;Ljava/lang/Class;)Ljava/lang/Object; java.base@17.0.7 (65 bytes) @ 0x00000212e0349834 [0x00000212e03496e0+0x0000000000000154]
j  java.security.AccessController.doPrivileged(Ljava/security/PrivilegedExceptionAction;)Ljava/lang/Object;+9 java.base@17.0.7
j  org.eclipse.osgi.internal.framework.BundleContextImpl.startActivator(Lorg/osgi/framework/BundleActivator;)V+9
j  org.eclipse.osgi.internal.framework.BundleContextImpl.start()V+134
j  org.eclipse.osgi.internal.framework.EquinoxBundle.startWorker0()V+35
j  org.eclipse.osgi.internal.framework.EquinoxBundle$EquinoxModule.startWorker()V+4
j  org.eclipse.osgi.container.Module.doStart([Lorg/eclipse/osgi/container/Module$StartOptions;)Lorg/eclipse/osgi/container/ModuleContainerAdaptor$ModuleEvent;+190
j  org.eclipse.osgi.container.Module.start([Lorg/eclipse/osgi/container/Module$StartOptions;)V+460
j  org.eclipse.osgi.framework.util.SecureAction.start(Lorg/eclipse/osgi/container/Module;[Lorg/eclipse/osgi/container/Module$StartOptions;)V+8
J 1741 c1 org.eclipse.osgi.internal.hooks.EclipseLazyStarter.postFindLocalClass(Ljava/lang/String;Ljava/lang/Class;Lorg/eclipse/osgi/internal/loader/classpath/ClasspathManager;)V (394 bytes) @ 0x00000212e045c1dc [0x00000212e045b260+0x0000000000000f7c]
J 1975 c1 org.eclipse.osgi.internal.loader.classpath.ClasspathManager.findLocalClass(Ljava/lang/String;)Ljava/lang/Class; (210 bytes) @ 0x00000212e04eacd4 [0x00000212e04e9d20+0x0000000000000fb4]
J 1739 c1 org.eclipse.osgi.internal.loader.BundleLoader.findLocalClass(Ljava/lang/String;)Ljava/lang/Class; (152 bytes) @ 0x00000212e045926c [0x00000212e0458a20+0x000000000000084c]
J 1677 c1 org.eclipse.osgi.internal.loader.BundleLoader.findClass0(Ljava/lang/String;ZZ)Ljava/lang/Class; (466 bytes) @ 0x00000212e0433c94 [0x00000212e04315a0+0x00000000000026f4]
J 1676 c1 org.eclipse.osgi.internal.loader.BundleLoader.findClass(Ljava/lang/String;)Ljava/lang/Class; (8 bytes) @ 0x00000212e0430c9c [0x00000212e0430c20+0x000000000000007c]
J 1679 c1 org.eclipse.osgi.internal.loader.ModuleClassLoader.loadClass(Ljava/lang/String;Z)Ljava/lang/Class; (36 bytes) @ 0x00000212e0436cbc [0x00000212e0436aa0+0x000000000000021c]
J 809 c1 java.lang.ClassLoader.loadClass(Ljava/lang/String;)Ljava/lang/Class; java.base@17.0.7 (7 bytes) @ 0x00000212e027413c [0x00000212e0274040+0x00000000000000fc]
v  ~StubRoutines::call_stub
j  java.lang.Class.getDeclaredConstructors0(Z)[Ljava/lang/reflect/Constructor;+0 java.base@17.0.7
j  java.lang.Class.privateGetDeclaredConstructors(Z)[Ljava/lang/reflect/Constructor;+52 java.base@17.0.7
j  java.lang.Class.getConstructor0([Ljava/lang/Class;I)Ljava/lang/reflect/Constructor;+14 java.base@17.0.7
j  java.lang.Class.getConstructor([Ljava/lang/Class;)Ljava/lang/reflect/Constructor;+24 java.base@17.0.7
j  org.eclipse.osgi.internal.framework.BundleContextImpl.loadBundleActivator()Lorg/osgi/framework/BundleActivator;+105
j  org.eclipse.osgi.internal.framework.BundleContextImpl.start()V+18
j  org.eclipse.osgi.internal.framework.EquinoxBundle.startWorker0()V+35
j  org.eclipse.osgi.internal.framework.EquinoxBundle$EquinoxModule.startWorker()V+4
j  org.eclipse.osgi.container.Module.doStart([Lorg/eclipse/osgi/container/Module$StartOptions;)Lorg/eclipse/osgi/container/ModuleContainerAdaptor$ModuleEvent;+190
j  org.eclipse.osgi.container.Module.start([Lorg/eclipse/osgi/container/Module$StartOptions;)V+460
j  org.eclipse.osgi.container.ModuleContainer$ContainerStartLevel$2.run()V+71
j  org.eclipse.osgi.internal.framework.EquinoxContainerAdaptor$1$1.execute(Ljava/lang/Runnable;)V+1
j  org.eclipse.osgi.container.ModuleContainer$ContainerStartLevel.incStartLevel(ILjava/util/List;Z)V+192
j  org.eclipse.osgi.container.ModuleContainer$ContainerStartLevel.incStartLevel(ILjava/util/List;Ljava/util/List;Ljava/util/List;Ljava/util/List;)V+19
j  org.eclipse.osgi.container.ModuleContainer$ContainerStartLevel.doContainerStartLevel(Lorg/eclipse/osgi/container/Module;I[Lorg/osgi/framework/FrameworkListener;)V+349
j  org.eclipse.osgi.container.ModuleContainer$ContainerStartLevel.dispatchEvent(Lorg/eclipse/osgi/container/Module;[Lorg/osgi/framework/FrameworkListener;ILjava/lang/Integer;)V+32
j  org.eclipse.osgi.container.ModuleContainer$ContainerStartLevel.dispatchEvent(Ljava/lang/Object;Ljava/lang/Object;ILjava/lang/Object;)V+15
j  org.eclipse.osgi.framework.eventmgr.EventManager.dispatchEvent(Ljava/util/Set;Lorg/eclipse/osgi/framework/eventmgr/EventDispatcher;ILjava/lang/Object;)V+48
j  org.eclipse.osgi.framework.eventmgr.EventManager$EventThread.run()V+26
v  ~StubRoutines::call_stub

---------------  P R O C E S S  ---------------

Threads class SMR info:
_java_thread_list=0x00000212f8c7a1b0, length=17, elements={
0x00000212dd09f650, 0x00000212f1a72630, 0x00000212f1a73ee0, 0x00000212f6b62420,
0x00000212f6b62ce0, 0x00000212f1a7cef0, 0x00000212f6b7f020, 0x00000212f6b83c80,
0x00000212f6b850f0, 0x00000212f6bf07f0, 0x00000212dd103cb0, 0x00000212f6ea8b10,
0x00000212f85e8f40, 0x00000212f8d90ef0, 0x00000212f8fd2010, 0x00000212f90aa840,
0x00000212f91f28c0
}

Java Threads: ( => current thread )
  0x00000212dd09f650 JavaThread "main" [_thread_blocked, id=6248, stack(0x00000013d6e00000,0x00000013d6f00000)]
  0x00000212f1a72630 JavaThread "Reference Handler" daemon [_thread_blocked, id=7576, stack(0x00000013d7100000,0x00000013d7200000)]
  0x00000212f1a73ee0 JavaThread "Finalizer" daemon [_thread_blocked, id=11080, stack(0x00000013d7200000,0x00000013d7300000)]
  0x00000212f6b62420 JavaThread "Signal Dispatcher" daemon [_thread_blocked, id=5428, stack(0x00000013d7300000,0x00000013d7400000)]
  0x00000212f6b62ce0 JavaThread "Attach Listener" daemon [_thread_blocked, id=14660, stack(0x00000013d7400000,0x00000013d7500000)]
  0x00000212f1a7cef0 JavaThread "Service Thread" daemon [_thread_blocked, id=6548, stack(0x00000013d7500000,0x00000013d7600000)]
  0x00000212f6b7f020 JavaThread "Monitor Deflation Thread" daemon [_thread_blocked, id=8644, stack(0x00000013d7600000,0x00000013d7700000)]
  0x00000212f6b83c80 JavaThread "C2 CompilerThread0" daemon [_thread_blocked, id=13976, stack(0x00000013d7700000,0x00000013d7800000)]
  0x00000212f6b850f0 JavaThread "C1 CompilerThread0" daemon [_thread_blocked, id=4660, stack(0x00000013d7800000,0x00000013d7900000)]
  0x00000212f6bf07f0 JavaThread "Sweeper thread" daemon [_thread_blocked, id=14064, stack(0x00000013d7900000,0x00000013d7a00000)]
  0x00000212dd103cb0 JavaThread "Common-Cleaner" daemon [_thread_blocked, id=808, stack(0x00000013d7a00000,0x00000013d7b00000)]
  0x00000212f6ea8b10 JavaThread "Notification Thread" daemon [_thread_blocked, id=5076, stack(0x00000013d7b00000,0x00000013d7c00000)]
  0x00000212f85e8f40 JavaThread "Active Thread: Equinox Container: 08948913-f35a-42ba-bdad-73fce176364b" [_thread_blocked, id=6732, stack(0x00000013d8500000,0x00000013d8600000)]
  0x00000212f8d90ef0 JavaThread "Framework Event Dispatcher: Equinox Container: 08948913-f35a-42ba-bdad-73fce176364b" daemon [_thread_blocked, id=6404, stack(0x00000013d8600000,0x00000013d8700000)]
=>0x00000212f8fd2010 JavaThread "Start Level: Equinox Container: 08948913-f35a-42ba-bdad-73fce176364b" daemon [_thread_in_vm, id=10448, stack(0x00000013d8700000,0x00000013d8800000)]
  0x00000212f90aa840 JavaThread "SCR Component Actor" daemon [_thread_blocked, id=4088, stack(0x00000013d8800000,0x00000013d8900000)]
  0x00000212f91f28c0 JavaThread "SCR Component Registry" daemon [_thread_blocked, id=11736, stack(0x00000013d8a00000,0x00000013d8b00000)]

Other Threads:
  0x00000212dd129f80 VMThread "VM Thread" [stack: 0x00000013d7000000,0x00000013d7100000] [id=6156]
  0x00000212f6eaecd0 WatcherThread [stack: 0x00000013d7c00000,0x00000013d7d00000] [id=916]
  0x00000212dd0b4e00 GCTaskThread "GC Thread#0" [stack: 0x00000013d6f00000,0x00000013d7000000] [id=11448]
  0x00000212f8321c40 GCTaskThread "GC Thread#1" [stack: 0x00000013d7f00000,0x00000013d8000000] [id=5256]
  0x00000212f8320160 GCTaskThread "GC Thread#2" [stack: 0x00000013d8000000,0x00000013d8100000] [id=10096]
  0x00000212f83206c0 GCTaskThread "GC Thread#3" [stack: 0x00000013d8100000,0x00000013d8200000] [id=12516]
  0x00000212f8321430 GCTaskThread "GC Thread#4" [stack: 0x00000013d8200000,0x00000013d8300000] [id=4112]
  0x00000212f8321990 GCTaskThread "GC Thread#5" [stack: 0x00000013d8300000,0x00000013d8400000] [id=3288]
  0x00000212f83216e0 GCTaskThread "GC Thread#6" [stack: 0x00000013d8400000,0x00000013d8500000] [id=9084]
  0x00000212f8320c20 GCTaskThread "GC Thread#7" [stack: 0x00000013d8900000,0x00000013d8a00000] [id=10764]

Threads with active compile tasks:

VM state: not at safepoint (normal execution)

VM Mutex/Monitor currently owned by a thread:  ([mutex/lock_event])
[0x00000212dd09a640] Metaspace_lock - owner thread: 0x00000212f8fd2010

Heap address: 0x00000000c0000000, size: 1024 MB, Compressed Oops mode: 32-bit

CDS archive(s) not mapped
Compressed class space mapped at: 0x0000000100000000-0x0000000140000000, reserved size: 1073741824
Narrow klass base: 0x0000000000000000, Narrow klass shift: 3, Narrow klass range: 0x140000000

GC Precious Log:
 CPUs: 12 total, 12 available
 Memory: 8107M
 Large Page Support: Disabled
 NUMA Support: Disabled
 Compressed Oops: Enabled (32-bit)
 Alignments: Space 512K, Generation 512K, Heap 2M
 Heap Min Capacity: 100M
 Heap Initial Capacity: 100M
 Heap Max Capacity: 1G
 Pre-touch: Disabled
 Parallel Workers: 10

Heap:
 PSYoungGen      total 29696K, used 19287K [0x00000000eab00000, 0x00000000ecc00000, 0x0000000100000000)
  eden space 25600K, 59% used [0x00000000eab00000,0x00000000eb9dc410,0x00000000ec400000)
  from space 4096K, 99% used [0x00000000ec800000,0x00000000ecbf98b8,0x00000000ecc00000)
  to   space 4096K, 0% used [0x00000000ec400000,0x00000000ec400000,0x00000000ec800000)
 ParOldGen       total 68608K, used 1586K [0x00000000c0000000, 0x00000000c4300000, 0x00000000eab00000)
  object space 68608K, 2% used [0x00000000c0000000,0x00000000c018cb80,0x00000000c4300000)
 Metaspace       used 17757K, committed 18112K, reserved 1114112K
  class space    used 1806K, committed 1984K, reserved 1048576K

Card table byte_map: [0x00000212ef310000,0x00000212ef520000] _byte_map_base: 0x00000212eed10000

Marking Bits: (ParMarkBitMap*) 0x00007ffe451f52c0
 Begin Bits: [0x00000212ef680000, 0x00000212f0680000)
 End Bits:   [0x00000212f0680000, 0x00000212f1680000)

Polling page: 0x00000212db850000

Metaspace:

Usage:
  Non-class:     15.58 MB used.
      Class:      1.76 MB used.
       Both:     17.34 MB used.

Virtual space:
  Non-class space:       64.00 MB reserved,      15.75 MB ( 25%) committed,  1 nodes.
      Class space:        1.00 GB reserved,       1.94 MB ( <1%) committed,  1 nodes.
             Both:        1.06 GB reserved,      17.69 MB (  2%) committed. 

Chunk freelists:
   Non-Class:  15.59 MB
       Class:  14.03 MB
        Both:  29.62 MB

MaxMetaspaceSize: unlimited
CompressedClassSpaceSize: 1.00 GB
Initial GC threshold: 21.00 MB
Current GC threshold: 21.00 MB
CDS: off
MetaspaceReclaimPolicy: balanced
 - commit_granule_bytes: 65536.
 - commit_granule_words: 8192.
 - virtual_space_node_default_size: 8388608.
 - enlarge_chunks_in_place: 1.
 - new_chunks_are_fully_committed: 0.
 - uncommit_free_chunks: 1.
 - use_allocation_guard: 0.
 - handle_deallocations: 1.


Internal statistics:

num_allocs_failed_limit: 0.
num_arena_births: 116.
num_arena_deaths: 0.
num_vsnodes_births: 2.
num_vsnodes_deaths: 0.
num_space_committed: 283.
num_space_uncommitted: 0.
num_chunks_returned_to_freelist: 0.
num_chunks_taken_from_freelist: 449.
num_chunk_merges: 0.
num_chunk_splits: 294.
num_chunks_enlarged: 215.
num_inconsistent_stats: 0.

CodeHeap 'non-profiled nmethods': size=120000Kb used=789Kb max_used=789Kb free=119210Kb
 bounds [0x00000212e7c00000, 0x00000212e7e70000, 0x00000212ef130000]
CodeHeap 'profiled nmethods': size=120000Kb used=3856Kb max_used=3856Kb free=116143Kb
 bounds [0x00000212e0130000, 0x00000212e0500000, 0x00000212e7660000]
CodeHeap 'non-nmethods': size=5760Kb used=1174Kb max_used=1203Kb free=4585Kb
 bounds [0x00000212e7660000, 0x00000212e78d0000, 0x00000212e7c00000]
 total_blobs=2462 nmethods=1988 adapters=388
 compilation: enabled
              stopped_count=0, restarted_count=0
 full_count=0

Compilation events (20 events):
Event: 1.532 Thread 0x00000212f6b850f0 1980       3       org.eclipse.osgi.framework.util.CaseInsensitiveDictionaryMap::computeHashCode (76 bytes)
Event: 1.533 Thread 0x00000212f6b850f0 nmethod 1980 0x00000212e04eee10 code [0x00000212e04ef040, 0x00000212e04ef898]
Event: 1.533 Thread 0x00000212f6b850f0 1981       3       java.util.Hashtable$Enumerator::nextElement (111 bytes)
Event: 1.533 Thread 0x00000212f6b850f0 nmethod 1981 0x00000212e7cc1390 code [0x00000212e7cc1560, 0x00000212e7cc19a8]
Event: 1.536 Thread 0x00000212f6b850f0 1982       3       org.eclipse.osgi.internal.log.EquinoxLogWriter::isLoggable (65 bytes)
Event: 1.536 Thread 0x00000212f6b850f0 nmethod 1982 0x00000212e04efb90 code [0x00000212e04efda0, 0x00000212e04f02b8]
Event: 1.536 Thread 0x00000212f6b850f0 1983       3       org.eclipse.osgi.internal.log.ExtendedLogReaderServiceFactory::getCount (29 bytes)
Event: 1.536 Thread 0x00000212f6b850f0 nmethod 1983 0x00000212e04f0410 code [0x00000212e04f05e0, 0x00000212e04f0a38]
Event: 1.536 Thread 0x00000212f6b850f0 1984       1       sun.nio.fs.NativeBuffer::owner (5 bytes)
Event: 1.537 Thread 0x00000212f6b850f0 nmethod 1984 0x00000212e7cc1b10 code [0x00000212e7cc1ca0, 0x00000212e7cc1d78]
Event: 1.539 Thread 0x00000212f6b850f0 1985       3       org.eclipse.osgi.container.ModuleRevision::getBundle (8 bytes)
Event: 1.539 Thread 0x00000212f6b850f0 nmethod 1985 0x00000212e04f0b90 code [0x00000212e04f0d40, 0x00000212e04f0f68]
Event: 1.539 Thread 0x00000212f6b850f0 1987       3       java.util.ArrayList$SubList$1::<init> (39 bytes)
Event: 1.539 Thread 0x00000212f6b850f0 nmethod 1987 0x00000212e04f1090 code [0x00000212e04f1220, 0x00000212e04f13b8]
Event: 1.539 Thread 0x00000212f6b850f0 1986       3       org.eclipse.osgi.container.ModuleRevisions::getBundle (8 bytes)
Event: 1.539 Thread 0x00000212f6b850f0 nmethod 1986 0x00000212e04f1490 code [0x00000212e04f1640, 0x00000212e04f1808]
Event: 1.543 Thread 0x00000212f6b850f0 1988       3       org.eclipse.osgi.internal.loader.sources.SingleSourcePackage::loadClass (9 bytes)
Event: 1.543 Thread 0x00000212f6b850f0 nmethod 1988 0x00000212e04f1910 code [0x00000212e04f1ac0, 0x00000212e04f1c88]
Event: 1.544 Thread 0x00000212f6b850f0 1989       3       java.lang.invoke.VarHandleGuards::guard_LI_I (78 bytes)
Event: 1.546 Thread 0x00000212f6b850f0 nmethod 1989 0x00000212e04f1d90 code [0x00000212e04f20c0, 0x00000212e04f3b28]

GC Heap History (4 events):
Event: 0.771 GC heap before
{Heap before GC invocations=1 (full 0):
 PSYoungGen      total 29696K, used 25600K [0x00000000eab00000, 0x00000000ecc00000, 0x0000000100000000)
  eden space 25600K, 100% used [0x00000000eab00000,0x00000000ec400000,0x00000000ec400000)
  from space 4096K, 0% used [0x00000000ec800000,0x00000000ec800000,0x00000000ecc00000)
  to   space 4096K, 0% used [0x00000000ec400000,0x00000000ec400000,0x00000000ec800000)
 ParOldGen       total 68608K, used 0K [0x00000000c0000000, 0x00000000c4300000, 0x00000000eab00000)
  object space 68608K, 0% used [0x00000000c0000000,0x00000000c0000000,0x00000000c4300000)
 Metaspace       used 11162K, committed 11328K, reserved 1114112K
  class space    used 1119K, committed 1216K, reserved 1048576K
}
Event: 0.778 GC heap after
{Heap after GC invocations=1 (full 0):
 PSYoungGen      total 29696K, used 3322K [0x00000000eab00000, 0x00000000ecc00000, 0x0000000100000000)
  eden space 25600K, 0% used [0x00000000eab00000,0x00000000eab00000,0x00000000ec400000)
  from space 4096K, 81% used [0x00000000ec400000,0x00000000ec73e840,0x00000000ec800000)
  to   space 4096K, 0% used [0x00000000ec800000,0x00000000ec800000,0x00000000ecc00000)
 ParOldGen       total 68608K, used 16K [0x00000000c0000000, 0x00000000c4300000, 0x00000000eab00000)
  object space 68608K, 0% used [0x00000000c0000000,0x00000000c0004000,0x00000000c4300000)
 Metaspace       used 11162K, committed 11328K, reserved 1114112K
  class space    used 1119K, committed 1216K, reserved 1048576K
}
Event: 1.304 GC heap before
{Heap before GC invocations=2 (full 0):
 PSYoungGen      total 29696K, used 28922K [0x00000000eab00000, 0x00000000ecc00000, 0x0000000100000000)
  eden space 25600K, 100% used [0x00000000eab00000,0x00000000ec400000,0x00000000ec400000)
  from space 4096K, 81% used [0x00000000ec400000,0x00000000ec73e840,0x00000000ec800000)
  to   space 4096K, 0% used [0x00000000ec800000,0x00000000ec800000,0x00000000ecc00000)
 ParOldGen       total 68608K, used 16K [0x00000000c0000000, 0x00000000c4300000, 0x00000000eab00000)
  object space 68608K, 0% used [0x00000000c0000000,0x00000000c0004000,0x00000000c4300000)
 Metaspace       used 14983K, committed 15232K, reserved 1114112K
  class space    used 1523K, committed 1664K, reserved 1048576K
}
Event: 1.311 GC heap after
{Heap after GC invocations=2 (full 0):
 PSYoungGen      total 29696K, used 4070K [0x00000000eab00000, 0x00000000ecc00000, 0x0000000100000000)
  eden space 25600K, 0% used [0x00000000eab00000,0x00000000eab00000,0x00000000ec400000)
  from space 4096K, 99% used [0x00000000ec800000,0x00000000ecbf98b8,0x00000000ecc00000)
  to   space 4096K, 0% used [0x00000000ec400000,0x00000000ec400000,0x00000000ec800000)
 ParOldGen       total 68608K, used 1586K [0x00000000c0000000, 0x00000000c4300000, 0x00000000eab00000)
  object space 68608K, 2% used [0x00000000c0000000,0x00000000c018cb80,0x00000000c4300000)
 Metaspace       used 14983K, committed 15232K, reserved 1114112K
  class space    used 1523K, committed 1664K, reserved 1048576K
}

Dll operation events (9 events):
Event: 0.014 Loaded shared library c:\Users\Administrator\.vscode\extensions\redhat.java-1.18.0-win32-x64\jre\17.0.7-win32-x86_64\bin\java.dll
Event: 0.175 Loaded shared library c:\Users\Administrator\.vscode\extensions\redhat.java-1.18.0-win32-x64\jre\17.0.7-win32-x86_64\bin\zip.dll
Event: 0.182 Loaded shared library C:\Users\Administrator\.vscode\extensions\redhat.java-1.18.0-win32-x64\jre\17.0.7-win32-x86_64\bin\instrument.dll
Event: 0.194 Loaded shared library C:\Users\Administrator\.vscode\extensions\redhat.java-1.18.0-win32-x64\jre\17.0.7-win32-x86_64\bin\net.dll
Event: 0.197 Loaded shared library C:\Users\Administrator\.vscode\extensions\redhat.java-1.18.0-win32-x64\jre\17.0.7-win32-x86_64\bin\nio.dll
Event: 0.204 Loaded shared library C:\Users\Administrator\.vscode\extensions\redhat.java-1.18.0-win32-x64\jre\17.0.7-win32-x86_64\bin\zip.dll
Event: 0.217 Loaded shared library C:\Users\Administrator\.vscode\extensions\redhat.java-1.18.0-win32-x64\jre\17.0.7-win32-x86_64\bin\jimage.dll
Event: 0.257 Loaded shared library c:\Users\Administrator\.vscode\extensions\redhat.java-1.18.0-win32-x64\jre\17.0.7-win32-x86_64\bin\verify.dll
Event: 1.203 Loaded shared library C:\Users\Administrator\AppData\Roaming\Code\User\globalStorage\redhat.java\1.18.0\config_win\org.eclipse.equinox.launcher\org.eclipse.equinox.launcher.win32.win32.x86_64_1.2.700.v20221108-1024\eclipse_11801.dll

Deoptimization events (20 events):
Event: 1.430 Thread 0x00000212f8fd2010 Uncommon trap: trap_request=0xffffffde fr.pc=0x00000212e7c655d0 relative=0x00000000000002b0
Event: 1.430 Thread 0x00000212f8fd2010 Uncommon trap: reason=class_check action=maybe_recompile pc=0x00000212e7c655d0 method=java.io.DataInputStream.readByte()B @ 4 c2
Event: 1.430 Thread 0x00000212f8fd2010 DEOPT PACKING pc=0x00000212e7c655d0 sp=0x00000013d87fbb40
Event: 1.430 Thread 0x00000212f8fd2010 DEOPT UNPACKING pc=0x00000212e76b66a3 sp=0x00000013d87fbaf8 mode 2
Event: 1.430 Thread 0x00000212f8fd2010 Uncommon trap: trap_request=0xffffffde fr.pc=0x00000212e7c691fc relative=0x000000000000121c
Event: 1.430 Thread 0x00000212f8fd2010 Uncommon trap: reason=class_check action=maybe_recompile pc=0x00000212e7c691fc method=java.io.DataInputStream.readFully([BII)V @ 30 c2
Event: 1.430 Thread 0x00000212f8fd2010 DEOPT PACKING pc=0x00000212e7c691fc sp=0x00000013d87fba00
Event: 1.430 Thread 0x00000212f8fd2010 DEOPT UNPACKING pc=0x00000212e76b66a3 sp=0x00000013d87fb948 mode 2
Event: 1.430 Thread 0x00000212f8fd2010 Uncommon trap: trap_request=0xffffffde fr.pc=0x00000212e7c691fc relative=0x000000000000121c
Event: 1.430 Thread 0x00000212f8fd2010 Uncommon trap: reason=class_check action=maybe_recompile pc=0x00000212e7c691fc method=java.io.DataInputStream.readFully([BII)V @ 30 c2
Event: 1.430 Thread 0x00000212f8fd2010 DEOPT PACKING pc=0x00000212e7c691fc sp=0x00000013d87fba00
Event: 1.430 Thread 0x00000212f8fd2010 DEOPT UNPACKING pc=0x00000212e76b66a3 sp=0x00000013d87fb948 mode 2
Event: 1.458 Thread 0x00000212f8fd2010 Uncommon trap: trap_request=0xffffff45 fr.pc=0x00000212e7c8e770 relative=0x0000000000000f30
Event: 1.458 Thread 0x00000212f8fd2010 Uncommon trap: reason=unstable_if action=reinterpret pc=0x00000212e7c8e770 method=java.lang.String.<init>([BIILjava/nio/charset/Charset;)V @ 18 c2
Event: 1.458 Thread 0x00000212f8fd2010 DEOPT PACKING pc=0x00000212e7c8e770 sp=0x00000013d87fcb70
Event: 1.458 Thread 0x00000212f8fd2010 DEOPT UNPACKING pc=0x00000212e76b66a3 sp=0x00000013d87fcb30 mode 2
Event: 1.522 Thread 0x00000212f8fd2010 Uncommon trap: trap_request=0xffffff45 fr.pc=0x00000212e7c93f00 relative=0x0000000000000ce0
Event: 1.522 Thread 0x00000212f8fd2010 Uncommon trap: reason=unstable_if action=reinterpret pc=0x00000212e7c93f00 method=java.io.WinNTFileSystem.normalize(Ljava/lang/String;II)Ljava/lang/String; @ 100 c2
Event: 1.522 Thread 0x00000212f8fd2010 DEOPT PACKING pc=0x00000212e7c93f00 sp=0x00000013d87fce20
Event: 1.522 Thread 0x00000212f8fd2010 DEOPT UNPACKING pc=0x00000212e76b66a3 sp=0x00000013d87fcdf8 mode 2

Classes unloaded (0 events):
No events

Classes redefined (0 events):
No events

Internal exceptions (20 events):
Event: 0.674 Thread 0x00000212dd09f650 Exception <a 'java/lang/ClassNotFoundException'{0x00000000ec040d18}: sun/net/www/protocol/c/Handler> (0x00000000ec040d18) 
thrown [s\src\hotspot\share\classfile\systemDictionary.cpp, line 256]
Event: 0.682 Thread 0x00000212dd09f650 Exception <a 'java/io/FileNotFoundException'{0x00000000ec067740}> (0x00000000ec067740) 
thrown [s\src\hotspot\share\prims\jni.cpp, line 516]
Event: 0.705 Thread 0x00000212dd09f650 Implicit null exception at 0x00000212e7c55b00 to 0x00000212e7c56574
Event: 0.705 Thread 0x00000212dd09f650 Implicit null exception at 0x00000212e7c46bf1 to 0x00000212e7c46de8
Event: 0.706 Thread 0x00000212dd09f650 Implicit null exception at 0x00000212e7c4c871 to 0x00000212e7c4ca70
Event: 0.706 Thread 0x00000212dd09f650 Implicit null exception at 0x00000212e7c3ad0f to 0x00000212e7c3ad89
Event: 0.742 Thread 0x00000212dd09f650 Exception <a 'java/lang/NoSuchMethodError'{0x00000000ec3341d8}: 'int java.lang.invoke.DirectMethodHandle$Holder.invokeStaticInit(java.lang.Object, java.lang.Object, java.lang.Object, java.lang.Object)'> (0x00000000ec3341d8) 
thrown [s\src\hotspot\share\interpreter\linkResolver.cpp, line 759]
Event: 0.743 Thread 0x00000212dd09f650 Exception <a 'java/lang/NoSuchMethodError'{0x00000000ec33e848}: 'java.lang.Object java.lang.invoke.DirectMethodHandle$Holder.invokeInterface(java.lang.Object, java.lang.Object)'> (0x00000000ec33e848) 
thrown [s\src\hotspot\share\interpreter\linkResolver.cpp, line 759]
Event: 0.743 Thread 0x00000212dd09f650 Exception <a 'java/lang/IncompatibleClassChangeError'{0x00000000ec342040}: Found class java.lang.Object, but interface was expected> (0x00000000ec342040) 
thrown [s\src\hotspot\share\interpreter\linkResolver.cpp, line 826]
Event: 0.744 Thread 0x00000212dd09f650 Exception <a 'java/lang/NoSuchMethodError'{0x00000000ec346538}: 'void java.lang.invoke.DirectMethodHandle$Holder.invokeStatic(java.lang.Object, java.lang.Object)'> (0x00000000ec346538) 
thrown [s\src\hotspot\share\interpreter\linkResolver.cpp, line 759]
Event: 0.745 Thread 0x00000212dd09f650 Exception <a 'java/lang/NoSuchMethodError'{0x00000000ec349d38}: 'void java.lang.invoke.DirectMethodHandle$Holder.invokeStaticInit(java.lang.Object, java.lang.Object)'> (0x00000000ec349d38) 
thrown [s\src\hotspot\share\interpreter\linkResolver.cpp, line 759]
Event: 0.746 Thread 0x00000212dd09f650 Exception <a 'java/lang/NoSuchMethodError'{0x00000000ec351130}: 'int java.lang.invoke.DirectMethodHandle$Holder.invokeStaticInit(java.lang.Object, java.lang.Object)'> (0x00000000ec351130) 
thrown [s\src\hotspot\share\interpreter\linkResolver.cpp, line 759]
Event: 0.794 Thread 0x00000212dd09f650 Exception <a 'java/lang/NoSuchMethodError'{0x00000000eabd5010}: 'void java.lang.invoke.DirectMethodHandle$Holder.invokeSpecial(java.lang.Object, java.lang.Object, java.lang.Object)'> (0x00000000eabd5010) 
thrown [s\src\hotspot\share\interpreter\linkResolver.cpp, line 759]
Event: 1.021 Thread 0x00000212dd09f650 Exception <a 'java/lang/NoSuchMethodError'{0x00000000eb8a50c0}: 'java.lang.Object java.lang.invoke.DirectMethodHandle$Holder.newInvokeSpecial(java.lang.Object, int, java.lang.Object)'> (0x00000000eb8a50c0) 
thrown [s\src\hotspot\share\interpreter\linkResolver.cpp, line 759]
Event: 1.199 Thread 0x00000212dd09f650 Exception <a 'java/lang/UnsatisfiedLinkError'{0x00000000ebe69d50}: 'void org.eclipse.equinox.launcher.JNIBridge._update_splash()'> (0x00000000ebe69d50) 
thrown [s\src\hotspot\share\prims\nativeLookup.cpp, line 543]
Event: 1.249 Thread 0x00000212f8fd2010 Exception <a 'java/lang/NoSuchMethodError'{0x00000000ec10c0a8}: 'java.lang.Object java.lang.invoke.DirectMethodHandle$Holder.invokeStaticInit(java.lang.Object)'> (0x00000000ec10c0a8) 
thrown [s\src\hotspot\share\interpreter\linkResolver.cpp, line 759]
Event: 1.424 Thread 0x00000212f8fd2010 Exception <a 'java/io/FileNotFoundException'{0x00000000eb3f7be0}> (0x00000000eb3f7be0) 
thrown [s\src\hotspot\share\prims\jni.cpp, line 516]
Event: 1.433 Thread 0x00000212f8fd2010 Exception <a 'java/lang/NullPointerException'{0x00000000eb44e068}> (0x00000000eb44e068) 
thrown [s\src\hotspot\share\interpreter\linkResolver.cpp, line 1350]
Event: 1.433 Thread 0x00000212f8fd2010 Exception <a 'java/lang/NullPointerException'{0x00000000eb44e890}> (0x00000000eb44e890) 
thrown [s\src\hotspot\share\interpreter\linkResolver.cpp, line 1350]
Event: 1.509 Thread 0x00000212f8fd2010 Exception <a 'java/lang/NoSuchMethodError'{0x00000000eb79ddb8}: 'java.lang.Object java.lang.invoke.Invokers$Holder.invokeExact_MT(java.lang.Object, java.lang.Object, java.lang.Object, java.lang.Object, java.lang.Object, java.lang.Object)'> (0x00000000eb79ddb8) 
thrown [s\src\hotspot\share\interpreter\linkResolver.cpp, line 759]

VM Operations (20 events):
Event: 0.656 Executing VM operation: HandshakeAllThreads
Event: 0.656 Executing VM operation: HandshakeAllThreads done
Event: 0.689 Executing VM operation: ICBufferFull
Event: 0.689 Executing VM operation: ICBufferFull done
Event: 0.771 Executing VM operation: ParallelGCFailedAllocation
Event: 0.778 Executing VM operation: ParallelGCFailedAllocation done
Event: 0.998 Executing VM operation: HandshakeAllThreads
Event: 0.998 Executing VM operation: HandshakeAllThreads done
Event: 0.998 Executing VM operation: HandshakeAllThreads
Event: 0.998 Executing VM operation: HandshakeAllThreads done
Event: 1.005 Executing VM operation: HandshakeAllThreads
Event: 1.005 Executing VM operation: HandshakeAllThreads done
Event: 1.015 Executing VM operation: HandshakeAllThreads
Event: 1.015 Executing VM operation: HandshakeAllThreads done
Event: 1.214 Executing VM operation: ICBufferFull
Event: 1.215 Executing VM operation: ICBufferFull done
Event: 1.263 Executing VM operation: HandshakeAllThreads
Event: 1.263 Executing VM operation: HandshakeAllThreads done
Event: 1.304 Executing VM operation: ParallelGCFailedAllocation
Event: 1.311 Executing VM operation: ParallelGCFailedAllocation done

Events (20 events):
Event: 1.510 loading class java/util/Collections$ReverseComparator2 done
Event: 1.548 loading class java/text/SimpleDateFormat
Event: 1.548 loading class java/text/DateFormat
Event: 1.549 loading class java/text/Format
Event: 1.549 loading class java/text/Format done
Event: 1.549 loading class java/text/DateFormat done
Event: 1.549 loading class java/text/SimpleDateFormat done
Event: 1.549 loading class java/text/DateFormat$Field
Event: 1.549 loading class java/text/Format$Field
Event: 1.549 loading class java/text/AttributedCharacterIterator$Attribute
Event: 1.549 loading class java/text/AttributedCharacterIterator$Attribute done
Event: 1.549 loading class java/text/Format$Field done
Event: 1.549 loading class java/text/DateFormat$Field done
Event: 1.549 loading class java/util/Locale$Category
Event: 1.549 loading class java/util/Locale$Category done
Event: 1.550 loading class java/util/Calendar
Event: 1.550 loading class java/util/Calendar done
Event: 1.550 loading class java/util/TimeZone
Event: 1.550 loading class java/util/TimeZone done
Event: 1.551 loading class sun/util/calendar/ZoneInfo


Dynamic libraries:
0x00007ff7a84a0000 - 0x00007ff7a84ae000 	c:\Users\Administrator\.vscode\extensions\redhat.java-1.18.0-win32-x64\jre\17.0.7-win32-x86_64\bin\java.exe
0x00007ffead470000 - 0x00007ffead665000 	C:\windows\SYSTEM32\ntdll.dll
0x00007ffeac0b0000 - 0x00007ffeac16e000 	C:\windows\System32\KERNEL32.DLL
0x00007ffeaab90000 - 0x00007ffeaae58000 	C:\windows\System32\KERNELBASE.dll
0x00007ffeab230000 - 0x00007ffeab330000 	C:\windows\System32\ucrtbase.dll
0x00007ffe8f510000 - 0x00007ffe8f527000 	c:\Users\Administrator\.vscode\extensions\redhat.java-1.18.0-win32-x64\jre\17.0.7-win32-x86_64\bin\jli.dll
0x00007ffeac960000 - 0x00007ffeacb00000 	C:\windows\System32\USER32.dll
0x00007ffeab000000 - 0x00007ffeab022000 	C:\windows\System32\win32u.dll
0x00007ffead250000 - 0x00007ffead27b000 	C:\windows\System32\GDI32.dll
0x00007ffeaae60000 - 0x00007ffeaaf6b000 	C:\windows\System32\gdi32full.dll
0x00007ffeab030000 - 0x00007ffeab0cd000 	C:\windows\System32\msvcp_win.dll
0x00007ffe8d7d0000 - 0x00007ffe8d7e9000 	c:\Users\Administrator\.vscode\extensions\redhat.java-1.18.0-win32-x64\jre\17.0.7-win32-x86_64\bin\VCRUNTIME140.dll
0x00007ffe97260000 - 0x00007ffe974fa000 	C:\windows\WinSxS\amd64_microsoft.windows.common-controls_6595b64144ccf1df_6.0.19041.1110_none_60b5254171f9507e\COMCTL32.dll
0x00007ffeacc40000 - 0x00007ffeaccde000 	C:\windows\System32\msvcrt.dll
0x00007ffeaba60000 - 0x00007ffeaba90000 	C:\windows\System32\IMM32.DLL
0x000000005fae0000 - 0x000000005faec000 	C:\Program Files (x86)\360\360Safe\safemon\SafeWrapper.dll
0x00007ffeabca0000 - 0x00007ffeabd4e000 	C:\windows\System32\ADVAPI32.dll
0x00007ffeac8c0000 - 0x00007ffeac95c000 	C:\windows\System32\sechost.dll
0x00007ffeacd60000 - 0x00007ffeace85000 	C:\windows\System32\RPCRT4.dll
0x00007ffe99200000 - 0x00007ffe99292000 	C:\Program Files (x86)\360\360Safe\safemon\libzdtp64.dll
0x00007ffeac170000 - 0x00007ffeac8b4000 	C:\windows\System32\SHELL32.dll
0x00007ffeaba90000 - 0x00007ffeabae5000 	C:\windows\System32\SHLWAPI.dll
0x00007ffeaa730000 - 0x00007ffeaa73a000 	C:\windows\SYSTEM32\VERSION.dll
0x00007ffe9a8c0000 - 0x00007ffe9a8cc000 	c:\Users\Administrator\.vscode\extensions\redhat.java-1.18.0-win32-x64\jre\17.0.7-win32-x86_64\bin\vcruntime140_1.dll
0x00007ffe71140000 - 0x00007ffe711d1000 	c:\Users\Administrator\.vscode\extensions\redhat.java-1.18.0-win32-x64\jre\17.0.7-win32-x86_64\bin\msvcp140.dll
0x00007ffe44670000 - 0x00007ffe452b8000 	c:\Users\Administrator\.vscode\extensions\redhat.java-1.18.0-win32-x64\jre\17.0.7-win32-x86_64\bin\server\jvm.dll
0x00007ffea1d40000 - 0x00007ffea1d49000 	C:\windows\SYSTEM32\WSOCK32.dll
0x00007ffea25c0000 - 0x00007ffea25e7000 	C:\windows\SYSTEM32\WINMM.dll
0x00007ffeabf00000 - 0x00007ffeabf6b000 	C:\windows\System32\WS2_32.dll
0x00007ffea8a10000 - 0x00007ffea8a22000 	C:\windows\SYSTEM32\kernel.appcore.dll
0x00007ffe9a880000 - 0x00007ffe9a88a000 	c:\Users\Administrator\.vscode\extensions\redhat.java-1.18.0-win32-x64\jre\17.0.7-win32-x86_64\bin\jimage.dll
0x00007ffea0330000 - 0x00007ffea0514000 	C:\windows\SYSTEM32\DBGHELP.DLL
0x00007ffe971b0000 - 0x00007ffe971dc000 	C:\windows\SYSTEM32\dbgcore.DLL
0x00007ffeaaf70000 - 0x00007ffeaaff2000 	C:\windows\System32\bcryptPrimitives.dll
0x00007ffe97f20000 - 0x00007ffe97f2e000 	c:\Users\Administrator\.vscode\extensions\redhat.java-1.18.0-win32-x64\jre\17.0.7-win32-x86_64\bin\instrument.dll
0x00007ffe84360000 - 0x00007ffe84385000 	c:\Users\Administrator\.vscode\extensions\redhat.java-1.18.0-win32-x64\jre\17.0.7-win32-x86_64\bin\java.dll
0x00007ffe8ad40000 - 0x00007ffe8ad58000 	c:\Users\Administrator\.vscode\extensions\redhat.java-1.18.0-win32-x64\jre\17.0.7-win32-x86_64\bin\zip.dll
0x00007ffea8c10000 - 0x00007ffea93a4000 	C:\windows\SYSTEM32\windows.storage.dll
0x00007ffeacef0000 - 0x00007ffead244000 	C:\windows\System32\combase.dll
0x00007ffeaa4a0000 - 0x00007ffeaa4cc000 	C:\windows\SYSTEM32\Wldp.dll
0x00007ffeab4e0000 - 0x00007ffeab58d000 	C:\windows\System32\SHCORE.dll
0x00007ffeaaad0000 - 0x00007ffeaaaef000 	C:\windows\SYSTEM32\profapi.dll
0x00007ffe71f60000 - 0x00007ffe71f79000 	C:\Users\Administrator\.vscode\extensions\redhat.java-1.18.0-win32-x64\jre\17.0.7-win32-x86_64\bin\net.dll
0x00007ffea1b00000 - 0x00007ffea1c09000 	C:\windows\SYSTEM32\WINHTTP.dll
0x00007ffeaa280000 - 0x00007ffeaa2ea000 	C:\windows\system32\mswsock.dll
0x00007ffe71f40000 - 0x00007ffe71f55000 	C:\Users\Administrator\.vscode\extensions\redhat.java-1.18.0-win32-x64\jre\17.0.7-win32-x86_64\bin\nio.dll
0x00007ffe91740000 - 0x00007ffe91750000 	c:\Users\Administrator\.vscode\extensions\redhat.java-1.18.0-win32-x64\jre\17.0.7-win32-x86_64\bin\verify.dll
0x00007ffe711f0000 - 0x00007ffe7122e000 	C:\Users\Administrator\AppData\Roaming\Code\User\globalStorage\redhat.java\1.18.0\config_win\org.eclipse.equinox.launcher\org.eclipse.equinox.launcher.win32.win32.x86_64_1.2.700.v20221108-1024\eclipse_11801.dll
0x00007ffeacb10000 - 0x00007ffeacc3a000 	C:\windows\System32\ole32.dll

dbghelp: loaded successfully - version: 4.0.5 - missing functions: none
symbol engine: initialized successfully - sym options: 0x614 - pdb path: .;c:\Users\Administrator\.vscode\extensions\redhat.java-1.18.0-win32-x64\jre\17.0.7-win32-x86_64\bin;C:\windows\SYSTEM32;C:\windows\WinSxS\amd64_microsoft.windows.common-controls_6595b64144ccf1df_6.0.19041.1110_none_60b5254171f9507e;C:\Program Files (x86)\360\360Safe\safemon;c:\Users\Administrator\.vscode\extensions\redhat.java-1.18.0-win32-x64\jre\17.0.7-win32-x86_64\bin\server;C:\Users\Administrator\AppData\Roaming\Code\User\globalStorage\redhat.java\1.18.0\config_win\org.eclipse.equinox.launcher\org.eclipse.equinox.launcher.win32.win32.x86_64_1.2.700.v20221108-1024

VM Arguments:
jvm_args: --add-modules=ALL-SYSTEM --add-opens=java.base/java.util=ALL-UNNAMED --add-opens=java.base/java.lang=ALL-UNNAMED --add-opens=java.base/sun.nio.fs=ALL-UNNAMED -Declipse.application=org.eclipse.jdt.ls.core.id1 -Dosgi.bundles.defaultStartLevel=4 -Declipse.product=org.eclipse.jdt.ls.core.product -Djava.import.generatesMetadataFilesAtProjectRoot=false -Dfile.encoding=utf8 -XX:+UseParallelGC -XX:GCTimeRatio=4 -XX:AdaptiveSizePolicyWeight=90 -Dsun.zip.disableMemoryMapping=true -Xmx1G -Xms100m -Xlog:disable -javaagent:c:\Users\Administrator\.vscode\extensions\redhat.java-1.18.0-win32-x64\lombok\lombok-1.18.27.jar -XX:+HeapDumpOnOutOfMemoryError -XX:HeapDumpPath=c:\Users\Administrator\AppData\Roaming\Code\User\workspaceStorage\0b4fc39f22b7432ed661c19a9ed79657\redhat.java -Daether.dependencyCollector.impl=bf 
java_command: c:\Users\Administrator\.vscode\extensions\redhat.java-1.18.0-win32-x64\server\plugins\org.eclipse.equinox.launcher_1.6.400.v20210924-0641.jar -configuration c:\Users\Administrator\AppData\Roaming\Code\User\globalStorage\redhat.java\1.18.0\config_win -data c:\Users\Administrator\AppData\Roaming\Code\User\workspaceStorage\0b4fc39f22b7432ed661c19a9ed79657\redhat.java\jdt_ws
java_class_path (initial): c:\Users\Administrator\.vscode\extensions\redhat.java-1.18.0-win32-x64\server\plugins\org.eclipse.equinox.launcher_1.6.400.v20210924-0641.jar
Launcher Type: SUN_STANDARD

[Global flags]
    uintx AdaptiveSizePolicyWeight                 = 90                                        {product} {command line}
     intx CICompilerCount                          = 4                                         {product} {ergonomic}
    uintx GCTimeRatio                              = 4                                         {product} {command line}
     bool HeapDumpOnOutOfMemoryError               = true                                   {manageable} {command line}
    ccstr HeapDumpPath                             = c:\Users\Administrator\AppData\Roaming\Code\User\workspaceStorage\0b4fc39f22b7432ed661c19a9ed79657\redhat.java         {manageable} {command line}
   size_t InitialHeapSize                          = 104857600                                 {product} {command line}
   size_t MaxHeapSize                              = 1073741824                                {product} {command line}
   size_t MaxNewSize                               = 357564416                                 {product} {ergonomic}
   size_t MinHeapDeltaBytes                        = 524288                                    {product} {ergonomic}
   size_t MinHeapSize                              = 104857600                                 {product} {command line}
   size_t NewSize                                  = 34603008                                  {product} {ergonomic}
    uintx NonNMethodCodeHeapSize                   = 5839372                                {pd product} {ergonomic}
    uintx NonProfiledCodeHeapSize                  = 122909434                              {pd product} {ergonomic}
   size_t OldSize                                  = 70254592                                  {product} {ergonomic}
    uintx ProfiledCodeHeapSize                     = 122909434                              {pd product} {ergonomic}
    uintx ReservedCodeCacheSize                    = 251658240                              {pd product} {ergonomic}
     bool SegmentedCodeCache                       = true                                      {product} {ergonomic}
   size_t SoftMaxHeapSize                          = 1073741824                             {manageable} {ergonomic}
     bool UseCompressedClassPointers               = true                           {product lp64_product} {ergonomic}
     bool UseCompressedOops                        = true                           {product lp64_product} {ergonomic}
     bool UseLargePagesIndividualAllocation        = false                                  {pd product} {ergonomic}
     bool UseParallelGC                            = true                                      {product} {command line}

Logging:
Log output configuration:
 #0: stdout all=off uptime,level,tags
 #1: stderr all=off uptime,level,tags

Environment Variables:
JAVA_HOME=C:\Program Files\Java\jdk-11
CLASSPATH=.;C:\Program Files\Java\jdk-11libdt.jar;C:\Program Files\Java\jdk-11lib ools.jar
PATH=C:\Program Files (x86)\Common Files\Intel\Shared Libraries\redist\intel64\compiler;C:\Program Files\Common Files\Oracle\Java\javapath;C:\Python311\Scripts\;C:\Python311\;C:\windows\system32;C:\windows;C:\windows\System32\Wbem;C:\windows\System32\WindowsPowerShell\v1.0\;C:\windows\System32\OpenSSH\;C:\ProgramData\chocolatey\bin;C:\Program Files\Java\jdk-11\bin;C:\Program Files\Java\jdk-11\jrein;C:\Program Files\nodejs\;C:\Program Files (x86)\NVIDIA Corporation\PhysX\Common;C:\Program Files\NVIDIA Corporation\NVIDIA NvDLISR;C:\Program Files\Git\cmd;C:\Users\Administrator\AppData\Local\Microsoft\WindowsApps;C:\Users\Administrator\AppData\Local\Programs\Microsoft VS Code\bin;C:\Users\Administrator\AppData\Roaming\npm;C:\Users\Administrator\AppData\Local\Android\Sdk\emulator;C:\Users\Administrator\AppData\Local\Android\Sdk\tools\bin;C:\Users\Administrator\AppData\Local\Android\Sdk\platform-tools;C:\Program Files\OpenSSL-Win64\bin;
USERNAME=Administrator
OS=Windows_NT
PROCESSOR_IDENTIFIER=Intel64 Family 6 Model 165 Stepping 3, GenuineIntel
TMP=C:\Users\ADMINI~1\AppData\Local\Temp
TEMP=C:\Users\ADMINI~1\AppData\Local\Temp



---------------  S Y S T E M  ---------------

OS:
 Windows 10 , 64 bit Build 19041 (10.0.19041.1566)
OS uptime: 0 days 14:30 hours
Hyper-V role detected

CPU: total 12 (initial active 12) (6 cores per cpu, 2 threads per core) family 6 model 165 stepping 3 microcode 0xf0, cx8, cmov, fxsr, ht, mmx, 3dnowpref, sse, sse2, sse3, ssse3, sse4.1, sse4.2, popcnt, lzcnt, tsc, tscinvbit, avx, avx2, aes, erms, clmul, bmi1, bmi2, adx, fma, vzeroupper, clflush, clflushopt, hv

Memory: 4k page, system-wide physical 8107M (2461M free)
TotalPageFile size 27308M (AvailPageFile size 235M)
current process WorkingSet (physical memory assigned to process): 104M, peak: 104M
current process commit charge ("private bytes"): 224M, peak: 224M

vm_info: OpenJDK 64-Bit Server VM (17.0.7+7) for windows-amd64 JRE (17.0.7+7), built on Apr 18 2023 22:10:42 by "temurin" with MS VC++ 16.7 (VS2019)

END.
